#
# There is insufficient memory for the Java Runtime Environment to continue.
# Native memory allocation (malloc) failed to allocate 99090432 bytes for committing reserved memory.
# Possible reasons:
#   The system is out of physical RAM or swap space
#   In 32 bit mode, the process size limit was hit
# Possible solutions:
#   Reduce memory load on the system
#   Increase physical memory or swap space
#   Check if swap backing store is full
#   Use 64 bit Java on a 64 bit OS
#   Decrease Java heap size (-Xmx/-Xms)
#   Decrease number of Java threads
#   Decrease Java thread stack sizes (-Xss)
#   Set larger code cache with -XX:ReservedCodeCacheSize=
# This output file may be truncated or incomplete.
#
#  Out of Memory Error (os_linux.cpp:2827), pid=13169, tid=140460603160320
#
# JRE version: OpenJDK Runtime Environment (7.0_101) (build 1.7.0_101-b00)
# Java VM: OpenJDK 64-Bit Server VM (24.95-b01 mixed mode linux-amd64 compressed oops)
# Derivative: IcedTea 2.6.6
# Distribution: Ubuntu 14.04 LTS, package 7u101-2.6.6-0ubuntu0.14.04.1
# Failed to write core dump. Core dumps have been disabled. To enable core dumping, try "ulimit -c unlimited" before starting Java again
#

---------------  T H R E A D  ---------------

Current thread (0x00007fbf8c076000):  VMThread [stack: 0x00007fbf884b3000,0x00007fbf885b4000] [id=13178]

Stack: [0x00007fbf884b3000,0x00007fbf885b4000],  sp=0x00007fbf885b2490,  free space=1021k
Native frames: (J=compiled Java code, j=interpreted, Vv=VM code, C=native code)
V  [libjvm.so+0x955705]
V  [libjvm.so+0x490c44]
V  [libjvm.so+0x7d0c9b]
V  [libjvm.so+0x7cb75f]
V  [libjvm.so+0x83ee5b]
V  [libjvm.so+0x82f0ab]
V  [libjvm.so+0x82f26b]
V  [libjvm.so+0x830198]
V  [libjvm.so+0x836a44]
V  [libjvm.so+0x83cf9d]
V  [libjvm.so+0x7f34a3]
V  [libjvm.so+0x957104]
V  [libjvm.so+0x95b207]
V  [libjvm.so+0x959cc8]
V  [libjvm.so+0x95a129]
V  [libjvm.so+0x95a572]
V  [libjvm.so+0x7cdb62]

VM_Operation (0x00007fbf7b8b4fe0): ParallelGCFailedAllocation, mode: safepoint, requested by thread 0x00007fbf8c1bb000


---------------  P R O C E S S  ---------------

Java Threads: ( => current thread )
  0x00007fbf8c1bb000 JavaThread "pool-2-thread-4" [_thread_blocked, id=13195, stack(0x00007fbf7b7b6000,0x00007fbf7b8b7000)]
  0x00007fbf8c1b9000 JavaThread "pool-2-thread-3" [_thread_blocked, id=13194, stack(0x00007fbf7b8b7000,0x00007fbf7b9b8000)]
  0x00007fbf8c1b8000 JavaThread "pool-2-thread-2" [_thread_blocked, id=13193, stack(0x00007fbf7b9b8000,0x00007fbf7bab9000)]
  0x00007fbf8c1a9000 JavaThread "pool-3-thread-1" [_thread_blocked, id=13192, stack(0x00007fbf7bab9000,0x00007fbf7bbba000)]
  0x00007fbf8c1a6000 JavaThread "pool-2-thread-1" [_thread_blocked, id=13191, stack(0x00007fbf80098000,0x00007fbf80199000)]
  0x00007fbf8c0b0800 JavaThread "Service Thread" daemon [_thread_blocked, id=13186, stack(0x00007fbf81603000,0x00007fbf81704000)]
  0x00007fbf8c0ae000 JavaThread "C2 CompilerThread1" daemon [_thread_blocked, id=13183, stack(0x00007fbf81704000,0x00007fbf81805000)]
  0x00007fbf8c0ab800 JavaThread "C2 CompilerThread0" daemon [_thread_blocked, id=13182, stack(0x00007fbf880af000,0x00007fbf881b0000)]
  0x00007fbf8c0a9000 JavaThread "Signal Dispatcher" daemon [_thread_blocked, id=13181, stack(0x00007fbf881b0000,0x00007fbf882b1000)]
  0x00007fbf8c07c800 JavaThread "Finalizer" daemon [_thread_blocked, id=13180, stack(0x00007fbf882b1000,0x00007fbf883b2000)]
  0x00007fbf8c07a800 JavaThread "Reference Handler" daemon [_thread_blocked, id=13179, stack(0x00007fbf883b2000,0x00007fbf884b3000)]
  0x00007fbf8c00a800 JavaThread "main" [_thread_blocked, id=13171, stack(0x00007fbf94681000,0x00007fbf94782000)]

Other Threads:
=>0x00007fbf8c076000 VMThread [stack: 0x00007fbf884b3000,0x00007fbf885b4000] [id=13178]
  0x00007fbf8c0bb000 WatcherThread [stack: 0x00007fbf81502000,0x00007fbf81603000] [id=13188]

VM state:at safepoint (normal execution)

VM Mutex/Monitor currently owned by a thread:  ([mutex/lock_event])
[0x00007fbf8c006440] ExpandHeap_lock - owner thread: 0x00007fbf8c076000
[0x00007fbf8c006ac0] Threads_lock - owner thread: 0x00007fbf8c076000
[0x00007fbf8c006fc0] Heap_lock - owner thread: 0x00007fbf8c1bb000

Heap
 PSYoungGen      total 222208K, used 0K [0x00000000eaa80000, 0x0000000100000000, 0x0000000100000000)
  eden space 117248K, 0% used [0x00000000eaa80000,0x00000000eaa80000,0x00000000f1d00000)
  from space 104960K, 0% used [0x00000000f9980000,0x00000000f9980000,0x0000000100000000)
  to   space 116224K, 0% used [0x00000000f1d00000,0x00000000f1d00000,0x00000000f8e80000)
 ParOldGen       total 402944K, used 311760K [0x00000000c0000000, 0x00000000d8980000, 0x00000000eaa80000)
  object space 402944K, 77% used [0x00000000c0000000,0x00000000d3074200,0x00000000d8980000)
 PSPermGen       total 21504K, used 6518K [0x00000000b5a00000, 0x00000000b6f00000, 0x00000000c0000000)
  object space 21504K, 30% used [0x00000000b5a00000,0x00000000b605db70,0x00000000b6f00000)

Card table byte_map: [0x00007fbf91066000,0x00007fbf912ba000] byte_map_base: 0x00007fbf90ab9000

Polling page: 0x00007fbf947a5000

Code Cache  [0x00007fbf89000000, 0x00007fbf89410000, 0x00007fbf8c000000)
 total_blobs=1281 nmethods=1050 adapters=184 free_code_cache=45269Kb largest_free_block=46078912

Compilation events (10 events):
Event: 17,042 Thread 0x00007fbf8c0ae000 nmethod 1061 0x00007fbf8918a150 code [0x00007fbf8918a8e0, 0x00007fbf8918eb78]
Event: 17,043 Thread 0x00007fbf8c0ae000 1077             java.util.HashMap$EntrySet::<init> (6 bytes)
Event: 17,044 Thread 0x00007fbf8c0ae000 nmethod 1077 0x00007fbf8931bad0 code [0x00007fbf8931bc00, 0x00007fbf8931bc78]
Event: 17,044 Thread 0x00007fbf8c0ae000 1078             com.android.dx.dex.code.OutputCollector::<init> (34 bytes)
Event: 17,051 Thread 0x00007fbf8c0ae000 nmethod 1078 0x00007fbf893fb290 code [0x00007fbf893fb400, 0x00007fbf893fb818]
Event: 17,052 Thread 0x00007fbf8c0ae000 1079             com.android.dx.cf.code.Simulator$SimVisitor::<init> (23 bytes)
Event: 17,062 Thread 0x00007fbf8c0ae000 nmethod 1079 0x00007fbf894029d0 code [0x00007fbf89402b00, 0x00007fbf89402b98]
Event: 17,062 Thread 0x00007fbf8c0ae000 1080             com.android.dx.rop.code.DexTranslationAdvice::getMaxOptimalRegisterCount (3 bytes)
Event: 17,062 Thread 0x00007fbf8c0ae000 nmethod 1080 0x00007fbf89402790 code [0x00007fbf894028c0, 0x00007fbf89402918]
Event: 17,062 Thread 0x00007fbf8c0ae000 1081             com.android.dx.cf.code.Frame::<init> (21 bytes)

GC Heap History (10 events):
Event: 14,322 GC heap after
Heap after GC invocations=18 (full 3):
 PSYoungGen      total 236544K, used 76082K [0x00000000eaa80000, 0x0000000100000000, 0x0000000100000000)
  eden space 160256K, 0% used [0x00000000eaa80000,0x00000000eaa80000,0x00000000f4700000)
  from space 76288K, 99% used [0x00000000f4700000,0x00000000f914c808,0x00000000f9180000)
  to   space 104960K, 0% used [0x00000000f9980000,0x00000000f9980000,0x0000000100000000)
 ParOldGen       total 240128K, used 239867K [0x00000000c0000000, 0x00000000cea80000, 0x00000000eaa80000)
  object space 240128K, 99% used [0x00000000c0000000,0x00000000cea3ee58,0x00000000cea80000)
 PSPermGen       total 21504K, used 6517K [0x00000000b5a00000, 0x00000000b6f00000, 0x00000000c0000000)
  object space 21504K, 30% used [0x00000000b5a00000,0x00000000b605d588,0x00000000b6f00000)
}
Event: 14,322 GC heap before
{Heap before GC invocations=19 (full 4):
 PSYoungGen      total 236544K, used 76082K [0x00000000eaa80000, 0x0000000100000000, 0x0000000100000000)
  eden space 160256K, 0% used [0x00000000eaa80000,0x00000000eaa80000,0x00000000f4700000)
  from space 76288K, 99% used [0x00000000f4700000,0x00000000f914c808,0x00000000f9180000)
  to   space 104960K, 0% used [0x00000000f9980000,0x00000000f9980000,0x0000000100000000)
 ParOldGen       total 240128K, used 239867K [0x00000000c0000000, 0x00000000cea80000, 0x00000000eaa80000)
  object space 240128K, 99% used [0x00000000c0000000,0x00000000cea3ee58,0x00000000cea80000)
 PSPermGen       total 21504K, used 6517K [0x00000000b5a00000, 0x00000000b6f00000, 0x00000000c0000000)
  object space 21504K, 30% used [0x00000000b5a00000,0x00000000b605d588,0x00000000b6f00000)
Event: 15,040 GC heap after
Heap after GC invocations=19 (full 4):
 PSYoungGen      total 236544K, used 62448K [0x00000000eaa80000, 0x0000000100000000, 0x0000000100000000)
  eden space 160256K, 0% used [0x00000000eaa80000,0x00000000eaa80000,0x00000000f4700000)
  from space 76288K, 81% used [0x00000000f4700000,0x00000000f83fc160,0x00000000f9180000)
  to   space 104960K, 0% used [0x00000000f9980000,0x00000000f9980000,0x0000000100000000)
 ParOldGen       total 372736K, used 239879K [0x00000000c0000000, 0x00000000d6c00000, 0x00000000eaa80000)
  object space 372736K, 64% used [0x00000000c0000000,0x00000000cea41ee8,0x00000000d6c00000)
 PSPermGen       total 21504K, used 6517K [0x00000000b5a00000, 0x00000000b6f00000, 0x00000000c0000000)
  object space 21504K, 30% used [0x00000000b5a00000,0x00000000b605d508,0x00000000b6f00000)
}
Event: 15,856 GC heap before
{Heap before GC invocations=20 (full 4):
 PSYoungGen      total 236544K, used 222704K [0x00000000eaa80000, 0x0000000100000000, 0x0000000100000000)
  eden space 160256K, 100% used [0x00000000eaa80000,0x00000000f4700000,0x00000000f4700000)
  from space 76288K, 81% used [0x00000000f4700000,0x00000000f83fc160,0x00000000f9180000)
  to   space 104960K, 0% used [0x00000000f9980000,0x00000000f9980000,0x0000000100000000)
 ParOldGen       total 372736K, used 239879K [0x00000000c0000000, 0x00000000d6c00000, 0x00000000eaa80000)
  object space 372736K, 64% used [0x00000000c0000000,0x00000000cea41ee8,0x00000000d6c00000)
 PSPermGen       total 21504K, used 6518K [0x00000000b5a00000, 0x00000000b6f00000, 0x00000000c0000000)
  object space 21504K, 30% used [0x00000000b5a00000,0x00000000b605da90,0x00000000b6f00000)
Event: 15,982 GC heap after
Heap after GC invocations=20 (full 4):
 PSYoungGen      total 249856K, used 23901K [0x00000000eaa80000, 0x0000000100000000, 0x0000000100000000)
  eden space 144896K, 0% used [0x00000000eaa80000,0x00000000eaa80000,0x00000000f3800000)
  from space 104960K, 22% used [0x00000000f9980000,0x00000000fb0d74f0,0x0000000100000000)
  to   space 99840K, 0% used [0x00000000f3800000,0x00000000f3800000,0x00000000f9980000)
 ParOldGen       total 372736K, used 304369K [0x00000000c0000000, 0x00000000d6c00000, 0x00000000eaa80000)
  object space 372736K, 81% used [0x00000000c0000000,0x00000000d293c608,0x00000000d6c00000)
 PSPermGen       total 21504K, used 6518K [0x00000000b5a00000, 0x00000000b6f00000, 0x00000000c0000000)
  object space 21504K, 30% used [0x00000000b5a00000,0x00000000b605da90,0x00000000b6f00000)
}
Event: 16,722 GC heap before
{Heap before GC invocations=21 (full 4):
 PSYoungGen      total 249856K, used 168797K [0x00000000eaa80000, 0x0000000100000000, 0x0000000100000000)
  eden space 144896K, 100% used [0x00000000eaa80000,0x00000000f3800000,0x00000000f3800000)
  from space 104960K, 22% used [0x00000000f9980000,0x00000000fb0d74f0,0x0000000100000000)
  to   space 99840K, 0% used [0x00000000f3800000,0x00000000f3800000,0x00000000f9980000)
 ParOldGen       total 372736K, used 305152K [0x00000000c0000000, 0x00000000d6c00000, 0x00000000eaa80000)
  object space 372736K, 81% used [0x00000000c0000000,0x00000000d2a000b8,0x00000000d6c00000)
 PSPermGen       total 21504K, used 6519K [0x00000000b5a00000, 0x00000000b6f00000, 0x00000000c0000000)
  object space 21504K, 30% used [0x00000000b5a00000,0x00000000b605dc10,0x00000000b6f00000)
Event: 16,807 GC heap after
Heap after GC invocations=21 (full 4):
 PSYoungGen      total 244736K, used 99829K [0x00000000eaa80000, 0x0000000100000000, 0x0000000100000000)
  eden space 144896K, 0% used [0x00000000eaa80000,0x00000000eaa80000,0x00000000f3800000)
  from space 99840K, 99% used [0x00000000f3800000,0x00000000f997d5c0,0x00000000f9980000)
  to   space 104960K, 0% used [0x00000000f9980000,0x00000000f9980000,0x0000000100000000)
 ParOldGen       total 372736K, used 306167K [0x00000000c0000000, 0x00000000d6c00000, 0x00000000eaa80000)
  object space 372736K, 82% used [0x00000000c0000000,0x00000000d2afdf30,0x00000000d6c00000)
 PSPermGen       total 21504K, used 6519K [0x00000000b5a00000, 0x00000000b6f00000, 0x00000000c0000000)
  object space 21504K, 30% used [0x00000000b5a00000,0x00000000b605dc10,0x00000000b6f00000)
}
Event: 17,071 GC heap before
{Heap before GC invocations=22 (full 4):
 PSYoungGen      total 244736K, used 244725K [0x00000000eaa80000, 0x0000000100000000, 0x0000000100000000)
  eden space 144896K, 100% used [0x00000000eaa80000,0x00000000f3800000,0x00000000f3800000)
  from space 99840K, 99% used [0x00000000f3800000,0x00000000f997d5c0,0x00000000f9980000)
  to   space 104960K, 0% used [0x00000000f9980000,0x00000000f9980000,0x0000000100000000)
 ParOldGen       total 372736K, used 306182K [0x00000000c0000000, 0x00000000d6c00000, 0x00000000eaa80000)
  object space 372736K, 82% used [0x00000000c0000000,0x00000000d2b01890,0x00000000d6c00000)
 PSPermGen       total 21504K, used 6519K [0x00000000b5a00000, 0x00000000b6f00000, 0x00000000c0000000)
  object space 21504K, 30% used [0x00000000b5a00000,0x00000000b605dc10,0x00000000b6f00000)
Event: 17,227 GC heap after
Heap after GC invocations=22 (full 4):
 PSYoungGen      total 222208K, used 79002K [0x00000000eaa80000, 0x0000000100000000, 0x0000000100000000)
  eden space 117248K, 0% used [0x00000000eaa80000,0x00000000eaa80000,0x00000000f1d00000)
  from space 104960K, 75% used [0x00000000f9980000,0x00000000fe6a6810,0x0000000100000000)
  to   space 116224K, 0% used [0x00000000f1d00000,0x00000000f1d00000,0x00000000f8e80000)
 ParOldGen       total 402944K, used 402292K [0x00000000c0000000, 0x00000000d8980000, 0x00000000eaa80000)
  object space 402944K, 99% used [0x00000000c0000000,0x00000000d88dd218,0x00000000d8980000)
 PSPermGen       total 21504K, used 6519K [0x00000000b5a00000, 0x00000000b6f00000, 0x00000000c0000000)
  object space 21504K, 30% used [0x00000000b5a00000,0x00000000b605dc10,0x00000000b6f00000)
}
Event: 17,227 GC heap before
{Heap before GC invocations=23 (full 5):
 PSYoungGen      total 222208K, used 79002K [0x00000000eaa80000, 0x0000000100000000, 0x0000000100000000)
  eden space 117248K, 0% used [0x00000000eaa80000,0x00000000eaa80000,0x00000000f1d00000)
  from space 104960K, 75% used [0x00000000f9980000,0x00000000fe6a6810,0x0000000100000000)
  to   space 116224K, 0% used [0x00000000f1d00000,0x00000000f1d00000,0x00000000f8e80000)
 ParOldGen       total 402944K, used 402292K [0x00000000c0000000, 0x00000000d8980000, 0x00000000eaa80000)
  object space 402944K, 99% used [0x00000000c0000000,0x00000000d88dd218,0x00000000d8980000)
 PSPermGen       total 21504K, used 6519K [0x00000000b5a00000, 0x00000000b6f00000, 0x00000000c0000000)
  object space 21504K, 30% used [0x00000000b5a00000,0x00000000b605dc10,0x00000000b6f00000)

Deoptimization events (10 events):
Event: 15,697 Thread 0x00007fbf8c1a6000 Uncommon trap: reason=class_check action=maybe_recompile pc=0x00007fbf8913c598 method=com.android.dx.util.BitIntSet.merge(Lcom/android/dx/util/IntSet;)V @ 1
Event: 15,697 Thread 0x00007fbf8c1a6000 Uncommon trap: reason=class_check action=maybe_recompile pc=0x00007fbf89147778 method=com.android.dx.ssa.back.InterferenceGraph.mergeInterferenceSet(ILcom/android/dx/util/IntSet;)V @ 20
Event: 15,697 Thread 0x00007fbf8c1a6000 Uncommon trap: reason=class_check action=maybe_recompile pc=0x00007fbf8913c598 method=com.android.dx.util.BitIntSet.merge(Lcom/android/dx/util/IntSet;)V @ 1
Event: 15,717 Thread 0x00007fbf8c1a6000 Uncommon trap: reason=class_check action=maybe_recompile pc=0x00007fbf891ea40c method=com.android.dx.ssa.back.InterferenceGraph.mergeInterferenceSet(ILcom/android/dx/util/IntSet;)V @ 20
Event: 15,717 Thread 0x00007fbf8c1a6000 Uncommon trap: reason=class_check action=maybe_recompile pc=0x00007fbf8913c598 method=com.android.dx.util.BitIntSet.merge(Lcom/android/dx/util/IntSet;)V @ 1
Event: 15,717 Thread 0x00007fbf8c1a6000 Uncommon trap: reason=class_check action=maybe_recompile pc=0x00007fbf89147778 method=com.android.dx.ssa.back.InterferenceGraph.mergeInterferenceSet(ILcom/android/dx/util/IntSet;)V @ 20
Event: 15,717 Thread 0x00007fbf8c1a6000 Uncommon trap: reason=class_check action=maybe_recompile pc=0x00007fbf8913ccd4 method=com.android.dx.ssa.back.InterferenceGraph.mergeInterferenceSet(ILcom/android/dx/util/IntSet;)V @ 20
Event: 15,782 Thread 0x00007fbf8c1b9000 Uncommon trap: reason=class_check action=maybe_recompile pc=0x00007fbf8921983c method=com.android.dx.ssa.back.InterferenceGraph.mergeInterferenceSet(ILcom/android/dx/util/IntSet;)V @ 20
Event: 16,146 Thread 0x00007fbf8c00a800 Uncommon trap: reason=unstable_if action=reinterpret pc=0x00007fbf89307b64 method=com.android.dx.ssa.back.FirstFitLocalCombiningAllocator.handleCheckCastResults()V @ 251
Event: 16,933 Thread 0x00007fbf8c1b9000 Uncommon trap: reason=class_check action=maybe_recompile pc=0x00007fbf892aea08 method=com.android.dx.ssa.SsaConverter.placePhiFunctions(Lcom/android/dx/ssa/SsaMethod;Lcom/android/dx/ssa/LocalVariableInfo;I)V @ 257

Internal exceptions (10 events):
Event: 4,011 Thread 0x00007fbf8c1bb000 Threw 0x00000000eb833668 at /build/openjdk-7-9duhBW/openjdk-7-7u101-2.6.6/build/openjdk/hotspot/src/share/vm/prims/jvm.cpp:1322
Event: 4,791 Thread 0x00007fbf8c00a800 Implicit null exception at 0x00007fbf890f3757 to 0x00007fbf890f3e39
Event: 5,853 Thread 0x00007fbf8c1b8000 Implicit null exception at 0x00007fbf89139e19 to 0x00007fbf8913e099
Event: 8,199 Thread 0x00007fbf8c00a800 Threw 0x00000000eb48c2e8 at /build/openjdk-7-9duhBW/openjdk-7-7u101-2.6.6/build/openjdk/hotspot/src/share/vm/prims/jvm.cpp:1322
Event: 8,853 Thread 0x00007fbf8c1a6000 Implicit null exception at 0x00007fbf8922bdf1 to 0x00007fbf8922f169
Event: 12,467 Thread 0x00007fbf8c1bb000 Implicit null exception at 0x00007fbf890ffe6b to 0x00007fbf89100e05
Event: 12,513 Thread 0x00007fbf8c00a800 Implicit null exception at 0x00007fbf893607af to 0x00007fbf893611a9
Event: 13,508 Thread 0x00007fbf8c00a800 Threw 0x00000000ebe7c680 at /build/openjdk-7-9duhBW/openjdk-7-7u101-2.6.6/build/openjdk/hotspot/src/share/vm/prims/jvm.cpp:1322
Event: 13,883 Thread 0x00007fbf8c1b8000 Threw 0x00000000f1e0c798 at /build/openjdk-7-9duhBW/openjdk-7-7u101-2.6.6/build/openjdk/hotspot/src/share/vm/prims/jvm.cpp:1322
Event: 13,933 Thread 0x00007fbf8c1b8000 Threw 0x00000000f1fd8ec0 at /build/openjdk-7-9duhBW/openjdk-7-7u101-2.6.6/build/openjdk/hotspot/src/share/vm/prims/jvm.cpp:1322

Events (10 events):
Event: 16,879 Thread 0x00007fbf8c0ab800 flushing nmethod 0x00007fbf890ff410
Event: 16,889 Thread 0x00007fbf8c0ab800 flushing nmethod 0x00007fbf89150ed0
Event: 16,890 Thread 0x00007fbf8c0ab800 flushing nmethod 0x00007fbf89183890
Event: 16,918 Thread 0x00007fbf8c0ab800 flushing nmethod 0x00007fbf8931b950
Event: 16,933 Thread 0x00007fbf8c1b9000 Uncommon trap: trap_request=0xffffffde fr.pc=0x00007fbf892aea08
Event: 16,933 Thread 0x00007fbf8c1b9000 DEOPT PACKING pc=0x00007fbf892aea08 sp=0x00007fbf7b9b61e0
Event: 16,933 Thread 0x00007fbf8c1b9000 DEOPT UNPACKING pc=0x00007fbf89039445 sp=0x00007fbf7b9b6198 mode 2
Event: 17,042 Thread 0x00007fbf8c0ae000 flushing nmethod 0x00007fbf89321ed0
Event: 17,044 Thread 0x00007fbf8c0ae000 flushing nmethod 0x00007fbf8935f7d0
Event: 17,068 Executing VM operation: ParallelGCFailedAllocation


Dynamic libraries:
00400000-00401000 r-xp 00000000 08:03 28837979                           /usr/lib/jvm/java-7-openjdk-amd64/jre/bin/java
00600000-00601000 r--p 00000000 08:03 28837979                           /usr/lib/jvm/java-7-openjdk-amd64/jre/bin/java
00601000-00602000 rw-p 00001000 08:03 28837979                           /usr/lib/jvm/java-7-openjdk-amd64/jre/bin/java
01cbe000-01cdf000 rw-p 00000000 00:00 0                                  [heap]
b5a00000-b6f00000 rw-p 00000000 00:00 0 
b6f00000-c0000000 rw-p 00000000 00:00 0 
c0000000-d8980000 rw-p 00000000 00:00 0 
de800000-eaa80000 rw-p 00000000 00:00 0 
eaa80000-100000000 rw-p 00000000 00:00 0 
7fbf3c000000-7fbf3c021000 rw-p 00000000 00:00 0 
7fbf3c021000-7fbf40000000 ---p 00000000 00:00 0 
7fbf40000000-7fbf40027000 rw-p 00000000 00:00 0 
7fbf40027000-7fbf44000000 ---p 00000000 00:00 0 
7fbf44000000-7fbf44021000 rw-p 00000000 00:00 0 
7fbf44021000-7fbf48000000 ---p 00000000 00:00 0 
7fbf48000000-7fbf48027000 rw-p 00000000 00:00 0 
7fbf48027000-7fbf4c000000 ---p 00000000 00:00 0 
7fbf4c000000-7fbf4c021000 rw-p 00000000 00:00 0 
7fbf4c021000-7fbf50000000 ---p 00000000 00:00 0 
7fbf50000000-7fbf50027000 rw-p 00000000 00:00 0 
7fbf50027000-7fbf54000000 ---p 00000000 00:00 0 
7fbf54000000-7fbf565fc000 rw-p 00000000 00:00 0 
7fbf565fc000-7fbf58000000 ---p 00000000 00:00 0 
7fbf58000000-7fbf58021000 rw-p 00000000 00:00 0 
7fbf58021000-7fbf5c000000 ---p 00000000 00:00 0 
7fbf5c000000-7fbf5c021000 rw-p 00000000 00:00 0 
7fbf5c021000-7fbf60000000 ---p 00000000 00:00 0 
7fbf60000000-7fbf61a19000 rw-p 00000000 00:00 0 
7fbf61a19000-7fbf64000000 ---p 00000000 00:00 0 
7fbf64000000-7fbf64021000 rw-p 00000000 00:00 0 
7fbf64021000-7fbf68000000 ---p 00000000 00:00 0 
7fbf68000000-7fbf68021000 rw-p 00000000 00:00 0 
7fbf68021000-7fbf6c000000 ---p 00000000 00:00 0 
7fbf6c000000-7fbf6c021000 rw-p 00000000 00:00 0 
7fbf6c021000-7fbf70000000 ---p 00000000 00:00 0 
7fbf70000000-7fbf70021000 rw-p 00000000 00:00 0 
7fbf70021000-7fbf74000000 ---p 00000000 00:00 0 
7fbf74000000-7fbf74021000 rw-p 00000000 00:00 0 
7fbf74021000-7fbf78000000 ---p 00000000 00:00 0 
7fbf7b7b6000-7fbf7b7b9000 ---p 00000000 00:00 0 
7fbf7b7b9000-7fbf7b8b7000 rw-p 00000000 00:00 0                          [stack:13195]
7fbf7b8b7000-7fbf7b8ba000 ---p 00000000 00:00 0 
7fbf7b8ba000-7fbf7b9b8000 rw-p 00000000 00:00 0                          [stack:13194]
7fbf7b9b8000-7fbf7b9bb000 ---p 00000000 00:00 0 
7fbf7b9bb000-7fbf7bab9000 rw-p 00000000 00:00 0                          [stack:13193]
7fbf7bab9000-7fbf7babc000 ---p 00000000 00:00 0 
7fbf7babc000-7fbf7bbba000 rw-p 00000000 00:00 0                          [stack:13192]
7fbf7bbba000-7fbf7bbf7000 r-xp 00000000 08:03 5247291                    /lib/x86_64-linux-gnu/libpcre.so.3.13.1
7fbf7bbf7000-7fbf7bdf6000 ---p 0003d000 08:03 5247291                    /lib/x86_64-linux-gnu/libpcre.so.3.13.1
7fbf7bdf6000-7fbf7bdf7000 r--p 0003c000 08:03 5247291                    /lib/x86_64-linux-gnu/libpcre.so.3.13.1
7fbf7bdf7000-7fbf7bdf8000 rw-p 0003d000 08:03 5247291                    /lib/x86_64-linux-gnu/libpcre.so.3.13.1
7fbf7bdf8000-7fbf7bdff000 r-xp 00000000 08:03 28712694                   /usr/lib/x86_64-linux-gnu/libffi.so.6.0.1
7fbf7bdff000-7fbf7bffe000 ---p 00007000 08:03 28712694                   /usr/lib/x86_64-linux-gnu/libffi.so.6.0.1
7fbf7bffe000-7fbf7bfff000 r--p 00006000 08:03 28712694                   /usr/lib/x86_64-linux-gnu/libffi.so.6.0.1
7fbf7bfff000-7fbf7c000000 rw-p 00007000 08:03 28712694                   /usr/lib/x86_64-linux-gnu/libffi.so.6.0.1
7fbf7c000000-7fbf7c021000 rw-p 00000000 00:00 0 
7fbf7c021000-7fbf80000000 ---p 00000000 00:00 0 
7fbf80098000-7fbf8009b000 ---p 00000000 00:00 0 
7fbf8009b000-7fbf801ca000 rw-p 00000000 00:00 0                          [stack:13191]
7fbf801ca000-7fbf801e1000 r-xp 00000000 08:03 5247314                    /lib/x86_64-linux-gnu/libresolv-2.19.so
7fbf801e1000-7fbf803e1000 ---p 00017000 08:03 5247314                    /lib/x86_64-linux-gnu/libresolv-2.19.so
7fbf803e1000-7fbf803e2000 r--p 00017000 08:03 5247314                    /lib/x86_64-linux-gnu/libresolv-2.19.so
7fbf803e2000-7fbf803e3000 rw-p 00018000 08:03 5247314                    /lib/x86_64-linux-gnu/libresolv-2.19.so
7fbf803e3000-7fbf803e5000 rw-p 00000000 00:00 0 
7fbf803e5000-7fbf80405000 r-xp 00000000 08:03 5247318                    /lib/x86_64-linux-gnu/libselinux.so.1
7fbf80405000-7fbf80604000 ---p 00020000 08:03 5247318                    /lib/x86_64-linux-gnu/libselinux.so.1
7fbf80604000-7fbf80605000 r--p 0001f000 08:03 5247318                    /lib/x86_64-linux-gnu/libselinux.so.1
7fbf80605000-7fbf80606000 rw-p 00020000 08:03 5247318                    /lib/x86_64-linux-gnu/libselinux.so.1
7fbf80606000-7fbf80608000 rw-p 00000000 00:00 0 
7fbf80608000-7fbf8060b000 r-xp 00000000 08:03 28712833                   /usr/lib/x86_64-linux-gnu/libgmodule-2.0.so.0.4002.0
7fbf8060b000-7fbf8080a000 ---p 00003000 08:03 28712833                   /usr/lib/x86_64-linux-gnu/libgmodule-2.0.so.0.4002.0
7fbf8080a000-7fbf8080b000 r--p 00002000 08:03 28712833                   /usr/lib/x86_64-linux-gnu/libgmodule-2.0.so.0.4002.0
7fbf8080b000-7fbf8080c000 rw-p 00003000 08:03 28712833                   /usr/lib/x86_64-linux-gnu/libgmodule-2.0.so.0.4002.0
7fbf8080c000-7fbf80912000 r-xp 00000000 08:03 5247218                    /lib/x86_64-linux-gnu/libglib-2.0.so.0.4002.0
7fbf80912000-7fbf80b11000 ---p 00106000 08:03 5247218                    /lib/x86_64-linux-gnu/libglib-2.0.so.0.4002.0
7fbf80b11000-7fbf80b12000 r--p 00105000 08:03 5247218                    /lib/x86_64-linux-gnu/libglib-2.0.so.0.4002.0
7fbf80b12000-7fbf80b13000 rw-p 00106000 08:03 5247218                    /lib/x86_64-linux-gnu/libglib-2.0.so.0.4002.0
7fbf80b13000-7fbf80b14000 rw-p 00000000 00:00 0 
7fbf80b14000-7fbf80b63000 r-xp 00000000 08:03 28712857                   /usr/lib/x86_64-linux-gnu/libgobject-2.0.so.0.4002.0
7fbf80b63000-7fbf80d63000 ---p 0004f000 08:03 28712857                   /usr/lib/x86_64-linux-gnu/libgobject-2.0.so.0.4002.0
7fbf80d63000-7fbf80d64000 r--p 0004f000 08:03 28712857                   /usr/lib/x86_64-linux-gnu/libgobject-2.0.so.0.4002.0
7fbf80d64000-7fbf80d65000 rw-p 00050000 08:03 28712857                   /usr/lib/x86_64-linux-gnu/libgobject-2.0.so.0.4002.0
7fbf80d65000-7fbf80ed1000 r-xp 00000000 08:03 28712819                   /usr/lib/x86_64-linux-gnu/libgio-2.0.so.0.4002.0
7fbf80ed1000-7fbf810d0000 ---p 0016c000 08:03 28712819                   /usr/lib/x86_64-linux-gnu/libgio-2.0.so.0.4002.0
7fbf810d0000-7fbf810d4000 r--p 0016b000 08:03 28712819                   /usr/lib/x86_64-linux-gnu/libgio-2.0.so.0.4002.0
7fbf810d4000-7fbf810d6000 rw-p 0016f000 08:03 28712819                   /usr/lib/x86_64-linux-gnu/libgio-2.0.so.0.4002.0
7fbf810d6000-7fbf810d8000 rw-p 00000000 00:00 0 
7fbf810d8000-7fbf810ef000 r-xp 00000000 08:03 28843097                   /usr/lib/jvm/java-7-openjdk-amd64/jre/lib/amd64/libnet.so
7fbf810ef000-7fbf812ee000 ---p 00017000 08:03 28843097                   /usr/lib/jvm/java-7-openjdk-amd64/jre/lib/amd64/libnet.so
7fbf812ee000-7fbf812ef000 r--p 00016000 08:03 28843097                   /usr/lib/jvm/java-7-openjdk-amd64/jre/lib/amd64/libnet.so
7fbf812ef000-7fbf812f0000 rw-p 00017000 08:03 28843097                   /usr/lib/jvm/java-7-openjdk-amd64/jre/lib/amd64/libnet.so
7fbf812f0000-7fbf81300000 r-xp 00000000 08:03 28843118                   /usr/lib/jvm/java-7-openjdk-amd64/jre/lib/amd64/libnio.so
7fbf81300000-7fbf81500000 ---p 00010000 08:03 28843118                   /usr/lib/jvm/java-7-openjdk-amd64/jre/lib/amd64/libnio.so
7fbf81500000-7fbf81501000 r--p 00010000 08:03 28843118                   /usr/lib/jvm/java-7-openjdk-amd64/jre/lib/amd64/libnio.so
7fbf81501000-7fbf81502000 rw-p 00011000 08:03 28843118                   /usr/lib/jvm/java-7-openjdk-amd64/jre/lib/amd64/libnio.so
7fbf81502000-7fbf81503000 ---p 00000000 00:00 0 
7fbf81503000-7fbf81603000 rw-p 00000000 00:00 0                          [stack:13188]
7fbf81603000-7fbf81606000 ---p 00000000 00:00 0 
7fbf81606000-7fbf81704000 rw-p 00000000 00:00 0                          [stack:13186]
7fbf81704000-7fbf81707000 ---p 00000000 00:00 0 
7fbf81707000-7fbf81805000 rw-p 00000000 00:00 0                          [stack:13183]
7fbf81805000-7fbf81ad0000 r--p 00000000 08:03 28711040                   /usr/lib/locale/locale-archive
7fbf81ad0000-7fbf84000000 rw-p 00000000 00:00 0 
7fbf84000000-7fbf84021000 rw-p 00000000 00:00 0 
7fbf84021000-7fbf88000000 ---p 00000000 00:00 0 
7fbf88028000-7fbf8804a000 r--p 00000000 08:03 30685233                   /usr/share/locale-langpack/pt_BR/LC_MESSAGES/libc.mo
7fbf8804a000-7fbf880a0000 r--s 00303000 08:03 35525245                   /home/luan/AndroidStudioProjects/BioB/app/build/intermediates/exploded-aar/com.google.android.gms/play-services/6.5.87/jars/classes.jar
7fbf880a0000-7fbf880af000 r--s 000df000 08:03 32507487                   /home/luan/Android/Sdk/build-tools/23.0.3/lib/dx.jar
7fbf880af000-7fbf880b2000 ---p 00000000 00:00 0 
7fbf880b2000-7fbf881b0000 rw-p 00000000 00:00 0                          [stack:13182]
7fbf881b0000-7fbf881b3000 ---p 00000000 00:00 0 
7fbf881b3000-7fbf882b1000 rw-p 00000000 00:00 0                          [stack:13181]
7fbf882b1000-7fbf882b4000 ---p 00000000 00:00 0 
7fbf882b4000-7fbf883b2000 rw-p 00000000 00:00 0                          [stack:13180]
7fbf883b2000-7fbf883b5000 ---p 00000000 00:00 0 
7fbf883b5000-7fbf884b3000 rw-p 00000000 00:00 0                          [stack:13179]
7fbf884b3000-7fbf884b4000 ---p 00000000 00:00 0 
7fbf884b4000-7fbf89000000 rw-p 00000000 00:00 0                          [stack:13178]
7fbf89000000-7fbf89410000 rwxp 00000000 00:00 0 
7fbf89410000-7fbf8c211000 rw-p 00000000 00:00 0 
7fbf8c211000-7fbf90000000 ---p 00000000 00:00 0 
7fbf90003000-7fbf9000a000 r--s 00000000 08:03 29231493                   /usr/lib/x86_64-linux-gnu/gconv/gconv-modules.cache
7fbf9000a000-7fbf905bb000 rw-p 00000000 00:00 0 
7fbf905bb000-7fbf9076d000 r--s 01d32000 08:03 28843131                   /usr/lib/jvm/java-7-openjdk-amd64/jre/lib/rt.jar
7fbf9076d000-7fbf90ab9000 rw-p 00000000 00:00 0 
7fbf90ab9000-7fbf90aba000 ---p 00000000 00:00 0 
7fbf90aba000-7fbf90bba000 rw-p 00000000 00:00 0                          [stack:13177]
7fbf90bba000-7fbf90bbb000 ---p 00000000 00:00 0 
7fbf90bbb000-7fbf90cbb000 rw-p 00000000 00:00 0                          [stack:13176]
7fbf90cbb000-7fbf90cbc000 ---p 00000000 00:00 0 
7fbf90cbc000-7fbf90dbc000 rw-p 00000000 00:00 0                          [stack:13175]
7fbf90dbc000-7fbf90dbd000 ---p 00000000 00:00 0 
7fbf90dbd000-7fbf90ec8000 rw-p 00000000 00:00 0                          [stack:13174]
7fbf90ec8000-7fbf90f10000 rw-p 00000000 00:00 0 
7fbf90f10000-7fbf90fd5000 rw-p 00000000 00:00 0 
7fbf90fd5000-7fbf91066000 rw-p 00000000 00:00 0 
7fbf91066000-7fbf91071000 rw-p 00000000 00:00 0 
7fbf91071000-7fbf910b9000 rw-p 00000000 00:00 0 
7fbf910b9000-7fbf9117e000 rw-p 00000000 00:00 0 
7fbf9117e000-7fbf9120e000 rw-p 00000000 00:00 0 
7fbf9120e000-7fbf912b9000 rw-p 00000000 00:00 0 
7fbf912b9000-7fbf912ba000 rw-p 00000000 00:00 0 
7fbf912ba000-7fbf912c2000 r-xp 00000000 08:03 28843102                   /usr/lib/jvm/java-7-openjdk-amd64/jre/lib/amd64/libzip.so
7fbf912c2000-7fbf914c1000 ---p 00008000 08:03 28843102                   /usr/lib/jvm/java-7-openjdk-amd64/jre/lib/amd64/libzip.so
7fbf914c1000-7fbf914c2000 r--p 00007000 08:03 28843102                   /usr/lib/jvm/java-7-openjdk-amd64/jre/lib/amd64/libzip.so
7fbf914c2000-7fbf914c3000 rw-p 00008000 08:03 28843102                   /usr/lib/jvm/java-7-openjdk-amd64/jre/lib/amd64/libzip.so
7fbf914c3000-7fbf914ce000 r-xp 00000000 08:03 5247263                    /lib/x86_64-linux-gnu/libnss_files-2.19.so
7fbf914ce000-7fbf916cd000 ---p 0000b000 08:03 5247263                    /lib/x86_64-linux-gnu/libnss_files-2.19.so
7fbf916cd000-7fbf916ce000 r--p 0000a000 08:03 5247263                    /lib/x86_64-linux-gnu/libnss_files-2.19.so
7fbf916ce000-7fbf916cf000 rw-p 0000b000 08:03 5247263                    /lib/x86_64-linux-gnu/libnss_files-2.19.so
7fbf916cf000-7fbf916da000 r-xp 00000000 08:03 5247273                    /lib/x86_64-linux-gnu/libnss_nis-2.19.so
7fbf916da000-7fbf918d9000 ---p 0000b000 08:03 5247273                    /lib/x86_64-linux-gnu/libnss_nis-2.19.so
7fbf918d9000-7fbf918da000 r--p 0000a000 08:03 5247273                    /lib/x86_64-linux-gnu/libnss_nis-2.19.so
7fbf918da000-7fbf918db000 rw-p 0000b000 08:03 5247273                    /lib/x86_64-linux-gnu/libnss_nis-2.19.so
7fbf918db000-7fbf918f2000 r-xp 00000000 08:03 5247257                    /lib/x86_64-linux-gnu/libnsl-2.19.so
7fbf918f2000-7fbf91af1000 ---p 00017000 08:03 5247257                    /lib/x86_64-linux-gnu/libnsl-2.19.so
7fbf91af1000-7fbf91af2000 r--p 00016000 08:03 5247257                    /lib/x86_64-linux-gnu/libnsl-2.19.so
7fbf91af2000-7fbf91af3000 rw-p 00017000 08:03 5247257                    /lib/x86_64-linux-gnu/libnsl-2.19.so
7fbf91af3000-7fbf91af5000 rw-p 00000000 00:00 0 
7fbf91af5000-7fbf91afe000 r-xp 00000000 08:03 5247259                    /lib/x86_64-linux-gnu/libnss_compat-2.19.so
7fbf91afe000-7fbf91cfd000 ---p 00009000 08:03 5247259                    /lib/x86_64-linux-gnu/libnss_compat-2.19.so
7fbf91cfd000-7fbf91cfe000 r--p 00008000 08:03 5247259                    /lib/x86_64-linux-gnu/libnss_compat-2.19.so
7fbf91cfe000-7fbf91cff000 rw-p 00009000 08:03 5247259                    /lib/x86_64-linux-gnu/libnss_compat-2.19.so
7fbf91cff000-7fbf91d2a000 r-xp 00000000 08:03 28843088                   /usr/lib/jvm/java-7-openjdk-amd64/jre/lib/amd64/libjava.so
7fbf91d2a000-7fbf91f2a000 ---p 0002b000 08:03 28843088                   /usr/lib/jvm/java-7-openjdk-amd64/jre/lib/amd64/libjava.so
7fbf91f2a000-7fbf91f2b000 r--p 0002b000 08:03 28843088                   /usr/lib/jvm/java-7-openjdk-amd64/jre/lib/amd64/libjava.so
7fbf91f2b000-7fbf91f2d000 rw-p 0002c000 08:03 28843088                   /usr/lib/jvm/java-7-openjdk-amd64/jre/lib/amd64/libjava.so
7fbf91f2d000-7fbf91f3d000 r-xp 00000000 08:03 28843089                   /usr/lib/jvm/java-7-openjdk-amd64/jre/lib/amd64/libverify.so
7fbf91f3d000-7fbf9213c000 ---p 00010000 08:03 28843089                   /usr/lib/jvm/java-7-openjdk-amd64/jre/lib/amd64/libverify.so
7fbf9213c000-7fbf9213e000 r--p 0000f000 08:03 28843089                   /usr/lib/jvm/java-7-openjdk-amd64/jre/lib/amd64/libverify.so
7fbf9213e000-7fbf9213f000 rw-p 00011000 08:03 28843089                   /usr/lib/jvm/java-7-openjdk-amd64/jre/lib/amd64/libverify.so
7fbf9213f000-7fbf92146000 r-xp 00000000 08:03 5247316                    /lib/x86_64-linux-gnu/librt-2.19.so
7fbf92146000-7fbf92345000 ---p 00007000 08:03 5247316                    /lib/x86_64-linux-gnu/librt-2.19.so
7fbf92345000-7fbf92346000 r--p 00006000 08:03 5247316                    /lib/x86_64-linux-gnu/librt-2.19.so
7fbf92346000-7fbf92347000 rw-p 00007000 08:03 5247316                    /lib/x86_64-linux-gnu/librt-2.19.so
7fbf92347000-7fbf9235d000 r-xp 00000000 08:03 5247214                    /lib/x86_64-linux-gnu/libgcc_s.so.1
7fbf9235d000-7fbf9255c000 ---p 00016000 08:03 5247214                    /lib/x86_64-linux-gnu/libgcc_s.so.1
7fbf9255c000-7fbf9255d000 rw-p 00015000 08:03 5247214                    /lib/x86_64-linux-gnu/libgcc_s.so.1
7fbf9255d000-7fbf92662000 r-xp 00000000 08:03 5247238                    /lib/x86_64-linux-gnu/libm-2.19.so
7fbf92662000-7fbf92861000 ---p 00105000 08:03 5247238                    /lib/x86_64-linux-gnu/libm-2.19.so
7fbf92861000-7fbf92862000 r--p 00104000 08:03 5247238                    /lib/x86_64-linux-gnu/libm-2.19.so
7fbf92862000-7fbf92863000 rw-p 00105000 08:03 5247238                    /lib/x86_64-linux-gnu/libm-2.19.so
7fbf92863000-7fbf92949000 r-xp 00000000 08:03 28713424                   /usr/lib/x86_64-linux-gnu/libstdc++.so.6.0.19
7fbf92949000-7fbf92b48000 ---p 000e6000 08:03 28713424                   /usr/lib/x86_64-linux-gnu/libstdc++.so.6.0.19
7fbf92b48000-7fbf92b50000 r--p 000e5000 08:03 28713424                   /usr/lib/x86_64-linux-gnu/libstdc++.so.6.0.19
7fbf92b50000-7fbf92b52000 rw-p 000ed000 08:03 28713424                   /usr/lib/x86_64-linux-gnu/libstdc++.so.6.0.19
7fbf92b52000-7fbf92b67000 rw-p 00000000 00:00 0 
7fbf92b67000-7fbf9368c000 r-xp 00000000 08:03 28843100                   /usr/lib/jvm/java-7-openjdk-amd64/jre/lib/amd64/server/libjvm.so
7fbf9368c000-7fbf9388c000 ---p 00b25000 08:03 28843100                   /usr/lib/jvm/java-7-openjdk-amd64/jre/lib/amd64/server/libjvm.so
7fbf9388c000-7fbf93926000 r--p 00b25000 08:03 28843100                   /usr/lib/jvm/java-7-openjdk-amd64/jre/lib/amd64/server/libjvm.so
7fbf93926000-7fbf93949000 rw-p 00bbf000 08:03 28843100                   /usr/lib/jvm/java-7-openjdk-amd64/jre/lib/amd64/server/libjvm.so
7fbf93949000-7fbf93978000 rw-p 00000000 00:00 0 
7fbf93978000-7fbf93990000 r-xp 00000000 08:03 5247351                    /lib/x86_64-linux-gnu/libz.so.1.2.8
7fbf93990000-7fbf93b8f000 ---p 00018000 08:03 5247351                    /lib/x86_64-linux-gnu/libz.so.1.2.8
7fbf93b8f000-7fbf93b90000 r--p 00017000 08:03 5247351                    /lib/x86_64-linux-gnu/libz.so.1.2.8
7fbf93b90000-7fbf93b91000 rw-p 00018000 08:03 5247351                    /lib/x86_64-linux-gnu/libz.so.1.2.8
7fbf93b91000-7fbf93baa000 r-xp 00000000 08:03 5247308                    /lib/x86_64-linux-gnu/libpthread-2.19.so
7fbf93baa000-7fbf93da9000 ---p 00019000 08:03 5247308                    /lib/x86_64-linux-gnu/libpthread-2.19.so
7fbf93da9000-7fbf93daa000 r--p 00018000 08:03 5247308                    /lib/x86_64-linux-gnu/libpthread-2.19.so
7fbf93daa000-7fbf93dab000 rw-p 00019000 08:03 5247308                    /lib/x86_64-linux-gnu/libpthread-2.19.so
7fbf93dab000-7fbf93daf000 rw-p 00000000 00:00 0 
7fbf93daf000-7fbf93db2000 r-xp 00000000 08:03 5247204                    /lib/x86_64-linux-gnu/libdl-2.19.so
7fbf93db2000-7fbf93fb1000 ---p 00003000 08:03 5247204                    /lib/x86_64-linux-gnu/libdl-2.19.so
7fbf93fb1000-7fbf93fb2000 r--p 00002000 08:03 5247204                    /lib/x86_64-linux-gnu/libdl-2.19.so
7fbf93fb2000-7fbf93fb3000 rw-p 00003000 08:03 5247204                    /lib/x86_64-linux-gnu/libdl-2.19.so
7fbf93fb3000-7fbf9416e000 r-xp 00000000 08:03 5247187                    /lib/x86_64-linux-gnu/libc-2.19.so
7fbf9416e000-7fbf9436d000 ---p 001bb000 08:03 5247187                    /lib/x86_64-linux-gnu/libc-2.19.so
7fbf9436d000-7fbf94371000 r--p 001ba000 08:03 5247187                    /lib/x86_64-linux-gnu/libc-2.19.so
7fbf94371000-7fbf94373000 rw-p 001be000 08:03 5247187                    /lib/x86_64-linux-gnu/libc-2.19.so
7fbf94373000-7fbf94378000 rw-p 00000000 00:00 0 
7fbf94378000-7fbf94385000 r-xp 00000000 08:03 28843115                   /usr/lib/jvm/java-7-openjdk-amd64/jre/lib/amd64/jli/libjli.so
7fbf94385000-7fbf94584000 ---p 0000d000 08:03 28843115                   /usr/lib/jvm/java-7-openjdk-amd64/jre/lib/amd64/jli/libjli.so
7fbf94584000-7fbf94585000 r--p 0000c000 08:03 28843115                   /usr/lib/jvm/java-7-openjdk-amd64/jre/lib/amd64/jli/libjli.so
7fbf94585000-7fbf94586000 rw-p 0000d000 08:03 28843115                   /usr/lib/jvm/java-7-openjdk-amd64/jre/lib/amd64/jli/libjli.so
7fbf94586000-7fbf945a9000 r-xp 00000000 08:03 5247161                    /lib/x86_64-linux-gnu/ld-2.19.so
7fbf945a9000-7fbf945d2000 rw-p 00000000 00:00 0 
7fbf945d2000-7fbf94681000 rw-p 00000000 00:00 0 
7fbf94681000-7fbf94684000 ---p 00000000 00:00 0 
7fbf94684000-7fbf94788000 rw-p 00000000 00:00 0                          [stack:13171]
7fbf94788000-7fbf9478c000 r--s 00085000 08:03 28843145                   /usr/lib/jvm/java-7-openjdk-amd64/jre/lib/ext/localedata.jar
7fbf9478c000-7fbf9478e000 r--s 00006000 08:03 29364344                   /usr/share/java/java-atk-wrapper.jar
7fbf9478e000-7fbf94792000 r--s 0003c000 08:03 28843146                   /usr/lib/jvm/java-7-openjdk-amd64/jre/lib/ext/sunpkcs11.jar
7fbf94792000-7fbf94795000 r--s 0000f000 08:03 28843144                   /usr/lib/jvm/java-7-openjdk-amd64/jre/lib/ext/icedtea-sound.jar
7fbf94795000-7fbf94796000 r--s 00002000 08:03 28843141                   /usr/lib/jvm/java-7-openjdk-amd64/jre/lib/ext/dnsns.jar
7fbf94796000-7fbf94798000 r--s 00012000 08:03 28843142                   /usr/lib/jvm/java-7-openjdk-amd64/jre/lib/ext/zipfs.jar
7fbf94798000-7fbf9479c000 r--s 00034000 08:03 28843143                   /usr/lib/jvm/java-7-openjdk-amd64/jre/lib/ext/sunjce_provider.jar
7fbf9479c000-7fbf947a4000 rw-s 00000000 08:03 23069085                   /tmp/hsperfdata_luan/13169
7fbf947a4000-7fbf947a5000 rw-p 00000000 00:00 0 
7fbf947a5000-7fbf947a6000 ---p 00000000 00:00 0 
7fbf947a6000-7fbf947a8000 rw-p 00000000 00:00 0 
7fbf947a8000-7fbf947a9000 r--p 00022000 08:03 5247161                    /lib/x86_64-linux-gnu/ld-2.19.so
7fbf947a9000-7fbf947aa000 rw-p 00023000 08:03 5247161                    /lib/x86_64-linux-gnu/ld-2.19.so
7fbf947aa000-7fbf947ab000 rw-p 00000000 00:00 0 
7ffffa0e0000-7ffffa101000 rw-p 00000000 00:00 0                          [stack]
7ffffa189000-7ffffa18b000 r--p 00000000 00:00 0                          [vvar]
7ffffa18b000-7ffffa18d000 r-xp 00000000 00:00 0                          [vdso]
ffffffffff600000-ffffffffff601000 r-xp 00000000 00:00 0                  [vsyscall]

VM Arguments:
jvm_args: -Djava.awt.headless=true -Xmx1024M -Dfile.encoding=UTF-8 -Duser.country=BR -Duser.language=pt -Duser.variant 
java_command: com.android.dx.command.Main --dex --force-jumbo --num-threads=4 --multi-dex --output /home/luan/AndroidStudioProjects/BioB/app/build/intermediates/transforms/dex/debug/folders/1000/10/com.google.android.gms-play-services-6.5.87_5692326a7f23a9f2db3aeac2de0b87a5a68bd01c /home/luan/AndroidStudioProjects/BioB/app/build/intermediates/exploded-aar/com.google.android.gms/play-services/6.5.87/jars/classes.jar
Launcher Type: SUN_STANDARD

Environment Variables:
PATH=/usr/local/sbin:/usr/local/bin:/usr/sbin:/usr/bin:/sbin:/bin:/usr/games:/usr/local/games
USERNAME=luan
LD_LIBRARY_PATH=/opt/android-studio/bin:
SHELL=/bin/bash
DISPLAY=:0

Signal Handlers:
SIGSEGV: [libjvm.so+0x9561e0], sa_mask[0]=0x7ffbfeff, sa_flags=0x10000004
SIGBUS: [libjvm.so+0x9561e0], sa_mask[0]=0x7ffbfeff, sa_flags=0x10000004
SIGFPE: [libjvm.so+0x7cc4d0], sa_mask[0]=0x7ffbfeff, sa_flags=0x10000004
SIGPIPE: [libjvm.so+0x7cc4d0], sa_mask[0]=0x7ffbfeff, sa_flags=0x10000004
SIGXFSZ: [libjvm.so+0x7cc4d0], sa_mask[0]=0x7ffbfeff, sa_flags=0x10000004
SIGILL: [libjvm.so+0x7cc4d0], sa_mask[0]=0x7ffbfeff, sa_flags=0x10000004
SIGUSR1: SIG_DFL, sa_mask[0]=0x00000000, sa_flags=0x00000000
SIGUSR2: [libjvm.so+0x7cc370], sa_mask[0]=0x00000004, sa_flags=0x10000004
SIGHUP: [libjvm.so+0x7cc550], sa_mask[0]=0x7ffbfeff, sa_flags=0x10000004
SIGINT: [libjvm.so+0x7cc550], sa_mask[0]=0x7ffbfeff, sa_flags=0x10000004
SIGTERM: [libjvm.so+0x7cc550], sa_mask[0]=0x7ffbfeff, sa_flags=0x10000004
SIGQUIT: [libjvm.so+0x7cc550], sa_mask[0]=0x7ffbfeff, sa_flags=0x10000004
SIGTRAP: SIG_DFL, sa_mask[0]=0x00000000, sa_flags=0x00000000


---------------  S Y S T E M  ---------------

OS:LinuxMint 17.3 (rosa)
uname:Linux 3.19.0-32-generic #37~14.04.1-Ubuntu SMP Thu Oct 22 09:41:40 UTC 2015 x86_64
libc:glibc 2.19 NPTL 2.19 
rlimit: STACK 8192k, CORE 0k, NPROC 15302, NOFILE 4096, AS infinity
load average:9,55 3,87 1,77

/proc/meminfo:
MemTotal:        3949536 kB
MemFree:          109280 kB
MemAvailable:      58844 kB
Buffers:             660 kB
Cached:           216984 kB
SwapCached:            0 kB
Active:          3519576 kB
Inactive:         176680 kB
Active(anon):    3507300 kB
Inactive(anon):   158476 kB
Active(file):      12276 kB
Inactive(file):    18204 kB
Unevictable:          40 kB
Mlocked:              40 kB
SwapTotal:             0 kB
SwapFree:              0 kB
Dirty:               140 kB
Writeback:             0 kB
AnonPages:       3478920 kB
Mapped:            96824 kB
Shmem:            186896 kB
Slab:              68212 kB
SReclaimable:      37592 kB
SUnreclaim:        30620 kB
KernelStack:        9552 kB
PageTables:        32120 kB
NFS_Unstable:          0 kB
Bounce:                0 kB
WritebackTmp:          0 kB
CommitLimit:     1974768 kB
Committed_AS:    6888692 kB
VmallocTotal:   34359738367 kB
VmallocUsed:      347860 kB
VmallocChunk:   34359364444 kB
HardwareCorrupted:     0 kB
AnonHugePages:   1923072 kB
CmaTotal:              0 kB
CmaFree:               0 kB
HugePages_Total:       0
HugePages_Free:        0
HugePages_Rsvd:        0
HugePages_Surp:        0
Hugepagesize:       2048 kB
DirectMap4k:      133704 kB
DirectMap2M:     3962880 kB
DirectMap1G:           0 kB


CPU:total 4 (2 cores per cpu, 2 threads per core) family 6 model 69 stepping 1, cmov, cx8, fxsr, mmx, sse, sse2, sse3, ssse3, sse4.1, sse4.2, popcnt, avx, avx2, aes, erms, ht, tsc, tscinvbit

/proc/cpuinfo:
processor	: 0
vendor_id	: GenuineIntel
cpu family	: 6
model		: 69
model name	: Intel(R) Core(TM) i5-4210U CPU @ 1.70GHz
stepping	: 1
microcode	: 0x1c
cpu MHz		: 1436.765
cache size	: 3072 KB
physical id	: 0
siblings	: 4
core id		: 0
cpu cores	: 2
apicid		: 0
initial apicid	: 0
fpu		: yes
fpu_exception	: yes
cpuid level	: 13
wp		: yes
flags		: fpu vme de pse tsc msr pae mce cx8 apic sep mtrr pge mca cmov pat pse36 clflush dts acpi mmx fxsr sse sse2 ss ht tm pbe syscall nx pdpe1gb rdtscp lm constant_tsc arch_perfmon pebs bts rep_good nopl xtopology nonstop_tsc aperfmperf eagerfpu pni pclmulqdq dtes64 monitor ds_cpl vmx est tm2 ssse3 fma cx16 xtpr pdcm pcid sse4_1 sse4_2 movbe popcnt tsc_deadline_timer aes xsave avx f16c rdrand lahf_lm abm ida arat epb pln pts dtherm tpr_shadow vnmi flexpriority ept vpid fsgsbase tsc_adjust bmi1 avx2 smep bmi2 erms invpcid xsaveopt
bugs		:
bogomips	: 3392.22
clflush size	: 64
cache_alignment	: 64
address sizes	: 39 bits physical, 48 bits virtual
power management:

processor	: 1
vendor_id	: GenuineIntel
cpu family	: 6
model		: 69
model name	: Intel(R) Core(TM) i5-4210U CPU @ 1.70GHz
stepping	: 1
microcode	: 0x1c
cpu MHz		: 1228.914
cache size	: 3072 KB
physical id	: 0
siblings	: 4
core id		: 1
cpu cores	: 2
apicid		: 2
initial apicid	: 2
fpu		: yes
fpu_exception	: yes
cpuid level	: 13
wp		: yes
flags		: fpu vme de pse tsc msr pae mce cx8 apic sep mtrr pge mca cmov pat pse36 clflush dts acpi mmx fxsr sse sse2 ss ht tm pbe syscall nx pdpe1gb rdtscp lm constant_tsc arch_perfmon pebs bts rep_good nopl xtopology nonstop_tsc aperfmperf eagerfpu pni pclmulqdq dtes64 monitor ds_cpl vmx est tm2 ssse3 fma cx16 xtpr pdcm pcid sse4_1 sse4_2 movbe popcnt tsc_deadline_timer aes xsave avx f16c rdrand lahf_lm abm ida arat epb pln pts dtherm tpr_shadow vnmi flexpriority ept vpid fsgsbase tsc_adjust bmi1 avx2 smep bmi2 erms invpcid xsaveopt
bugs		:
bogomips	: 3392.22
clflush size	: 64
cache_alignment	: 64
address sizes	: 39 bits physical, 48 bits virtual
power management:

processor	: 2
vendor_id	: GenuineIntel
cpu family	: 6
model		: 69
model name	: Intel(R) Core(TM) i5-4210U CPU @ 1.70GHz
stepping	: 1
microcode	: 0x1c
cpu MHz		: 1402.035
cache size	: 3072 KB
physical id	: 0
siblings	: 4
core id		: 0
cpu cores	: 2
apicid		: 1
initial apicid	: 1
fpu		: yes
fpu_exception	: yes
cpuid level	: 13
wp		: yes
flags		: fpu vme de pse tsc msr pae mce cx8 apic sep mtrr pge mca cmov pat pse36 clflush dts acpi mmx fxsr sse sse2 ss ht tm pbe syscall nx pdpe1gb rdtscp lm constant_tsc arch_perfmon pebs bts rep_good nopl xtopology nonstop_tsc aperfmperf eagerfpu pni pclmulqdq dtes64 monitor ds_cpl vmx est tm2 ssse3 fma cx16 xtpr pdcm pcid sse4_1 sse4_2 movbe popcnt tsc_deadline_timer aes xsave avx f16c rdrand lahf_lm abm ida arat epb pln pts dtherm tpr_shadow vnmi flexpriority ept vpid fsgsbase tsc_adjust bmi1 avx2 smep bmi2 erms invpcid xsaveopt
bugs		:
bogomips	: 3392.22
clflush size	: 64
cache_alignment	: 64
address sizes	: 39 bits physical, 48 bits virtual
power management:

processor	: 3
vendor_id	: GenuineIntel
cpu family	: 6
model		: 69
model name	: Intel(R) Core(TM) i5-4210U CPU @ 1.70GHz
stepping	: 1
microcode	: 0x1c
cpu MHz		: 1853.464
cache size	: 3072 KB
physical id	: 0
siblings	: 4
core id		: 1
cpu cores	: 2
apicid		: 3
initial apicid	: 3
fpu		: yes
fpu_exception	: yes
cpuid level	: 13
wp		: yes
flags		: fpu vme de pse tsc msr pae mce cx8 apic sep mtrr pge mca cmov pat pse36 clflush dts acpi mmx fxsr sse sse2 ss ht tm pbe syscall nx pdpe1gb rdtscp lm constant_tsc arch_perfmon pebs bts rep_good nopl xtopology nonstop_tsc aperfmperf eagerfpu pni pclmulqdq dtes64 monitor ds_cpl vmx est tm2 ssse3 fma cx16 xtpr pdcm pcid sse4_1 sse4_2 movbe popcnt tsc_deadline_timer aes xsave avx f16c rdrand lahf_lm abm ida arat epb pln pts dtherm tpr_shadow vnmi flexpriority ept vpid fsgsbase tsc_adjust bmi1 avx2 smep bmi2 erms invpcid xsaveopt
bugs		:
bogomips	: 3392.22
clflush size	: 64
cache_alignment	: 64
address sizes	: 39 bits physical, 48 bits virtual
power management:



Memory: 4k page, physical 3949536k(109280k free), swap 0k(0k free)

vm_info: OpenJDK 64-Bit Server VM (24.95-b01) for linux-amd64 JRE (1.7.0_101-b00), built on Apr 24 2016 20:39:29 by "buildd" with gcc 4.8.2

time: Sun Sep 11 16:30:01 2016
elapsed time: 21 seconds

