#
# There is insufficient memory for the Java Runtime Environment to continue.
# Native memory allocation (malloc) failed to allocate 87031808 bytes for committing reserved memory.
# Possible reasons:
#   The system is out of physical RAM or swap space
#   In 32 bit mode, the process size limit was hit
# Possible solutions:
#   Reduce memory load on the system
#   Increase physical memory or swap space
#   Check if swap backing store is full
#   Use 64 bit Java on a 64 bit OS
#   Decrease Java heap size (-Xmx/-Xms)
#   Decrease number of Java threads
#   Decrease Java thread stack sizes (-Xss)
#   Set larger code cache with -XX:ReservedCodeCacheSize=
# This output file may be truncated or incomplete.
#
#  Out of Memory Error (os_linux.cpp:2827), pid=5150, tid=139838235047680
#
# JRE version: OpenJDK Runtime Environment (7.0_101) (build 1.7.0_101-b00)
# Java VM: OpenJDK 64-Bit Server VM (24.95-b01 mixed mode linux-amd64 compressed oops)
# Derivative: IcedTea 2.6.6
# Distribution: Ubuntu 14.04 LTS, package 7u101-2.6.6-0ubuntu0.14.04.1
# Failed to write core dump. Core dumps have been disabled. To enable core dumping, try "ulimit -c unlimited" before starting Java again
#

---------------  T H R E A D  ---------------

Current thread (0x00007f2ea8076000):  VMThread [stack: 0x00007f2ea0437000,0x00007f2ea0538000] [id=5160]

Stack: [0x00007f2ea0437000,0x00007f2ea0538000],  sp=0x00007f2ea0536490,  free space=1021k
Native frames: (J=compiled Java code, j=interpreted, Vv=VM code, C=native code)
V  [libjvm.so+0x955705]
V  [libjvm.so+0x490c44]
V  [libjvm.so+0x7d0c9b]
V  [libjvm.so+0x7cb75f]
V  [libjvm.so+0x83ee5b]
V  [libjvm.so+0x83fcc0]
V  [libjvm.so+0x8403ab]
V  [libjvm.so+0x83c5e8]
V  [libjvm.so+0x83ce58]
V  [libjvm.so+0x7f34a3]
V  [libjvm.so+0x957104]
V  [libjvm.so+0x95b207]
V  [libjvm.so+0x959cc8]
V  [libjvm.so+0x95a129]
V  [libjvm.so+0x95a572]
V  [libjvm.so+0x7cdb62]

VM_Operation (0x00007f2e8a07ee20): ParallelGCFailedAllocation, mode: safepoint, requested by thread 0x00007f2ea8197800


---------------  P R O C E S S  ---------------

Java Threads: ( => current thread )
  0x00007f2ea819a800 JavaThread "pool-2-thread-4" [_thread_blocked, id=5173, stack(0x00007f2e89d7e000,0x00007f2e89e7f000)]
  0x00007f2ea8199000 JavaThread "pool-2-thread-3" [_thread_blocked, id=5172, stack(0x00007f2e89e7f000,0x00007f2e89f80000)]
  0x00007f2ea8197800 JavaThread "pool-2-thread-2" [_thread_blocked, id=5171, stack(0x00007f2e89f80000,0x00007f2e8a081000)]
  0x00007f2ea8196800 JavaThread "pool-3-thread-1" [_thread_blocked, id=5170, stack(0x00007f2e8a081000,0x00007f2e8a182000)]
  0x00007f2ea8194800 JavaThread "pool-2-thread-1" [_thread_blocked, id=5169, stack(0x00007f2e8a182000,0x00007f2e8a283000)]
  0x00007f2ea80b0800 JavaThread "Service Thread" daemon [_thread_blocked, id=5167, stack(0x00007f2e8bb33000,0x00007f2e8bc34000)]
  0x00007f2ea80ae000 JavaThread "C2 CompilerThread1" daemon [_thread_blocked, id=5166, stack(0x00007f2e8bc34000,0x00007f2e8bd35000)]
  0x00007f2ea80ab000 JavaThread "C2 CompilerThread0" daemon [_thread_blocked, id=5165, stack(0x00007f2ea0033000,0x00007f2ea0134000)]
  0x00007f2ea80a9000 JavaThread "Signal Dispatcher" daemon [_thread_blocked, id=5164, stack(0x00007f2ea0134000,0x00007f2ea0235000)]
  0x00007f2ea807c000 JavaThread "Finalizer" daemon [_thread_blocked, id=5162, stack(0x00007f2ea0235000,0x00007f2ea0336000)]
  0x00007f2ea807a000 JavaThread "Reference Handler" daemon [_thread_blocked, id=5161, stack(0x00007f2ea0336000,0x00007f2ea0437000)]
  0x00007f2ea800a800 JavaThread "main" [_thread_blocked, id=5153, stack(0x00007f2eaeb3f000,0x00007f2eaec40000)]

Other Threads:
=>0x00007f2ea8076000 VMThread [stack: 0x00007f2ea0437000,0x00007f2ea0538000] [id=5160]
  0x00007f2ea80bb000 WatcherThread [stack: 0x00007f2e8ba32000,0x00007f2e8bb33000] [id=5168]

VM state:at safepoint (normal execution)

VM Mutex/Monitor currently owned by a thread:  ([mutex/lock_event])
[0x00007f2ea8006a00] Threads_lock - owner thread: 0x00007f2ea8076000
[0x00007f2ea8006f00] Heap_lock - owner thread: 0x00007f2ea8197800

Heap
 PSYoungGen      total 66048K, used 2547K [0x00000000eaa80000, 0x00000000eed80000, 0x0000000100000000)
  eden space 63488K, 0% used [0x00000000eaa80000,0x00000000eaa80000,0x00000000ee880000)
  from space 2560K, 99% used [0x00000000ee880000,0x00000000eeafcca0,0x00000000eeb00000)
  to   space 2560K, 0% used [0x00000000eeb00000,0x00000000eeb00000,0x00000000eed80000)
 ParOldGen       total 40960K, used 24481K [0x00000000c0000000, 0x00000000c2800000, 0x00000000eaa80000)
  object space 40960K, 59% used [0x00000000c0000000,0x00000000c17e8770,0x00000000c2800000)
 PSPermGen       total 21504K, used 6321K [0x00000000b5a00000, 0x00000000b6f00000, 0x00000000c0000000)
  object space 21504K, 29% used [0x00000000b5a00000,0x00000000b602c448,0x00000000b6f00000)

Card table byte_map: [0x00007f2ea4367000,0x00007f2ea45bb000] byte_map_base: 0x00007f2ea3dba000

Polling page: 0x00007f2eaec63000

Code Cache  [0x00007f2ea45bb000, 0x00007f2ea482b000, 0x00007f2ea75bb000)
 total_blobs=479 nmethods=248 adapters=184 free_code_cache=48035Kb largest_free_block=49136128

Compilation events (10 events):
Event: 11,221 Thread 0x00007f2ea80ae000 nmethod 248 0x00007f2ea4692110 code [0x00007f2ea4692240, 0x00007f2ea4692298]
Event: 11,221 Thread 0x00007f2ea80ae000  249             com.android.dx.ssa.SCCP::simulateBlock (54 bytes)
Event: 12,236 Thread 0x00007f2ea80ae000 nmethod 249 0x00007f2ea46cb150 code [0x00007f2ea46cb6c0, 0x00007f2ea46ce780]
Event: 12,236 Thread 0x00007f2ea80ae000  250             java.util.HashMap::<init> (9 bytes)
Event: 12,237 Thread 0x00007f2ea80ae000 nmethod 250 0x00007f2ea4691dd0 code [0x00007f2ea4691f20, 0x00007f2ea4691fd8]
Event: 12,237 Thread 0x00007f2ea80ae000  251             com.android.dx.ssa.back.IdenticalBlockCombiner::process (323 bytes)
Event: 13,252 Thread 0x00007f2ea80ae000 nmethod 251 0x00007f2ea46d5cd0 code [0x00007f2ea46d60e0, 0x00007f2ea46d8fa8]
Event: 13,253 Thread 0x00007f2ea80ae000  252             java.util.Arrays::copyOfRange (63 bytes)
Event: 13,256 Thread 0x00007f2ea80ae000 nmethod 252 0x00007f2ea463a850 code [0x00007f2ea463a9a0, 0x00007f2ea463abb8]
Event: 13,256 Thread 0x00007f2ea80ae000  253             com.android.dx.rop.code.LocalVariableExtractor::processBlock (327 bytes)

GC Heap History (9 events):
Event: 2,907 GC heap before
{Heap before GC invocations=1 (full 0):
 PSYoungGen      total 18432K, used 15872K [0x00000000eaa80000, 0x00000000ebf00000, 0x0000000100000000)
  eden space 15872K, 100% used [0x00000000eaa80000,0x00000000eba00000,0x00000000eba00000)
  from space 2560K, 0% used [0x00000000ebc80000,0x00000000ebc80000,0x00000000ebf00000)
  to   space 2560K, 0% used [0x00000000eba00000,0x00000000eba00000,0x00000000ebc80000)
 ParOldGen       total 40960K, used 0K [0x00000000c0000000, 0x00000000c2800000, 0x00000000eaa80000)
  object space 40960K, 0% used [0x00000000c0000000,0x00000000c0000000,0x00000000c2800000)
 PSPermGen       total 21504K, used 5892K [0x00000000b5a00000, 0x00000000b6f00000, 0x00000000c0000000)
  object space 21504K, 27% used [0x00000000b5a00000,0x00000000b5fc1350,0x00000000b6f00000)
Event: 2,950 GC heap after
Heap after GC invocations=1 (full 0):
 PSYoungGen      total 18432K, used 2537K [0x00000000eaa80000, 0x00000000ece80000, 0x0000000100000000)
  eden space 15872K, 0% used [0x00000000eaa80000,0x00000000eaa80000,0x00000000eba00000)
  from space 2560K, 99% used [0x00000000eba00000,0x00000000ebc7a5a8,0x00000000ebc80000)
  to   space 2560K, 0% used [0x00000000ecc00000,0x00000000ecc00000,0x00000000ece80000)
 ParOldGen       total 40960K, used 1701K [0x00000000c0000000, 0x00000000c2800000, 0x00000000eaa80000)
  object space 40960K, 4% used [0x00000000c0000000,0x00000000c01a9620,0x00000000c2800000)
 PSPermGen       total 21504K, used 5892K [0x00000000b5a00000, 0x00000000b6f00000, 0x00000000c0000000)
  object space 21504K, 27% used [0x00000000b5a00000,0x00000000b5fc1350,0x00000000b6f00000)
}
Event: 4,489 GC heap before
{Heap before GC invocations=2 (full 0):
 PSYoungGen      total 18432K, used 18409K [0x00000000eaa80000, 0x00000000ece80000, 0x0000000100000000)
  eden space 15872K, 100% used [0x00000000eaa80000,0x00000000eba00000,0x00000000eba00000)
  from space 2560K, 99% used [0x00000000eba00000,0x00000000ebc7a5a8,0x00000000ebc80000)
  to   space 2560K, 0% used [0x00000000ecc00000,0x00000000ecc00000,0x00000000ece80000)
 ParOldGen       total 40960K, used 1701K [0x00000000c0000000, 0x00000000c2800000, 0x00000000eaa80000)
  object space 40960K, 4% used [0x00000000c0000000,0x00000000c01a9620,0x00000000c2800000)
 PSPermGen       total 21504K, used 6107K [0x00000000b5a00000, 0x00000000b6f00000, 0x00000000c0000000)
  object space 21504K, 28% used [0x00000000b5a00000,0x00000000b5ff6e98,0x00000000b6f00000)
Event: 4,518 GC heap after
Heap after GC invocations=2 (full 0):
 PSYoungGen      total 34304K, used 2529K [0x00000000eaa80000, 0x00000000ece80000, 0x0000000100000000)
  eden space 31744K, 0% used [0x00000000eaa80000,0x00000000eaa80000,0x00000000ec980000)
  from space 2560K, 98% used [0x00000000ecc00000,0x00000000ece78450,0x00000000ece80000)
  to   space 2560K, 0% used [0x00000000ec980000,0x00000000ec980000,0x00000000ecc00000)
 ParOldGen       total 40960K, used 3796K [0x00000000c0000000, 0x00000000c2800000, 0x00000000eaa80000)
  object space 40960K, 9% used [0x00000000c0000000,0x00000000c03b5370,0x00000000c2800000)
 PSPermGen       total 21504K, used 6107K [0x00000000b5a00000, 0x00000000b6f00000, 0x00000000c0000000)
  object space 21504K, 28% used [0x00000000b5a00000,0x00000000b5ff6e98,0x00000000b6f00000)
}
Event: 6,968 GC heap before
{Heap before GC invocations=3 (full 0):
 PSYoungGen      total 34304K, used 34273K [0x00000000eaa80000, 0x00000000ece80000, 0x0000000100000000)
  eden space 31744K, 100% used [0x00000000eaa80000,0x00000000ec980000,0x00000000ec980000)
  from space 2560K, 98% used [0x00000000ecc00000,0x00000000ece78450,0x00000000ece80000)
  to   space 2560K, 0% used [0x00000000ec980000,0x00000000ec980000,0x00000000ecc00000)
 ParOldGen       total 40960K, used 3796K [0x00000000c0000000, 0x00000000c2800000, 0x00000000eaa80000)
  object space 40960K, 9% used [0x00000000c0000000,0x00000000c03b5370,0x00000000c2800000)
 PSPermGen       total 21504K, used 6238K [0x00000000b5a00000, 0x00000000b6f00000, 0x00000000c0000000)
  object space 21504K, 29% used [0x00000000b5a00000,0x00000000b6017bd8,0x00000000b6f00000)
Event: 7,052 GC heap after
Heap after GC invocations=3 (full 0):
 PSYoungGen      total 34304K, used 2548K [0x00000000eaa80000, 0x00000000eed80000, 0x0000000100000000)
  eden space 31744K, 0% used [0x00000000eaa80000,0x00000000eaa80000,0x00000000ec980000)
  from space 2560K, 99% used [0x00000000ec980000,0x00000000ecbfd148,0x00000000ecc00000)
  to   space 2560K, 0% used [0x00000000eeb00000,0x00000000eeb00000,0x00000000eed80000)
 ParOldGen       total 40960K, used 9083K [0x00000000c0000000, 0x00000000c2800000, 0x00000000eaa80000)
  object space 40960K, 22% used [0x00000000c0000000,0x00000000c08dec68,0x00000000c2800000)
 PSPermGen       total 21504K, used 6238K [0x00000000b5a00000, 0x00000000b6f00000, 0x00000000c0000000)
  object space 21504K, 29% used [0x00000000b5a00000,0x00000000b6017bd8,0x00000000b6f00000)
}
Event: 9,060 GC heap before
{Heap before GC invocations=4 (full 0):
 PSYoungGen      total 34304K, used 34292K [0x00000000eaa80000, 0x00000000eed80000, 0x0000000100000000)
  eden space 31744K, 100% used [0x00000000eaa80000,0x00000000ec980000,0x00000000ec980000)
  from space 2560K, 99% used [0x00000000ec980000,0x00000000ecbfd148,0x00000000ecc00000)
  to   space 2560K, 0% used [0x00000000eeb00000,0x00000000eeb00000,0x00000000eed80000)
 ParOldGen       total 40960K, used 9083K [0x00000000c0000000, 0x00000000c2800000, 0x00000000eaa80000)
  object space 40960K, 22% used [0x00000000c0000000,0x00000000c08dec68,0x00000000c2800000)
 PSPermGen       total 21504K, used 6260K [0x00000000b5a00000, 0x00000000b6f00000, 0x00000000c0000000)
  object space 21504K, 29% used [0x00000000b5a00000,0x00000000b601d268,0x00000000b6f00000)
Event: 9,148 GC heap after
Heap after GC invocations=4 (full 0):
 PSYoungGen      total 66048K, used 2529K [0x00000000eaa80000, 0x00000000eed80000, 0x0000000100000000)
  eden space 63488K, 0% used [0x00000000eaa80000,0x00000000eaa80000,0x00000000ee880000)
  from space 2560K, 98% used [0x00000000eeb00000,0x00000000eed78408,0x00000000eed80000)
  to   space 2560K, 0% used [0x00000000ee880000,0x00000000ee880000,0x00000000eeb00000)
 ParOldGen       total 40960K, used 14416K [0x00000000c0000000, 0x00000000c2800000, 0x00000000eaa80000)
  object space 40960K, 35% used [0x00000000c0000000,0x00000000c0e14008,0x00000000c2800000)
 PSPermGen       total 21504K, used 6260K [0x00000000b5a00000, 0x00000000b6f00000, 0x00000000c0000000)
  object space 21504K, 29% used [0x00000000b5a00000,0x00000000b601d268,0x00000000b6f00000)
}
Event: 13,522 GC heap before
{Heap before GC invocations=5 (full 0):
 PSYoungGen      total 66048K, used 66017K [0x00000000eaa80000, 0x00000000eed80000, 0x0000000100000000)
  eden space 63488K, 100% used [0x00000000eaa80000,0x00000000ee880000,0x00000000ee880000)
  from space 2560K, 98% used [0x00000000eeb00000,0x00000000eed78408,0x00000000eed80000)
  to   space 2560K, 0% used [0x00000000ee880000,0x00000000ee880000,0x00000000eeb00000)
 ParOldGen       total 40960K, used 14416K [0x00000000c0000000, 0x00000000c2800000, 0x00000000eaa80000)
  object space 40960K, 35% used [0x00000000c0000000,0x00000000c0e14008,0x00000000c2800000)
 PSPermGen       total 21504K, used 6321K [0x00000000b5a00000, 0x00000000b6f00000, 0x00000000c0000000)
  object space 21504K, 29% used [0x00000000b5a00000,0x00000000b602c448,0x00000000b6f00000)

Deoptimization events (9 events):
Event: 1,476 Thread 0x00007f2ea800a800 Uncommon trap: reason=unstable_if action=reinterpret pc=0x00007f2ea461bc34 method=java.lang.String.indexOf(II)I @ 49
Event: 3,140 Thread 0x00007f2ea8199000 Uncommon trap: reason=null_check action=make_not_entrant pc=0x00007f2ea463c3d0 method=com.android.dx.rop.code.LocalItem.equals(Ljava/lang/Object;)Z @ 1
Event: 3,351 Thread 0x00007f2ea8197800 Uncommon trap: reason=null_check action=make_not_entrant pc=0x00007f2ea4646444 method=com.android.dx.ssa.SsaRenamer.getLocalForNewReg(I)Lcom/android/dx/rop/code/LocalItem; @ 19
Event: 4,627 Thread 0x00007f2ea8197800 Uncommon trap: reason=unstable_if action=reinterpret pc=0x00007f2ea463a6c8 method=com.android.dx.ssa.SsaRenamer$BlockRenamer.addMapping(ILcom/android/dx/rop/code/RegisterSpec;)V @ 120
Event: 5,573 Thread 0x00007f2ea8197800 Uncommon trap: reason=unstable_if action=reinterpret pc=0x00007f2ea464468c method=com.android.dx.rop.code.RegisterSpec.equals(ILcom/android/dx/rop/type/TypeBearer;Lcom/android/dx/rop/code/LocalItem;)Z @ 42
Event: 6,069 Thread 0x00007f2ea800a800 Uncommon trap: reason=unstable_if action=reinterpret pc=0x00007f2ea462f884 method=com.android.dx.rop.cst.Constant.compareTo(Lcom/android/dx/rop/cst/Constant;)I @ 12
Event: 6,889 Thread 0x00007f2ea8194800 Uncommon trap: reason=null_check action=make_not_entrant pc=0x00007f2ea464e258 method=com.android.dx.rop.type.Type.equals(Ljava/lang/Object;)Z @ 8
Event: 12,404 Thread 0x00007f2ea819a800 Uncommon trap: reason=unstable_if action=reinterpret pc=0x00007f2ea46bc848 method=com.android.dx.ssa.SCCP.simulateBranch(Lcom/android/dx/ssa/SsaInsn;)V @ 64
Event: 12,735 Thread 0x00007f2ea8199000 Uncommon trap: reason=class_check action=maybe_recompile pc=0x00007f2ea4680fc4 method=java.util.HashMap.put(Ljava/lang/Object;Ljava/lang/Object;)Ljava/lang/Object; @ 83

Internal exceptions (10 events):
Event: 3,140 Thread 0x00007f2ea8199000 Implicit null exception at 0x00007f2ea463ba9e to 0x00007f2ea463c3b5
Event: 3,350 Thread 0x00007f2ea8197800 Implicit null exception at 0x00007f2ea4645996 to 0x00007f2ea464642d
Event: 3,766 Thread 0x00007f2ea800a800 Threw 0x00000000eb37db40 at /build/openjdk-7-9duhBW/openjdk-7-7u101-2.6.6/build/openjdk/hotspot/src/share/vm/prims/jvm.cpp:1322
Event: 4,427 Thread 0x00007f2ea800a800 Threw 0x00000000eb9fdd18 at /build/openjdk-7-9duhBW/openjdk-7-7u101-2.6.6/build/openjdk/hotspot/src/share/vm/prims/jvm.cpp:1322
Event: 4,519 Thread 0x00007f2ea800a800 Threw 0x00000000eaa89268 at /build/openjdk-7-9duhBW/openjdk-7-7u101-2.6.6/build/openjdk/hotspot/src/share/vm/prims/jvm.cpp:1322
Event: 4,521 Thread 0x00007f2ea800a800 Threw 0x00000000eaa952e8 at /build/openjdk-7-9duhBW/openjdk-7-7u101-2.6.6/build/openjdk/hotspot/src/share/vm/prims/jvm.cpp:1322
Event: 4,521 Thread 0x00007f2ea800a800 Threw 0x00000000eaa97d60 at /build/openjdk-7-9duhBW/openjdk-7-7u101-2.6.6/build/openjdk/hotspot/src/share/vm/prims/jvm.cpp:1322
Event: 4,934 Thread 0x00007f2ea819a800 Threw 0x00000000eb1099f8 at /build/openjdk-7-9duhBW/openjdk-7-7u101-2.6.6/build/openjdk/hotspot/src/share/vm/prims/jvm.cpp:1322
Event: 6,889 Thread 0x00007f2ea8194800 Implicit null exception at 0x00007f2ea464e152 to 0x00007f2ea464e24b
Event: 8,558 Thread 0x00007f2ea800a800 Threw 0x00000000ec21aa48 at /build/openjdk-7-9duhBW/openjdk-7-7u101-2.6.6/build/openjdk/hotspot/src/share/vm/prims/jvm.cpp:1322

Events (10 events):
Event: 9,148 Executing VM operation: ParallelGCFailedAllocation done
Event: 11,221 Thread 0x00007f2ea80ae000 flushing nmethod 0x00007f2ea463a090
Event: 12,236 Thread 0x00007f2ea80ae000 flushing nmethod 0x00007f2ea46440d0
Event: 12,404 Thread 0x00007f2ea819a800 Uncommon trap: trap_request=0xffffff75 fr.pc=0x00007f2ea46bc848
Event: 12,404 Thread 0x00007f2ea819a800 DEOPT PACKING pc=0x00007f2ea46bc848 sp=0x00007f2e89e7d070
Event: 12,404 Thread 0x00007f2ea819a800 DEOPT UNPACKING pc=0x00007f2ea45f4445 sp=0x00007f2e89e7d020 mode 2
Event: 12,735 Thread 0x00007f2ea8199000 Uncommon trap: trap_request=0xffffffde fr.pc=0x00007f2ea4680fc4
Event: 12,735 Thread 0x00007f2ea8199000 DEOPT PACKING pc=0x00007f2ea4680fc4 sp=0x00007f2e89f7e0c0
Event: 12,735 Thread 0x00007f2ea8199000 DEOPT UNPACKING pc=0x00007f2ea45f4445 sp=0x00007f2e89f7e088 mode 2
Event: 13,522 Executing VM operation: ParallelGCFailedAllocation


Dynamic libraries:
00400000-00401000 r-xp 00000000 08:03 28837979                           /usr/lib/jvm/java-7-openjdk-amd64/jre/bin/java
00600000-00601000 r--p 00000000 08:03 28837979                           /usr/lib/jvm/java-7-openjdk-amd64/jre/bin/java
00601000-00602000 rw-p 00001000 08:03 28837979                           /usr/lib/jvm/java-7-openjdk-amd64/jre/bin/java
02480000-024a1000 rw-p 00000000 00:00 0                                  [heap]
b5a00000-b6f00000 rw-p 00000000 00:00 0 
b6f00000-c0000000 rw-p 00000000 00:00 0 
c0000000-c2800000 rw-p 00000000 00:00 0 
c2800000-eaa80000 rw-p 00000000 00:00 0 
eaa80000-eed80000 rw-p 00000000 00:00 0 
f4080000-100000000 rw-p 00000000 00:00 0 
7f2e58000000-7f2e58021000 rw-p 00000000 00:00 0 
7f2e58021000-7f2e5c000000 ---p 00000000 00:00 0 
7f2e5c000000-7f2e5c021000 rw-p 00000000 00:00 0 
7f2e5c021000-7f2e60000000 ---p 00000000 00:00 0 
7f2e60000000-7f2e60021000 rw-p 00000000 00:00 0 
7f2e60021000-7f2e64000000 ---p 00000000 00:00 0 
7f2e64000000-7f2e64022000 rw-p 00000000 00:00 0 
7f2e64022000-7f2e68000000 ---p 00000000 00:00 0 
7f2e68000000-7f2e68021000 rw-p 00000000 00:00 0 
7f2e68021000-7f2e6c000000 ---p 00000000 00:00 0 
7f2e6c000000-7f2e6c049000 rw-p 00000000 00:00 0 
7f2e6c049000-7f2e70000000 ---p 00000000 00:00 0 
7f2e70000000-7f2e70f4d000 rw-p 00000000 00:00 0 
7f2e70f4d000-7f2e74000000 ---p 00000000 00:00 0 
7f2e74000000-7f2e74021000 rw-p 00000000 00:00 0 
7f2e74021000-7f2e78000000 ---p 00000000 00:00 0 
7f2e78000000-7f2e78021000 rw-p 00000000 00:00 0 
7f2e78021000-7f2e7c000000 ---p 00000000 00:00 0 
7f2e7c000000-7f2e7d302000 rw-p 00000000 00:00 0 
7f2e7d302000-7f2e80000000 ---p 00000000 00:00 0 
7f2e80000000-7f2e80021000 rw-p 00000000 00:00 0 
7f2e80021000-7f2e84000000 ---p 00000000 00:00 0 
7f2e84000000-7f2e84021000 rw-p 00000000 00:00 0 
7f2e84021000-7f2e88000000 ---p 00000000 00:00 0 
7f2e89d7e000-7f2e89d81000 ---p 00000000 00:00 0 
7f2e89d81000-7f2e89e7f000 rw-p 00000000 00:00 0                          [stack:5173]
7f2e89e7f000-7f2e89e82000 ---p 00000000 00:00 0 
7f2e89e82000-7f2e89f80000 rw-p 00000000 00:00 0                          [stack:5172]
7f2e89f80000-7f2e89f83000 ---p 00000000 00:00 0 
7f2e89f83000-7f2e8a081000 rw-p 00000000 00:00 0                          [stack:5171]
7f2e8a081000-7f2e8a084000 ---p 00000000 00:00 0 
7f2e8a084000-7f2e8a182000 rw-p 00000000 00:00 0                          [stack:5170]
7f2e8a182000-7f2e8a185000 ---p 00000000 00:00 0 
7f2e8a185000-7f2e8a2b4000 rw-p 00000000 00:00 0                          [stack:5169]
7f2e8a2b4000-7f2e8a2f1000 r-xp 00000000 08:03 5247291                    /lib/x86_64-linux-gnu/libpcre.so.3.13.1
7f2e8a2f1000-7f2e8a4f0000 ---p 0003d000 08:03 5247291                    /lib/x86_64-linux-gnu/libpcre.so.3.13.1
7f2e8a4f0000-7f2e8a4f1000 r--p 0003c000 08:03 5247291                    /lib/x86_64-linux-gnu/libpcre.so.3.13.1
7f2e8a4f1000-7f2e8a4f2000 rw-p 0003d000 08:03 5247291                    /lib/x86_64-linux-gnu/libpcre.so.3.13.1
7f2e8a4f2000-7f2e8a4f9000 r-xp 00000000 08:03 28712694                   /usr/lib/x86_64-linux-gnu/libffi.so.6.0.1
7f2e8a4f9000-7f2e8a6f8000 ---p 00007000 08:03 28712694                   /usr/lib/x86_64-linux-gnu/libffi.so.6.0.1
7f2e8a6f8000-7f2e8a6f9000 r--p 00006000 08:03 28712694                   /usr/lib/x86_64-linux-gnu/libffi.so.6.0.1
7f2e8a6f9000-7f2e8a6fa000 rw-p 00007000 08:03 28712694                   /usr/lib/x86_64-linux-gnu/libffi.so.6.0.1
7f2e8a6fa000-7f2e8a711000 r-xp 00000000 08:03 5247314                    /lib/x86_64-linux-gnu/libresolv-2.19.so
7f2e8a711000-7f2e8a911000 ---p 00017000 08:03 5247314                    /lib/x86_64-linux-gnu/libresolv-2.19.so
7f2e8a911000-7f2e8a912000 r--p 00017000 08:03 5247314                    /lib/x86_64-linux-gnu/libresolv-2.19.so
7f2e8a912000-7f2e8a913000 rw-p 00018000 08:03 5247314                    /lib/x86_64-linux-gnu/libresolv-2.19.so
7f2e8a913000-7f2e8a915000 rw-p 00000000 00:00 0 
7f2e8a915000-7f2e8a935000 r-xp 00000000 08:03 5247318                    /lib/x86_64-linux-gnu/libselinux.so.1
7f2e8a935000-7f2e8ab34000 ---p 00020000 08:03 5247318                    /lib/x86_64-linux-gnu/libselinux.so.1
7f2e8ab34000-7f2e8ab35000 r--p 0001f000 08:03 5247318                    /lib/x86_64-linux-gnu/libselinux.so.1
7f2e8ab35000-7f2e8ab36000 rw-p 00020000 08:03 5247318                    /lib/x86_64-linux-gnu/libselinux.so.1
7f2e8ab36000-7f2e8ab38000 rw-p 00000000 00:00 0 
7f2e8ab38000-7f2e8ab3b000 r-xp 00000000 08:03 28712833                   /usr/lib/x86_64-linux-gnu/libgmodule-2.0.so.0.4002.0
7f2e8ab3b000-7f2e8ad3a000 ---p 00003000 08:03 28712833                   /usr/lib/x86_64-linux-gnu/libgmodule-2.0.so.0.4002.0
7f2e8ad3a000-7f2e8ad3b000 r--p 00002000 08:03 28712833                   /usr/lib/x86_64-linux-gnu/libgmodule-2.0.so.0.4002.0
7f2e8ad3b000-7f2e8ad3c000 rw-p 00003000 08:03 28712833                   /usr/lib/x86_64-linux-gnu/libgmodule-2.0.so.0.4002.0
7f2e8ad3c000-7f2e8ae42000 r-xp 00000000 08:03 5247218                    /lib/x86_64-linux-gnu/libglib-2.0.so.0.4002.0
7f2e8ae42000-7f2e8b041000 ---p 00106000 08:03 5247218                    /lib/x86_64-linux-gnu/libglib-2.0.so.0.4002.0
7f2e8b041000-7f2e8b042000 r--p 00105000 08:03 5247218                    /lib/x86_64-linux-gnu/libglib-2.0.so.0.4002.0
7f2e8b042000-7f2e8b043000 rw-p 00106000 08:03 5247218                    /lib/x86_64-linux-gnu/libglib-2.0.so.0.4002.0
7f2e8b043000-7f2e8b044000 rw-p 00000000 00:00 0 
7f2e8b044000-7f2e8b093000 r-xp 00000000 08:03 28712857                   /usr/lib/x86_64-linux-gnu/libgobject-2.0.so.0.4002.0
7f2e8b093000-7f2e8b293000 ---p 0004f000 08:03 28712857                   /usr/lib/x86_64-linux-gnu/libgobject-2.0.so.0.4002.0
7f2e8b293000-7f2e8b294000 r--p 0004f000 08:03 28712857                   /usr/lib/x86_64-linux-gnu/libgobject-2.0.so.0.4002.0
7f2e8b294000-7f2e8b295000 rw-p 00050000 08:03 28712857                   /usr/lib/x86_64-linux-gnu/libgobject-2.0.so.0.4002.0
7f2e8b295000-7f2e8b401000 r-xp 00000000 08:03 28712819                   /usr/lib/x86_64-linux-gnu/libgio-2.0.so.0.4002.0
7f2e8b401000-7f2e8b600000 ---p 0016c000 08:03 28712819                   /usr/lib/x86_64-linux-gnu/libgio-2.0.so.0.4002.0
7f2e8b600000-7f2e8b604000 r--p 0016b000 08:03 28712819                   /usr/lib/x86_64-linux-gnu/libgio-2.0.so.0.4002.0
7f2e8b604000-7f2e8b606000 rw-p 0016f000 08:03 28712819                   /usr/lib/x86_64-linux-gnu/libgio-2.0.so.0.4002.0
7f2e8b606000-7f2e8b608000 rw-p 00000000 00:00 0 
7f2e8b608000-7f2e8b61f000 r-xp 00000000 08:03 28843097                   /usr/lib/jvm/java-7-openjdk-amd64/jre/lib/amd64/libnet.so
7f2e8b61f000-7f2e8b81e000 ---p 00017000 08:03 28843097                   /usr/lib/jvm/java-7-openjdk-amd64/jre/lib/amd64/libnet.so
7f2e8b81e000-7f2e8b81f000 r--p 00016000 08:03 28843097                   /usr/lib/jvm/java-7-openjdk-amd64/jre/lib/amd64/libnet.so
7f2e8b81f000-7f2e8b820000 rw-p 00017000 08:03 28843097                   /usr/lib/jvm/java-7-openjdk-amd64/jre/lib/amd64/libnet.so
7f2e8b820000-7f2e8b830000 r-xp 00000000 08:03 28843118                   /usr/lib/jvm/java-7-openjdk-amd64/jre/lib/amd64/libnio.so
7f2e8b830000-7f2e8ba30000 ---p 00010000 08:03 28843118                   /usr/lib/jvm/java-7-openjdk-amd64/jre/lib/amd64/libnio.so
7f2e8ba30000-7f2e8ba31000 r--p 00010000 08:03 28843118                   /usr/lib/jvm/java-7-openjdk-amd64/jre/lib/amd64/libnio.so
7f2e8ba31000-7f2e8ba32000 rw-p 00011000 08:03 28843118                   /usr/lib/jvm/java-7-openjdk-amd64/jre/lib/amd64/libnio.so
7f2e8ba32000-7f2e8ba33000 ---p 00000000 00:00 0 
7f2e8ba33000-7f2e8bb33000 rw-p 00000000 00:00 0                          [stack:5168]
7f2e8bb33000-7f2e8bb36000 ---p 00000000 00:00 0 
7f2e8bb36000-7f2e8bc34000 rw-p 00000000 00:00 0                          [stack:5167]
7f2e8bc34000-7f2e8bc37000 ---p 00000000 00:00 0 
7f2e8bc37000-7f2e8bd35000 rw-p 00000000 00:00 0                          [stack:5166]
7f2e8bd35000-7f2e8c000000 r--p 00000000 08:03 28711040                   /usr/lib/locale/locale-archive
7f2e8c000000-7f2e8c021000 rw-p 00000000 00:00 0 
7f2e8c021000-7f2e90000000 ---p 00000000 00:00 0 
7f2e90000000-7f2e90021000 rw-p 00000000 00:00 0 
7f2e90021000-7f2e94000000 ---p 00000000 00:00 0 
7f2e94000000-7f2e94021000 rw-p 00000000 00:00 0 
7f2e94021000-7f2e98000000 ---p 00000000 00:00 0 
7f2e98000000-7f2e98021000 rw-p 00000000 00:00 0 
7f2e98021000-7f2e9c000000 ---p 00000000 00:00 0 
7f2e9c000000-7f2e9c021000 rw-p 00000000 00:00 0 
7f2e9c021000-7f2ea0000000 ---p 00000000 00:00 0 
7f2ea0004000-7f2ea000b000 r--s 00000000 08:03 29231493                   /usr/lib/x86_64-linux-gnu/gconv/gconv-modules.cache
7f2ea000b000-7f2ea002d000 r--p 00000000 08:03 30685233                   /usr/share/locale-langpack/pt_BR/LC_MESSAGES/libc.mo
7f2ea002d000-7f2ea0033000 r--s 0004a000 08:03 23069419                   /home/luan/AndroidStudioProjects/BioB/app/libs/ormlite-core-5.0.jar
7f2ea0033000-7f2ea0036000 ---p 00000000 00:00 0 
7f2ea0036000-7f2ea0134000 rw-p 00000000 00:00 0                          [stack:5165]
7f2ea0134000-7f2ea0137000 ---p 00000000 00:00 0 
7f2ea0137000-7f2ea0235000 rw-p 00000000 00:00 0                          [stack:5164]
7f2ea0235000-7f2ea0238000 ---p 00000000 00:00 0 
7f2ea0238000-7f2ea0336000 rw-p 00000000 00:00 0                          [stack:5162]
7f2ea0336000-7f2ea0339000 ---p 00000000 00:00 0 
7f2ea0339000-7f2ea0437000 rw-p 00000000 00:00 0                          [stack:5161]
7f2ea0437000-7f2ea0438000 ---p 00000000 00:00 0 
7f2ea0438000-7f2ea1535000 rw-p 00000000 00:00 0                          [stack:5160]
7f2ea1535000-7f2ea16e7000 r--s 01d32000 08:03 28843131                   /usr/lib/jvm/java-7-openjdk-amd64/jre/lib/rt.jar
7f2ea16e7000-7f2ea3f63000 rw-p 00000000 00:00 0 
7f2ea3f63000-7f2ea3f64000 ---p 00000000 00:00 0 
7f2ea3f64000-7f2ea4064000 rw-p 00000000 00:00 0                          [stack:5159]
7f2ea4064000-7f2ea4065000 ---p 00000000 00:00 0 
7f2ea4065000-7f2ea4165000 rw-p 00000000 00:00 0                          [stack:5158]
7f2ea4165000-7f2ea4166000 ---p 00000000 00:00 0 
7f2ea4166000-7f2ea4266000 rw-p 00000000 00:00 0                          [stack:5157]
7f2ea4266000-7f2ea4267000 ---p 00000000 00:00 0 
7f2ea4267000-7f2ea4372000 rw-p 00000000 00:00 0                          [stack:5155]
7f2ea4372000-7f2ea43ba000 rw-p 00000000 00:00 0 
7f2ea43ba000-7f2ea43ce000 rw-p 00000000 00:00 0 
7f2ea43ce000-7f2ea450f000 rw-p 00000000 00:00 0 
7f2ea450f000-7f2ea4531000 rw-p 00000000 00:00 0 
7f2ea4531000-7f2ea45ba000 rw-p 00000000 00:00 0 
7f2ea45ba000-7f2ea45bb000 rw-p 00000000 00:00 0 
7f2ea45bb000-7f2ea482b000 rwxp 00000000 00:00 0 
7f2ea482b000-7f2ea75bb000 rw-p 00000000 00:00 0 
7f2ea75bb000-7f2ea75c3000 r-xp 00000000 08:03 28843102                   /usr/lib/jvm/java-7-openjdk-amd64/jre/lib/amd64/libzip.so
7f2ea75c3000-7f2ea77c2000 ---p 00008000 08:03 28843102                   /usr/lib/jvm/java-7-openjdk-amd64/jre/lib/amd64/libzip.so
7f2ea77c2000-7f2ea77c3000 r--p 00007000 08:03 28843102                   /usr/lib/jvm/java-7-openjdk-amd64/jre/lib/amd64/libzip.so
7f2ea77c3000-7f2ea77c4000 rw-p 00008000 08:03 28843102                   /usr/lib/jvm/java-7-openjdk-amd64/jre/lib/amd64/libzip.so
7f2ea77c4000-7f2ea77cf000 r-xp 00000000 08:03 5247263                    /lib/x86_64-linux-gnu/libnss_files-2.19.so
7f2ea77cf000-7f2ea79ce000 ---p 0000b000 08:03 5247263                    /lib/x86_64-linux-gnu/libnss_files-2.19.so
7f2ea79ce000-7f2ea79cf000 r--p 0000a000 08:03 5247263                    /lib/x86_64-linux-gnu/libnss_files-2.19.so
7f2ea79cf000-7f2ea79d0000 rw-p 0000b000 08:03 5247263                    /lib/x86_64-linux-gnu/libnss_files-2.19.so
7f2ea79d0000-7f2ea79db000 r-xp 00000000 08:03 5247273                    /lib/x86_64-linux-gnu/libnss_nis-2.19.so
7f2ea79db000-7f2ea7bda000 ---p 0000b000 08:03 5247273                    /lib/x86_64-linux-gnu/libnss_nis-2.19.so
7f2ea7bda000-7f2ea7bdb000 r--p 0000a000 08:03 5247273                    /lib/x86_64-linux-gnu/libnss_nis-2.19.so
7f2ea7bdb000-7f2ea7bdc000 rw-p 0000b000 08:03 5247273                    /lib/x86_64-linux-gnu/libnss_nis-2.19.so
7f2ea7bdc000-7f2ea7bf3000 r-xp 00000000 08:03 5247257                    /lib/x86_64-linux-gnu/libnsl-2.19.so
7f2ea7bf3000-7f2ea7df2000 ---p 00017000 08:03 5247257                    /lib/x86_64-linux-gnu/libnsl-2.19.so
7f2ea7df2000-7f2ea7df3000 r--p 00016000 08:03 5247257                    /lib/x86_64-linux-gnu/libnsl-2.19.so
7f2ea7df3000-7f2ea7df4000 rw-p 00017000 08:03 5247257                    /lib/x86_64-linux-gnu/libnsl-2.19.so
7f2ea7df4000-7f2ea7df6000 rw-p 00000000 00:00 0 
7f2ea7df6000-7f2ea7dff000 r-xp 00000000 08:03 5247259                    /lib/x86_64-linux-gnu/libnss_compat-2.19.so
7f2ea7dff000-7f2ea7ffe000 ---p 00009000 08:03 5247259                    /lib/x86_64-linux-gnu/libnss_compat-2.19.so
7f2ea7ffe000-7f2ea7fff000 r--p 00008000 08:03 5247259                    /lib/x86_64-linux-gnu/libnss_compat-2.19.so
7f2ea7fff000-7f2ea8000000 rw-p 00009000 08:03 5247259                    /lib/x86_64-linux-gnu/libnss_compat-2.19.so
7f2ea8000000-7f2ea81b5000 rw-p 00000000 00:00 0 
7f2ea81b5000-7f2eac000000 ---p 00000000 00:00 0 
7f2eac005000-7f2eac014000 r--s 000df000 08:03 32507487                   /home/luan/Android/Sdk/build-tools/23.0.3/lib/dx.jar
7f2eac014000-7f2eac01f000 rw-p 00000000 00:00 0 
7f2eac01f000-7f2eac067000 rw-p 00000000 00:00 0 
7f2eac067000-7f2eac07b000 rw-p 00000000 00:00 0 
7f2eac07b000-7f2eac1bd000 rw-p 00000000 00:00 0 
7f2eac1bd000-7f2eac1e8000 r-xp 00000000 08:03 28843088                   /usr/lib/jvm/java-7-openjdk-amd64/jre/lib/amd64/libjava.so
7f2eac1e8000-7f2eac3e8000 ---p 0002b000 08:03 28843088                   /usr/lib/jvm/java-7-openjdk-amd64/jre/lib/amd64/libjava.so
7f2eac3e8000-7f2eac3e9000 r--p 0002b000 08:03 28843088                   /usr/lib/jvm/java-7-openjdk-amd64/jre/lib/amd64/libjava.so
7f2eac3e9000-7f2eac3eb000 rw-p 0002c000 08:03 28843088                   /usr/lib/jvm/java-7-openjdk-amd64/jre/lib/amd64/libjava.so
7f2eac3eb000-7f2eac3fb000 r-xp 00000000 08:03 28843089                   /usr/lib/jvm/java-7-openjdk-amd64/jre/lib/amd64/libverify.so
7f2eac3fb000-7f2eac5fa000 ---p 00010000 08:03 28843089                   /usr/lib/jvm/java-7-openjdk-amd64/jre/lib/amd64/libverify.so
7f2eac5fa000-7f2eac5fc000 r--p 0000f000 08:03 28843089                   /usr/lib/jvm/java-7-openjdk-amd64/jre/lib/amd64/libverify.so
7f2eac5fc000-7f2eac5fd000 rw-p 00011000 08:03 28843089                   /usr/lib/jvm/java-7-openjdk-amd64/jre/lib/amd64/libverify.so
7f2eac5fd000-7f2eac604000 r-xp 00000000 08:03 5247316                    /lib/x86_64-linux-gnu/librt-2.19.so
7f2eac604000-7f2eac803000 ---p 00007000 08:03 5247316                    /lib/x86_64-linux-gnu/librt-2.19.so
7f2eac803000-7f2eac804000 r--p 00006000 08:03 5247316                    /lib/x86_64-linux-gnu/librt-2.19.so
7f2eac804000-7f2eac805000 rw-p 00007000 08:03 5247316                    /lib/x86_64-linux-gnu/librt-2.19.so
7f2eac805000-7f2eac81b000 r-xp 00000000 08:03 5247214                    /lib/x86_64-linux-gnu/libgcc_s.so.1
7f2eac81b000-7f2eaca1a000 ---p 00016000 08:03 5247214                    /lib/x86_64-linux-gnu/libgcc_s.so.1
7f2eaca1a000-7f2eaca1b000 rw-p 00015000 08:03 5247214                    /lib/x86_64-linux-gnu/libgcc_s.so.1
7f2eaca1b000-7f2eacb20000 r-xp 00000000 08:03 5247238                    /lib/x86_64-linux-gnu/libm-2.19.so
7f2eacb20000-7f2eacd1f000 ---p 00105000 08:03 5247238                    /lib/x86_64-linux-gnu/libm-2.19.so
7f2eacd1f000-7f2eacd20000 r--p 00104000 08:03 5247238                    /lib/x86_64-linux-gnu/libm-2.19.so
7f2eacd20000-7f2eacd21000 rw-p 00105000 08:03 5247238                    /lib/x86_64-linux-gnu/libm-2.19.so
7f2eacd21000-7f2eace07000 r-xp 00000000 08:03 28713424                   /usr/lib/x86_64-linux-gnu/libstdc++.so.6.0.19
7f2eace07000-7f2ead006000 ---p 000e6000 08:03 28713424                   /usr/lib/x86_64-linux-gnu/libstdc++.so.6.0.19
7f2ead006000-7f2ead00e000 r--p 000e5000 08:03 28713424                   /usr/lib/x86_64-linux-gnu/libstdc++.so.6.0.19
7f2ead00e000-7f2ead010000 rw-p 000ed000 08:03 28713424                   /usr/lib/x86_64-linux-gnu/libstdc++.so.6.0.19
7f2ead010000-7f2ead025000 rw-p 00000000 00:00 0 
7f2ead025000-7f2eadb4a000 r-xp 00000000 08:03 28843100                   /usr/lib/jvm/java-7-openjdk-amd64/jre/lib/amd64/server/libjvm.so
7f2eadb4a000-7f2eadd4a000 ---p 00b25000 08:03 28843100                   /usr/lib/jvm/java-7-openjdk-amd64/jre/lib/amd64/server/libjvm.so
7f2eadd4a000-7f2eadde4000 r--p 00b25000 08:03 28843100                   /usr/lib/jvm/java-7-openjdk-amd64/jre/lib/amd64/server/libjvm.so
7f2eadde4000-7f2eade07000 rw-p 00bbf000 08:03 28843100                   /usr/lib/jvm/java-7-openjdk-amd64/jre/lib/amd64/server/libjvm.so
7f2eade07000-7f2eade36000 rw-p 00000000 00:00 0 
7f2eade36000-7f2eade4e000 r-xp 00000000 08:03 5247351                    /lib/x86_64-linux-gnu/libz.so.1.2.8
7f2eade4e000-7f2eae04d000 ---p 00018000 08:03 5247351                    /lib/x86_64-linux-gnu/libz.so.1.2.8
7f2eae04d000-7f2eae04e000 r--p 00017000 08:03 5247351                    /lib/x86_64-linux-gnu/libz.so.1.2.8
7f2eae04e000-7f2eae04f000 rw-p 00018000 08:03 5247351                    /lib/x86_64-linux-gnu/libz.so.1.2.8
7f2eae04f000-7f2eae068000 r-xp 00000000 08:03 5247308                    /lib/x86_64-linux-gnu/libpthread-2.19.so
7f2eae068000-7f2eae267000 ---p 00019000 08:03 5247308                    /lib/x86_64-linux-gnu/libpthread-2.19.so
7f2eae267000-7f2eae268000 r--p 00018000 08:03 5247308                    /lib/x86_64-linux-gnu/libpthread-2.19.so
7f2eae268000-7f2eae269000 rw-p 00019000 08:03 5247308                    /lib/x86_64-linux-gnu/libpthread-2.19.so
7f2eae269000-7f2eae26d000 rw-p 00000000 00:00 0 
7f2eae26d000-7f2eae270000 r-xp 00000000 08:03 5247204                    /lib/x86_64-linux-gnu/libdl-2.19.so
7f2eae270000-7f2eae46f000 ---p 00003000 08:03 5247204                    /lib/x86_64-linux-gnu/libdl-2.19.so
7f2eae46f000-7f2eae470000 r--p 00002000 08:03 5247204                    /lib/x86_64-linux-gnu/libdl-2.19.so
7f2eae470000-7f2eae471000 rw-p 00003000 08:03 5247204                    /lib/x86_64-linux-gnu/libdl-2.19.so
7f2eae471000-7f2eae62c000 r-xp 00000000 08:03 5247187                    /lib/x86_64-linux-gnu/libc-2.19.so
7f2eae62c000-7f2eae82b000 ---p 001bb000 08:03 5247187                    /lib/x86_64-linux-gnu/libc-2.19.so
7f2eae82b000-7f2eae82f000 r--p 001ba000 08:03 5247187                    /lib/x86_64-linux-gnu/libc-2.19.so
7f2eae82f000-7f2eae831000 rw-p 001be000 08:03 5247187                    /lib/x86_64-linux-gnu/libc-2.19.so
7f2eae831000-7f2eae836000 rw-p 00000000 00:00 0 
7f2eae836000-7f2eae843000 r-xp 00000000 08:03 28843115                   /usr/lib/jvm/java-7-openjdk-amd64/jre/lib/amd64/jli/libjli.so
7f2eae843000-7f2eaea42000 ---p 0000d000 08:03 28843115                   /usr/lib/jvm/java-7-openjdk-amd64/jre/lib/amd64/jli/libjli.so
7f2eaea42000-7f2eaea43000 r--p 0000c000 08:03 28843115                   /usr/lib/jvm/java-7-openjdk-amd64/jre/lib/amd64/jli/libjli.so
7f2eaea43000-7f2eaea44000 rw-p 0000d000 08:03 28843115                   /usr/lib/jvm/java-7-openjdk-amd64/jre/lib/amd64/jli/libjli.so
7f2eaea44000-7f2eaea67000 r-xp 00000000 08:03 5247161                    /lib/x86_64-linux-gnu/ld-2.19.so
7f2eaea67000-7f2eaea89000 rw-p 00000000 00:00 0 
7f2eaea89000-7f2eaeb3f000 rw-p 00000000 00:00 0 
7f2eaeb3f000-7f2eaeb42000 ---p 00000000 00:00 0 
7f2eaeb42000-7f2eaec46000 rw-p 00000000 00:00 0                          [stack:5153]
7f2eaec46000-7f2eaec4a000 r--s 00085000 08:03 28843145                   /usr/lib/jvm/java-7-openjdk-amd64/jre/lib/ext/localedata.jar
7f2eaec4a000-7f2eaec4c000 r--s 00006000 08:03 29364344                   /usr/share/java/java-atk-wrapper.jar
7f2eaec4c000-7f2eaec50000 r--s 0003c000 08:03 28843146                   /usr/lib/jvm/java-7-openjdk-amd64/jre/lib/ext/sunpkcs11.jar
7f2eaec50000-7f2eaec53000 r--s 0000f000 08:03 28843144                   /usr/lib/jvm/java-7-openjdk-amd64/jre/lib/ext/icedtea-sound.jar
7f2eaec53000-7f2eaec54000 r--s 00002000 08:03 28843141                   /usr/lib/jvm/java-7-openjdk-amd64/jre/lib/ext/dnsns.jar
7f2eaec54000-7f2eaec56000 r--s 00012000 08:03 28843142                   /usr/lib/jvm/java-7-openjdk-amd64/jre/lib/ext/zipfs.jar
7f2eaec56000-7f2eaec5a000 r--s 00034000 08:03 28843143                   /usr/lib/jvm/java-7-openjdk-amd64/jre/lib/ext/sunjce_provider.jar
7f2eaec5a000-7f2eaec62000 rw-s 00000000 08:03 23069079                   /tmp/hsperfdata_luan/5150
7f2eaec62000-7f2eaec63000 rw-p 00000000 00:00 0 
7f2eaec63000-7f2eaec64000 ---p 00000000 00:00 0 
7f2eaec64000-7f2eaec66000 rw-p 00000000 00:00 0 
7f2eaec66000-7f2eaec67000 r--p 00022000 08:03 5247161                    /lib/x86_64-linux-gnu/ld-2.19.so
7f2eaec67000-7f2eaec68000 rw-p 00023000 08:03 5247161                    /lib/x86_64-linux-gnu/ld-2.19.so
7f2eaec68000-7f2eaec69000 rw-p 00000000 00:00 0 
7ffc652aa000-7ffc652cb000 rw-p 00000000 00:00 0                          [stack]
7ffc652d7000-7ffc652d9000 r--p 00000000 00:00 0                          [vvar]
7ffc652d9000-7ffc652db000 r-xp 00000000 00:00 0                          [vdso]
ffffffffff600000-ffffffffff601000 r-xp 00000000 00:00 0                  [vsyscall]

VM Arguments:
jvm_args: -Djava.awt.headless=true -Xmx1024M -Dfile.encoding=UTF-8 -Duser.country=BR -Duser.language=pt -Duser.variant 
java_command: com.android.dx.command.Main --dex --force-jumbo --num-threads=4 --multi-dex --output /home/luan/AndroidStudioProjects/BioB/app/build/intermediates/transforms/dex/debug/folders/1000/2/ormlite-core-5.0_4113bc5b6fff83ab55ef91a303f031726206996a /home/luan/AndroidStudioProjects/BioB/app/libs/ormlite-core-5.0.jar
Launcher Type: SUN_STANDARD

Environment Variables:
PATH=/usr/local/sbin:/usr/local/bin:/usr/sbin:/usr/bin:/sbin:/bin:/usr/games:/usr/local/games
USERNAME=luan
LD_LIBRARY_PATH=/opt/android-studio/bin:
SHELL=/bin/bash
DISPLAY=:0

Signal Handlers:
SIGSEGV: [libjvm.so+0x9561e0], sa_mask[0]=0x7ffbfeff, sa_flags=0x10000004
SIGBUS: [libjvm.so+0x9561e0], sa_mask[0]=0x7ffbfeff, sa_flags=0x10000004
SIGFPE: [libjvm.so+0x7cc4d0], sa_mask[0]=0x7ffbfeff, sa_flags=0x10000004
SIGPIPE: [libjvm.so+0x7cc4d0], sa_mask[0]=0x7ffbfeff, sa_flags=0x10000004
SIGXFSZ: [libjvm.so+0x7cc4d0], sa_mask[0]=0x7ffbfeff, sa_flags=0x10000004
SIGILL: [libjvm.so+0x7cc4d0], sa_mask[0]=0x7ffbfeff, sa_flags=0x10000004
SIGUSR1: SIG_DFL, sa_mask[0]=0x00000000, sa_flags=0x00000000
SIGUSR2: [libjvm.so+0x7cc370], sa_mask[0]=0x00000004, sa_flags=0x10000004
SIGHUP: [libjvm.so+0x7cc550], sa_mask[0]=0x7ffbfeff, sa_flags=0x10000004
SIGINT: [libjvm.so+0x7cc550], sa_mask[0]=0x7ffbfeff, sa_flags=0x10000004
SIGTERM: [libjvm.so+0x7cc550], sa_mask[0]=0x7ffbfeff, sa_flags=0x10000004
SIGQUIT: [libjvm.so+0x7cc550], sa_mask[0]=0x7ffbfeff, sa_flags=0x10000004
SIGTRAP: SIG_DFL, sa_mask[0]=0x00000000, sa_flags=0x00000000


---------------  S Y S T E M  ---------------

OS:LinuxMint 17.3 (rosa)
uname:Linux 3.19.0-32-generic #37~14.04.1-Ubuntu SMP Thu Oct 22 09:41:40 UTC 2015 x86_64
libc:glibc 2.19 NPTL 2.19 
rlimit: STACK 8192k, CORE 0k, NPROC 15302, NOFILE 4096, AS infinity
load average:9,48 2,91 1,54

/proc/meminfo:
MemTotal:        3949536 kB
MemFree:          107196 kB
MemAvailable:      52252 kB
Buffers:             840 kB
Cached:           267124 kB
SwapCached:            0 kB
Active:          3482876 kB
Inactive:         221340 kB
Active(anon):    3473048 kB
Inactive(anon):   205064 kB
Active(file):       9828 kB
Inactive(file):    16276 kB
Unevictable:          40 kB
Mlocked:              40 kB
SwapTotal:             0 kB
SwapFree:              0 kB
Dirty:               612 kB
Writeback:             0 kB
AnonPages:       3436448 kB
Mapped:           134596 kB
Shmem:            241716 kB
Slab:              62112 kB
SReclaimable:      32952 kB
SUnreclaim:        29160 kB
KernelStack:       11664 kB
PageTables:        31916 kB
NFS_Unstable:          0 kB
Bounce:                0 kB
WritebackTmp:          0 kB
CommitLimit:     1974768 kB
Committed_AS:    7319524 kB
VmallocTotal:   34359738367 kB
VmallocUsed:      347860 kB
VmallocChunk:   34359383004 kB
HardwareCorrupted:     0 kB
AnonHugePages:   1529856 kB
CmaTotal:              0 kB
CmaFree:               0 kB
HugePages_Total:       0
HugePages_Free:        0
HugePages_Rsvd:        0
HugePages_Surp:        0
Hugepagesize:       2048 kB
DirectMap4k:      107080 kB
DirectMap2M:     2940928 kB
DirectMap1G:     1048576 kB


CPU:total 4 (2 cores per cpu, 2 threads per core) family 6 model 69 stepping 1, cmov, cx8, fxsr, mmx, sse, sse2, sse3, ssse3, sse4.1, sse4.2, popcnt, avx, avx2, aes, erms, ht, tsc, tscinvbit

/proc/cpuinfo:
processor	: 0
vendor_id	: GenuineIntel
cpu family	: 6
model		: 69
model name	: Intel(R) Core(TM) i5-4210U CPU @ 1.70GHz
stepping	: 1
microcode	: 0x1c
cpu MHz		: 2399.988
cache size	: 3072 KB
physical id	: 0
siblings	: 4
core id		: 0
cpu cores	: 2
apicid		: 0
initial apicid	: 0
fpu		: yes
fpu_exception	: yes
cpuid level	: 13
wp		: yes
flags		: fpu vme de pse tsc msr pae mce cx8 apic sep mtrr pge mca cmov pat pse36 clflush dts acpi mmx fxsr sse sse2 ss ht tm pbe syscall nx pdpe1gb rdtscp lm constant_tsc arch_perfmon pebs bts rep_good nopl xtopology nonstop_tsc aperfmperf eagerfpu pni pclmulqdq dtes64 monitor ds_cpl vmx est tm2 ssse3 fma cx16 xtpr pdcm pcid sse4_1 sse4_2 movbe popcnt tsc_deadline_timer aes xsave avx f16c rdrand lahf_lm abm ida arat epb pln pts dtherm tpr_shadow vnmi flexpriority ept vpid fsgsbase tsc_adjust bmi1 avx2 smep bmi2 erms invpcid xsaveopt
bugs		:
bogomips	: 3392.34
clflush size	: 64
cache_alignment	: 64
address sizes	: 39 bits physical, 48 bits virtual
power management:

processor	: 1
vendor_id	: GenuineIntel
cpu family	: 6
model		: 69
model name	: Intel(R) Core(TM) i5-4210U CPU @ 1.70GHz
stepping	: 1
microcode	: 0x1c
cpu MHz		: 2399.988
cache size	: 3072 KB
physical id	: 0
siblings	: 4
core id		: 1
cpu cores	: 2
apicid		: 2
initial apicid	: 2
fpu		: yes
fpu_exception	: yes
cpuid level	: 13
wp		: yes
flags		: fpu vme de pse tsc msr pae mce cx8 apic sep mtrr pge mca cmov pat pse36 clflush dts acpi mmx fxsr sse sse2 ss ht tm pbe syscall nx pdpe1gb rdtscp lm constant_tsc arch_perfmon pebs bts rep_good nopl xtopology nonstop_tsc aperfmperf eagerfpu pni pclmulqdq dtes64 monitor ds_cpl vmx est tm2 ssse3 fma cx16 xtpr pdcm pcid sse4_1 sse4_2 movbe popcnt tsc_deadline_timer aes xsave avx f16c rdrand lahf_lm abm ida arat epb pln pts dtherm tpr_shadow vnmi flexpriority ept vpid fsgsbase tsc_adjust bmi1 avx2 smep bmi2 erms invpcid xsaveopt
bugs		:
bogomips	: 3392.34
clflush size	: 64
cache_alignment	: 64
address sizes	: 39 bits physical, 48 bits virtual
power management:

processor	: 2
vendor_id	: GenuineIntel
cpu family	: 6
model		: 69
model name	: Intel(R) Core(TM) i5-4210U CPU @ 1.70GHz
stepping	: 1
microcode	: 0x1c
cpu MHz		: 2399.988
cache size	: 3072 KB
physical id	: 0
siblings	: 4
core id		: 0
cpu cores	: 2
apicid		: 1
initial apicid	: 1
fpu		: yes
fpu_exception	: yes
cpuid level	: 13
wp		: yes
flags		: fpu vme de pse tsc msr pae mce cx8 apic sep mtrr pge mca cmov pat pse36 clflush dts acpi mmx fxsr sse sse2 ss ht tm pbe syscall nx pdpe1gb rdtscp lm constant_tsc arch_perfmon pebs bts rep_good nopl xtopology nonstop_tsc aperfmperf eagerfpu pni pclmulqdq dtes64 monitor ds_cpl vmx est tm2 ssse3 fma cx16 xtpr pdcm pcid sse4_1 sse4_2 movbe popcnt tsc_deadline_timer aes xsave avx f16c rdrand lahf_lm abm ida arat epb pln pts dtherm tpr_shadow vnmi flexpriority ept vpid fsgsbase tsc_adjust bmi1 avx2 smep bmi2 erms invpcid xsaveopt
bugs		:
bogomips	: 3392.34
clflush size	: 64
cache_alignment	: 64
address sizes	: 39 bits physical, 48 bits virtual
power management:

processor	: 3
vendor_id	: GenuineIntel
cpu family	: 6
model		: 69
model name	: Intel(R) Core(TM) i5-4210U CPU @ 1.70GHz
stepping	: 1
microcode	: 0x1c
cpu MHz		: 2399.988
cache size	: 3072 KB
physical id	: 0
siblings	: 4
core id		: 1
cpu cores	: 2
apicid		: 3
initial apicid	: 3
fpu		: yes
fpu_exception	: yes
cpuid level	: 13
wp		: yes
flags		: fpu vme de pse tsc msr pae mce cx8 apic sep mtrr pge mca cmov pat pse36 clflush dts acpi mmx fxsr sse sse2 ss ht tm pbe syscall nx pdpe1gb rdtscp lm constant_tsc arch_perfmon pebs bts rep_good nopl xtopology nonstop_tsc aperfmperf eagerfpu pni pclmulqdq dtes64 monitor ds_cpl vmx est tm2 ssse3 fma cx16 xtpr pdcm pcid sse4_1 sse4_2 movbe popcnt tsc_deadline_timer aes xsave avx f16c rdrand lahf_lm abm ida arat epb pln pts dtherm tpr_shadow vnmi flexpriority ept vpid fsgsbase tsc_adjust bmi1 avx2 smep bmi2 erms invpcid xsaveopt
bugs		:
bogomips	: 3392.34
clflush size	: 64
cache_alignment	: 64
address sizes	: 39 bits physical, 48 bits virtual
power management:



Memory: 4k page, physical 3949536k(107196k free), swap 0k(0k free)

vm_info: OpenJDK 64-Bit Server VM (24.95-b01) for linux-amd64 JRE (1.7.0_101-b00), built on Apr 24 2016 20:39:29 by "buildd" with gcc 4.8.2

time: Sat Sep 10 14:01:05 2016
elapsed time: 23 seconds

