#
# There is insufficient memory for the Java Runtime Environment to continue.
# Native memory allocation (malloc) failed to allocate 163053568 bytes for committing reserved memory.
# Possible reasons:
#   The system is out of physical RAM or swap space
#   In 32 bit mode, the process size limit was hit
# Possible solutions:
#   Reduce memory load on the system
#   Increase physical memory or swap space
#   Check if swap backing store is full
#   Use 64 bit Java on a 64 bit OS
#   Decrease Java heap size (-Xmx/-Xms)
#   Decrease number of Java threads
#   Decrease Java thread stack sizes (-Xss)
#   Set larger code cache with -XX:ReservedCodeCacheSize=
# This output file may be truncated or incomplete.
#
#  Out of Memory Error (os_linux.cpp:2827), pid=17668, tid=140084266977024
#
# JRE version: OpenJDK Runtime Environment (7.0_101) (build 1.7.0_101-b00)
# Java VM: OpenJDK 64-Bit Server VM (24.95-b01 mixed mode linux-amd64 compressed oops)
# Derivative: IcedTea 2.6.6
# Distribution: Ubuntu 14.04 LTS, package 7u101-2.6.6-0ubuntu0.14.04.1
# Failed to write core dump. Core dumps have been disabled. To enable core dumping, try "ulimit -c unlimited" before starting Java again
#

---------------  T H R E A D  ---------------

Current thread (0x00007f67e4076000):  VMThread [stack: 0x00007f67e8e8c000,0x00007f67e8f8d000] [id=17677]

Stack: [0x00007f67e8e8c000,0x00007f67e8f8d000],  sp=0x00007f67e8f8b490,  free space=1021k
Native frames: (J=compiled Java code, j=interpreted, Vv=VM code, C=native code)
V  [libjvm.so+0x955705]
V  [libjvm.so+0x490c44]
V  [libjvm.so+0x7d0c9b]
V  [libjvm.so+0x7cb75f]
V  [libjvm.so+0x83ee5b]
V  [libjvm.so+0x82f0ab]
V  [libjvm.so+0x82f26b]
V  [libjvm.so+0x830198]
V  [libjvm.so+0x836a44]
V  [libjvm.so+0x83cf9d]
V  [libjvm.so+0x7f34a3]
V  [libjvm.so+0x957104]
V  [libjvm.so+0x95b207]
V  [libjvm.so+0x959cc8]
V  [libjvm.so+0x95a129]
V  [libjvm.so+0x95a572]
V  [libjvm.so+0x7cdb62]

VM_Operation (0x00007f67d9486140): ParallelGCFailedAllocation, mode: safepoint, requested by thread 0x00007f67e41a4800


---------------  P R O C E S S  ---------------

Java Threads: ( => current thread )
  0x00007f67e41a7800 JavaThread "pool-2-thread-4" [_thread_blocked, id=17694, stack(0x00007f67d9185000,0x00007f67d9286000)]
  0x00007f67e41a5800 JavaThread "pool-2-thread-3" [_thread_blocked, id=17693, stack(0x00007f67d9286000,0x00007f67d9387000)]
  0x00007f67e41a4800 JavaThread "pool-2-thread-2" [_thread_blocked, id=17692, stack(0x00007f67d9387000,0x00007f67d9488000)]
  0x00007f67e419f000 JavaThread "pool-3-thread-1" [_thread_blocked, id=17691, stack(0x00007f67d9488000,0x00007f67d9589000)]
  0x00007f67e419c000 JavaThread "pool-2-thread-1" [_thread_blocked, id=17690, stack(0x00007f67d9589000,0x00007f67d968a000)]
  0x00007f67e40ae800 JavaThread "Service Thread" daemon [_thread_blocked, id=17683, stack(0x00007f67e85bb000,0x00007f67e86bc000)]
  0x00007f67e40ac000 JavaThread "C2 CompilerThread1" daemon [_thread_blocked, id=17682, stack(0x00007f67e86bc000,0x00007f67e87bd000)]
  0x00007f67e40a9800 JavaThread "C2 CompilerThread0" daemon [_thread_blocked, id=17681, stack(0x00007f67e87bd000,0x00007f67e88be000)]
  0x00007f67e40a7000 JavaThread "Signal Dispatcher" daemon [_thread_blocked, id=17680, stack(0x00007f67e88be000,0x00007f67e89bf000)]
  0x00007f67e407c800 JavaThread "Finalizer" daemon [_thread_blocked, id=17679, stack(0x00007f67e8c8a000,0x00007f67e8d8b000)]
  0x00007f67e407a800 JavaThread "Reference Handler" daemon [_thread_blocked, id=17678, stack(0x00007f67e8d8b000,0x00007f67e8e8c000)]
  0x00007f67e400a800 JavaThread "main" [_thread_blocked, id=17669, stack(0x00007f67ee050000,0x00007f67ee151000)]

Other Threads:
=>0x00007f67e4076000 VMThread [stack: 0x00007f67e8e8c000,0x00007f67e8f8d000] [id=17677]
  0x00007f67e40b9000 WatcherThread [stack: 0x00007f67e84ba000,0x00007f67e85bb000] [id=17684]

VM state:at safepoint (normal execution)

VM Mutex/Monitor currently owned by a thread:  ([mutex/lock_event])
[0x00007f67e4006440] ExpandHeap_lock - owner thread: 0x00007f67e4076000
[0x00007f67e4006ac0] Threads_lock - owner thread: 0x00007f67e4076000
[0x00007f67e4006fc0] Heap_lock - owner thread: 0x00007f67e41a4800

Heap
 PSYoungGen      total 230400K, used 0K [0x00000000eaa80000, 0x00000000ffd00000, 0x0000000100000000)
  eden space 117248K, 0% used [0x00000000eaa80000,0x00000000eaa80000,0x00000000f1d00000)
  from space 113152K, 0% used [0x00000000f8e80000,0x00000000f8e80000,0x00000000ffd00000)
  to   space 114688K, 0% used [0x00000000f1d00000,0x00000000f1d00000,0x00000000f8d00000)
 ParOldGen       total 424448K, used 363141K [0x00000000c0000000, 0x00000000d9e80000, 0x00000000eaa80000)
  object space 424448K, 85% used [0x00000000c0000000,0x00000000d62a17e0,0x00000000d9e80000)
 PSPermGen       total 21504K, used 6524K [0x00000000b5a00000, 0x00000000b6f00000, 0x00000000c0000000)
  object space 21504K, 30% used [0x00000000b5a00000,0x00000000b605f168,0x00000000b6f00000)

Card table byte_map: [0x00007f67eaa35000,0x00007f67eac89000] byte_map_base: 0x00007f67ea488000

Polling page: 0x00007f67ee174000

Code Cache  [0x00007f67e1000000, 0x00007f67e1440000, 0x00007f67e4000000)
 total_blobs=1328 nmethods=1097 adapters=184 free_code_cache=44891Kb largest_free_block=45881664

Compilation events (10 events):
Event: 19,500 Thread 0x00007f67e40a9800 nmethod 1132 0x00007f67e1182bd0 code [0x00007f67e1182d00, 0x00007f67e1182d78]
Event: 19,500 Thread 0x00007f67e40a9800 1133             com.android.dx.ssa.back.LivenessAnalyzer::liveOutAtStatement (61 bytes)
Event: 19,521 Thread 0x00007f67e40a9800 nmethod 1133 0x00007f67e142a010 code [0x00007f67e142a200, 0x00007f67e142aa88]
Event: 19,521 Thread 0x00007f67e40a9800 1134             com.android.dx.ssa.back.LivenessAnalyzer::liveInAtStatement (55 bytes)
Event: 19,550 Thread 0x00007f67e40a9800 nmethod 1134 0x00007f67e1428b10 code [0x00007f67e1428ce0, 0x00007f67e1429788]
Event: 19,550 Thread 0x00007f67e40a9800 1135             com.android.dx.ssa.back.InterferenceGraph::add (46 bytes)
Event: 19,574 Thread 0x00007f67e40a9800 nmethod 1135 0x00007f67e1435dd0 code [0x00007f67e1435fa0, 0x00007f67e14366a8]
Event: 19,574 Thread 0x00007f67e40a9800 1136             com.android.dx.ssa.back.LivenessAnalyzer::liveOutAtBlock (68 bytes)
Event: 19,575 Thread 0x00007f67e40ac000 nmethod 1128 0x00007f67e1436d50 code [0x00007f67e14371a0, 0x00007f67e143aae8]
Event: 19,575 Thread 0x00007f67e40ac000 1137             com.android.dx.ssa.SetFactory::makeLivenessSet (26 bytes)

GC Heap History (10 events):
Event: 18,031 GC heap after
Heap after GC invocations=21 (full 4):
 PSYoungGen      total 233472K, used 70763K [0x00000000eaa80000, 0x0000000100000000, 0x0000000100000000)
  eden space 117248K, 0% used [0x00000000eaa80000,0x00000000eaa80000,0x00000000f1d00000)
  from space 116224K, 60% used [0x00000000f1d00000,0x00000000f621afb8,0x00000000f8e80000)
  to   space 116224K, 0% used [0x00000000f8e80000,0x00000000f8e80000,0x0000000100000000)
 ParOldGen       total 354304K, used 350541K [0x00000000c0000000, 0x00000000d5a00000, 0x00000000eaa80000)
  object space 354304K, 98% used [0x00000000c0000000,0x00000000d5653630,0x00000000d5a00000)
 PSPermGen       total 21504K, used 6523K [0x00000000b5a00000, 0x00000000b6f00000, 0x00000000c0000000)
  object space 21504K, 30% used [0x00000000b5a00000,0x00000000b605ef50,0x00000000b6f00000)
}
Event: 18,031 GC heap before
{Heap before GC invocations=22 (full 5):
 PSYoungGen      total 233472K, used 70763K [0x00000000eaa80000, 0x0000000100000000, 0x0000000100000000)
  eden space 117248K, 0% used [0x00000000eaa80000,0x00000000eaa80000,0x00000000f1d00000)
  from space 116224K, 60% used [0x00000000f1d00000,0x00000000f621afb8,0x00000000f8e80000)
  to   space 116224K, 0% used [0x00000000f8e80000,0x00000000f8e80000,0x0000000100000000)
 ParOldGen       total 354304K, used 350541K [0x00000000c0000000, 0x00000000d5a00000, 0x00000000eaa80000)
  object space 354304K, 98% used [0x00000000c0000000,0x00000000d5653630,0x00000000d5a00000)
 PSPermGen       total 21504K, used 6523K [0x00000000b5a00000, 0x00000000b6f00000, 0x00000000c0000000)
  object space 21504K, 30% used [0x00000000b5a00000,0x00000000b605ef50,0x00000000b6f00000)
Event: 18,633 GC heap after
Heap after GC invocations=22 (full 5):
 PSYoungGen      total 233472K, used 0K [0x00000000eaa80000, 0x0000000100000000, 0x0000000100000000)
  eden space 117248K, 0% used [0x00000000eaa80000,0x00000000eaa80000,0x00000000f1d00000)
  from space 116224K, 0% used [0x00000000f1d00000,0x00000000f1d00000,0x00000000f8e80000)
  to   space 116224K, 0% used [0x00000000f8e80000,0x00000000f8e80000,0x0000000100000000)
 ParOldGen       total 424448K, used 247017K [0x00000000c0000000, 0x00000000d9e80000, 0x00000000eaa80000)
  object space 424448K, 58% used [0x00000000c0000000,0x00000000cf13a480,0x00000000d9e80000)
 PSPermGen       total 21504K, used 6523K [0x00000000b5a00000, 0x00000000b6f00000, 0x00000000c0000000)
  object space 21504K, 30% used [0x00000000b5a00000,0x00000000b605ee90,0x00000000b6f00000)
}
Event: 18,702 GC heap before
{Heap before GC invocations=23 (full 5):
 PSYoungGen      total 233472K, used 117248K [0x00000000eaa80000, 0x0000000100000000, 0x0000000100000000)
  eden space 117248K, 100% used [0x00000000eaa80000,0x00000000f1d00000,0x00000000f1d00000)
  from space 116224K, 0% used [0x00000000f1d00000,0x00000000f1d00000,0x00000000f8e80000)
  to   space 116224K, 0% used [0x00000000f8e80000,0x00000000f8e80000,0x0000000100000000)
 ParOldGen       total 424448K, used 247017K [0x00000000c0000000, 0x00000000d9e80000, 0x00000000eaa80000)
  object space 424448K, 58% used [0x00000000c0000000,0x00000000cf13a480,0x00000000d9e80000)
 PSPermGen       total 21504K, used 6523K [0x00000000b5a00000, 0x00000000b6f00000, 0x00000000c0000000)
  object space 21504K, 30% used [0x00000000b5a00000,0x00000000b605ee90,0x00000000b6f00000)
Event: 18,729 GC heap after
Heap after GC invocations=23 (full 5):
 PSYoungGen      total 233472K, used 61280K [0x00000000eaa80000, 0x0000000100000000, 0x0000000100000000)
  eden space 117248K, 0% used [0x00000000eaa80000,0x00000000eaa80000,0x00000000f1d00000)
  from space 116224K, 52% used [0x00000000f8e80000,0x00000000fca58000,0x0000000100000000)
  to   space 116224K, 0% used [0x00000000f1d00000,0x00000000f1d00000,0x00000000f8e80000)
 ParOldGen       total 424448K, used 247017K [0x00000000c0000000, 0x00000000d9e80000, 0x00000000eaa80000)
  object space 424448K, 58% used [0x00000000c0000000,0x00000000cf13a480,0x00000000d9e80000)
 PSPermGen       total 21504K, used 6523K [0x00000000b5a00000, 0x00000000b6f00000, 0x00000000c0000000)
  object space 21504K, 30% used [0x00000000b5a00000,0x00000000b605ee90,0x00000000b6f00000)
}
Event: 19,060 GC heap before
{Heap before GC invocations=24 (full 5):
 PSYoungGen      total 233472K, used 178528K [0x00000000eaa80000, 0x0000000100000000, 0x0000000100000000)
  eden space 117248K, 100% used [0x00000000eaa80000,0x00000000f1d00000,0x00000000f1d00000)
  from space 116224K, 52% used [0x00000000f8e80000,0x00000000fca58000,0x0000000100000000)
  to   space 116224K, 0% used [0x00000000f1d00000,0x00000000f1d00000,0x00000000f8e80000)
 ParOldGen       total 424448K, used 247017K [0x00000000c0000000, 0x00000000d9e80000, 0x00000000eaa80000)
  object space 424448K, 58% used [0x00000000c0000000,0x00000000cf13a480,0x00000000d9e80000)
 PSPermGen       total 21504K, used 6524K [0x00000000b5a00000, 0x00000000b6f00000, 0x00000000c0000000)
  object space 21504K, 30% used [0x00000000b5a00000,0x00000000b605f188,0x00000000b6f00000)
Event: 19,115 GC heap after
Heap after GC invocations=24 (full 5):
 PSYoungGen      total 233472K, used 40787K [0x00000000eaa80000, 0x0000000100000000, 0x0000000100000000)
  eden space 117248K, 0% used [0x00000000eaa80000,0x00000000eaa80000,0x00000000f1d00000)
  from space 116224K, 35% used [0x00000000f1d00000,0x00000000f44d4e88,0x00000000f8e80000)
  to   space 116224K, 0% used [0x00000000f8e80000,0x00000000f8e80000,0x0000000100000000)
 ParOldGen       total 424448K, used 311153K [0x00000000c0000000, 0x00000000d9e80000, 0x00000000eaa80000)
  object space 424448K, 73% used [0x00000000c0000000,0x00000000d2fdc480,0x00000000d9e80000)
 PSPermGen       total 21504K, used 6524K [0x00000000b5a00000, 0x00000000b6f00000, 0x00000000c0000000)
  object space 21504K, 30% used [0x00000000b5a00000,0x00000000b605f188,0x00000000b6f00000)
}
Event: 19,579 GC heap before
{Heap before GC invocations=25 (full 5):
 PSYoungGen      total 233472K, used 158035K [0x00000000eaa80000, 0x0000000100000000, 0x0000000100000000)
  eden space 117248K, 100% used [0x00000000eaa80000,0x00000000f1d00000,0x00000000f1d00000)
  from space 116224K, 35% used [0x00000000f1d00000,0x00000000f44d4e88,0x00000000f8e80000)
  to   space 116224K, 0% used [0x00000000f8e80000,0x00000000f8e80000,0x0000000100000000)
 ParOldGen       total 424448K, used 311153K [0x00000000c0000000, 0x00000000d9e80000, 0x00000000eaa80000)
  object space 424448K, 73% used [0x00000000c0000000,0x00000000d2fdc480,0x00000000d9e80000)
 PSPermGen       total 21504K, used 6524K [0x00000000b5a00000, 0x00000000b6f00000, 0x00000000c0000000)
  object space 21504K, 30% used [0x00000000b5a00000,0x00000000b605f188,0x00000000b6f00000)
Event: 19,626 GC heap after
Heap after GC invocations=25 (full 5):
 PSYoungGen      total 230400K, used 18441K [0x00000000eaa80000, 0x00000000ffd00000, 0x0000000100000000)
  eden space 117248K, 0% used [0x00000000eaa80000,0x00000000eaa80000,0x00000000f1d00000)
  from space 113152K, 16% used [0x00000000f8e80000,0x00000000fa0824f0,0x00000000ffd00000)
  to   space 114688K, 0% used [0x00000000f1d00000,0x00000000f1d00000,0x00000000f8d00000)
 ParOldGen       total 424448K, used 352397K [0x00000000c0000000, 0x00000000d9e80000, 0x00000000eaa80000)
  object space 424448K, 83% used [0x00000000c0000000,0x00000000d58236d0,0x00000000d9e80000)
 PSPermGen       total 21504K, used 6524K [0x00000000b5a00000, 0x00000000b6f00000, 0x00000000c0000000)
  object space 21504K, 30% used [0x00000000b5a00000,0x00000000b605f188,0x00000000b6f00000)
}
Event: 19,626 GC heap before
{Heap before GC invocations=26 (full 6):
 PSYoungGen      total 230400K, used 18441K [0x00000000eaa80000, 0x00000000ffd00000, 0x0000000100000000)
  eden space 117248K, 0% used [0x00000000eaa80000,0x00000000eaa80000,0x00000000f1d00000)
  from space 113152K, 16% used [0x00000000f8e80000,0x00000000fa0824f0,0x00000000ffd00000)
  to   space 114688K, 0% used [0x00000000f1d00000,0x00000000f1d00000,0x00000000f8d00000)
 ParOldGen       total 424448K, used 352397K [0x00000000c0000000, 0x00000000d9e80000, 0x00000000eaa80000)
  object space 424448K, 83% used [0x00000000c0000000,0x00000000d58236d0,0x00000000d9e80000)
 PSPermGen       total 21504K, used 6524K [0x00000000b5a00000, 0x00000000b6f00000, 0x00000000c0000000)
  object space 21504K, 30% used [0x00000000b5a00000,0x00000000b605f188,0x00000000b6f00000)

Deoptimization events (10 events):
Event: 16,656 Thread 0x00007f67e41a5800 Uncommon trap: reason=class_check action=maybe_recompile pc=0x00007f67e12678d8 method=com.android.dx.util.BitIntSet.merge(Lcom/android/dx/util/IntSet;)V @ 1
Event: 16,656 Thread 0x00007f67e41a5800 Uncommon trap: reason=class_check action=maybe_recompile pc=0x00007f67e12489f8 method=com.android.dx.ssa.back.InterferenceGraph.mergeInterferenceSet(ILcom/android/dx/util/IntSet;)V @ 20
Event: 16,656 Thread 0x00007f67e41a5800 Uncommon trap: reason=class_check action=maybe_recompile pc=0x00007f67e12678d8 method=com.android.dx.util.BitIntSet.merge(Lcom/android/dx/util/IntSet;)V @ 1
Event: 16,676 Thread 0x00007f67e41a5800 Uncommon trap: reason=class_check action=maybe_recompile pc=0x00007f67e11d6028 method=com.android.dx.ssa.back.InterferenceGraph.mergeInterferenceSet(ILcom/android/dx/util/IntSet;)V @ 20
Event: 16,676 Thread 0x00007f67e41a5800 Uncommon trap: reason=class_check action=maybe_recompile pc=0x00007f67e12678d8 method=com.android.dx.util.BitIntSet.merge(Lcom/android/dx/util/IntSet;)V @ 1
Event: 16,676 Thread 0x00007f67e41a5800 Uncommon trap: reason=class_check action=maybe_recompile pc=0x00007f67e12489f8 method=com.android.dx.ssa.back.InterferenceGraph.mergeInterferenceSet(ILcom/android/dx/util/IntSet;)V @ 20
Event: 16,676 Thread 0x00007f67e41a5800 Uncommon trap: reason=class_check action=maybe_recompile pc=0x00007f67e1268014 method=com.android.dx.ssa.back.InterferenceGraph.mergeInterferenceSet(ILcom/android/dx/util/IntSet;)V @ 20
Event: 16,883 Thread 0x00007f67e419c000 Uncommon trap: reason=class_check action=maybe_recompile pc=0x00007f67e122dfec method=com.android.dx.ssa.back.InterferenceGraph.mergeInterferenceSet(ILcom/android/dx/util/IntSet;)V @ 20
Event: 18,775 Thread 0x00007f67e41a5800 Uncommon trap: reason=class_check action=maybe_recompile pc=0x00007f67e12b01f0 method=com.android.dx.ssa.SsaConverter.placePhiFunctions(Lcom/android/dx/ssa/SsaMethod;Lcom/android/dx/ssa/LocalVariableInfo;I)V @ 257
Event: 19,413 Thread 0x00007f67e400a800 Uncommon trap: reason=unstable_if action=reinterpret pc=0x00007f67e1235ca0 method=com.android.dx.cf.code.Merger.mergeType(Lcom/android/dx/rop/type/TypeBearer;Lcom/android/dx/rop/type/TypeBearer;)Lcom/android/dx/rop/type/TypeBearer; @ 52

Internal exceptions (10 events):
Event: 4,694 Thread 0x00007f67e41a5800 Threw 0x00000000eb747478 at /build/openjdk-7-9duhBW/openjdk-7-7u101-2.6.6/build/openjdk/hotspot/src/share/vm/prims/jvm.cpp:1322
Event: 5,414 Thread 0x00007f67e400a800 Implicit null exception at 0x00007f67e111e217 to 0x00007f67e111e8f9
Event: 6,419 Thread 0x00007f67e41a5800 Implicit null exception at 0x00007f67e1134209 to 0x00007f67e11384a5
Event: 8,678 Thread 0x00007f67e400a800 Threw 0x00000000eb240100 at /build/openjdk-7-9duhBW/openjdk-7-7u101-2.6.6/build/openjdk/hotspot/src/share/vm/prims/jvm.cpp:1322
Event: 9,678 Thread 0x00007f67e400a800 Implicit null exception at 0x00007f67e121ee55 to 0x00007f67e1222319
Event: 13,479 Thread 0x00007f67e41a5800 Implicit null exception at 0x00007f67e11ee50b to 0x00007f67e11ef531
Event: 13,519 Thread 0x00007f67e400a800 Implicit null exception at 0x00007f67e136bb6f to 0x00007f67e136c569
Event: 14,626 Thread 0x00007f67e400a800 Threw 0x00000000eb3a7210 at /build/openjdk-7-9duhBW/openjdk-7-7u101-2.6.6/build/openjdk/hotspot/src/share/vm/prims/jvm.cpp:1322
Event: 15,815 Thread 0x00007f67e41a5800 Threw 0x00000000ee3052d0 at /build/openjdk-7-9duhBW/openjdk-7-7u101-2.6.6/build/openjdk/hotspot/src/share/vm/prims/jvm.cpp:1322
Event: 15,848 Thread 0x00007f67e41a5800 Threw 0x00000000ee5e2fd0 at /build/openjdk-7-9duhBW/openjdk-7-7u101-2.6.6/build/openjdk/hotspot/src/share/vm/prims/jvm.cpp:1322

Events (10 events):
Event: 19,204 Thread 0x00007f67e40ac000 flushing nmethod 0x00007f67e10e04d0
Event: 19,206 Thread 0x00007f67e40ac000 flushing nmethod 0x00007f67e112b1d0
Event: 19,248 Thread 0x00007f67e40a9800 flushing nmethod 0x00007f67e11f3410
Event: 19,248 Thread 0x00007f67e40a9800 flushing nmethod 0x00007f67e11f6990
Event: 19,250 Thread 0x00007f67e40ac000 flushing nmethod 0x00007f67e1280a50
Event: 19,254 Thread 0x00007f67e40a9800 flushing nmethod 0x00007f67e13881d0
Event: 19,413 Thread 0x00007f67e400a800 Uncommon trap: trap_request=0xffffff75 fr.pc=0x00007f67e1235ca0
Event: 19,413 Thread 0x00007f67e400a800 DEOPT PACKING pc=0x00007f67e1235ca0 sp=0x00007f67ee14ea20
Event: 19,413 Thread 0x00007f67e400a800 DEOPT UNPACKING pc=0x00007f67e1039445 sp=0x00007f67ee14e970 mode 2
Event: 19,579 Executing VM operation: ParallelGCFailedAllocation


Dynamic libraries:
00400000-00401000 r-xp 00000000 08:04 28837979                           /usr/lib/jvm/java-7-openjdk-amd64/jre/bin/java
00600000-00601000 r--p 00000000 08:04 28837979                           /usr/lib/jvm/java-7-openjdk-amd64/jre/bin/java
00601000-00602000 rw-p 00001000 08:04 28837979                           /usr/lib/jvm/java-7-openjdk-amd64/jre/bin/java
0189d000-018be000 rw-p 00000000 00:00 0                                  [heap]
b5a00000-b6f00000 rw-p 00000000 00:00 0 
b6f00000-c0000000 rw-p 00000000 00:00 0 
c0000000-d9e80000 rw-p 00000000 00:00 0 
e3a00000-eaa80000 rw-p 00000000 00:00 0 
eaa80000-ffd00000 rw-p 00000000 00:00 0 
ffd00000-100000000 ---p 00000000 00:00 0 
7f6794000000-7f6794037000 rw-p 00000000 00:00 0 
7f6794037000-7f6798000000 ---p 00000000 00:00 0 
7f6798000000-7f6798026000 rw-p 00000000 00:00 0 
7f6798026000-7f679c000000 ---p 00000000 00:00 0 
7f679c000000-7f679c021000 rw-p 00000000 00:00 0 
7f679c021000-7f67a0000000 ---p 00000000 00:00 0 
7f67a0000000-7f67a0021000 rw-p 00000000 00:00 0 
7f67a0021000-7f67a4000000 ---p 00000000 00:00 0 
7f67a4000000-7f67a4021000 rw-p 00000000 00:00 0 
7f67a4021000-7f67a8000000 ---p 00000000 00:00 0 
7f67a8000000-7f67a8031000 rw-p 00000000 00:00 0 
7f67a8031000-7f67ac000000 ---p 00000000 00:00 0 
7f67ac000000-7f67ad755000 rw-p 00000000 00:00 0 
7f67ad755000-7f67b0000000 ---p 00000000 00:00 0 
7f67b0000000-7f67b0021000 rw-p 00000000 00:00 0 
7f67b0021000-7f67b4000000 ---p 00000000 00:00 0 
7f67b4000000-7f67b4021000 rw-p 00000000 00:00 0 
7f67b4021000-7f67b8000000 ---p 00000000 00:00 0 
7f67b8000000-7f67ba72e000 rw-p 00000000 00:00 0 
7f67ba72e000-7f67bc000000 ---p 00000000 00:00 0 
7f67bc000000-7f67bc021000 rw-p 00000000 00:00 0 
7f67bc021000-7f67c0000000 ---p 00000000 00:00 0 
7f67c0000000-7f67c0021000 rw-p 00000000 00:00 0 
7f67c0021000-7f67c4000000 ---p 00000000 00:00 0 
7f67c4000000-7f67c4021000 rw-p 00000000 00:00 0 
7f67c4021000-7f67c8000000 ---p 00000000 00:00 0 
7f67c8000000-7f67c8021000 rw-p 00000000 00:00 0 
7f67c8021000-7f67cc000000 ---p 00000000 00:00 0 
7f67cc000000-7f67cc021000 rw-p 00000000 00:00 0 
7f67cc021000-7f67d0000000 ---p 00000000 00:00 0 
7f67d4000000-7f67d4021000 rw-p 00000000 00:00 0 
7f67d4021000-7f67d8000000 ---p 00000000 00:00 0 
7f67d9185000-7f67d9188000 ---p 00000000 00:00 0 
7f67d9188000-7f67d9286000 rw-p 00000000 00:00 0                          [stack:17694]
7f67d9286000-7f67d9289000 ---p 00000000 00:00 0 
7f67d9289000-7f67d9387000 rw-p 00000000 00:00 0                          [stack:17693]
7f67d9387000-7f67d938a000 ---p 00000000 00:00 0 
7f67d938a000-7f67d9488000 rw-p 00000000 00:00 0                          [stack:17692]
7f67d9488000-7f67d948b000 ---p 00000000 00:00 0 
7f67d948b000-7f67d9589000 rw-p 00000000 00:00 0                          [stack:17691]
7f67d9589000-7f67d958c000 ---p 00000000 00:00 0 
7f67d958c000-7f67d968a000 rw-p 00000000 00:00 0                          [stack:17690]
7f67d968a000-7f67d96c7000 r-xp 00000000 08:04 5247291                    /lib/x86_64-linux-gnu/libpcre.so.3.13.1
7f67d96c7000-7f67d98c6000 ---p 0003d000 08:04 5247291                    /lib/x86_64-linux-gnu/libpcre.so.3.13.1
7f67d98c6000-7f67d98c7000 r--p 0003c000 08:04 5247291                    /lib/x86_64-linux-gnu/libpcre.so.3.13.1
7f67d98c7000-7f67d98c8000 rw-p 0003d000 08:04 5247291                    /lib/x86_64-linux-gnu/libpcre.so.3.13.1
7f67d98c8000-7f67d98cf000 r-xp 00000000 08:04 28712694                   /usr/lib/x86_64-linux-gnu/libffi.so.6.0.1
7f67d98cf000-7f67d9ace000 ---p 00007000 08:04 28712694                   /usr/lib/x86_64-linux-gnu/libffi.so.6.0.1
7f67d9ace000-7f67d9acf000 r--p 00006000 08:04 28712694                   /usr/lib/x86_64-linux-gnu/libffi.so.6.0.1
7f67d9acf000-7f67d9ad0000 rw-p 00007000 08:04 28712694                   /usr/lib/x86_64-linux-gnu/libffi.so.6.0.1
7f67d9ad0000-7f67dc000000 rw-p 00000000 00:00 0 
7f67dc000000-7f67dc021000 rw-p 00000000 00:00 0 
7f67dc021000-7f67e0000000 ---p 00000000 00:00 0 
7f67e00c1000-7f67e00f2000 rw-p 00000000 00:00 0 
7f67e00f2000-7f67e0109000 r-xp 00000000 08:04 5247314                    /lib/x86_64-linux-gnu/libresolv-2.19.so
7f67e0109000-7f67e0309000 ---p 00017000 08:04 5247314                    /lib/x86_64-linux-gnu/libresolv-2.19.so
7f67e0309000-7f67e030a000 r--p 00017000 08:04 5247314                    /lib/x86_64-linux-gnu/libresolv-2.19.so
7f67e030a000-7f67e030b000 rw-p 00018000 08:04 5247314                    /lib/x86_64-linux-gnu/libresolv-2.19.so
7f67e030b000-7f67e030d000 rw-p 00000000 00:00 0 
7f67e030d000-7f67e032d000 r-xp 00000000 08:04 5247318                    /lib/x86_64-linux-gnu/libselinux.so.1
7f67e032d000-7f67e052c000 ---p 00020000 08:04 5247318                    /lib/x86_64-linux-gnu/libselinux.so.1
7f67e052c000-7f67e052d000 r--p 0001f000 08:04 5247318                    /lib/x86_64-linux-gnu/libselinux.so.1
7f67e052d000-7f67e052e000 rw-p 00020000 08:04 5247318                    /lib/x86_64-linux-gnu/libselinux.so.1
7f67e052e000-7f67e0530000 rw-p 00000000 00:00 0 
7f67e0530000-7f67e0533000 r-xp 00000000 08:04 28712833                   /usr/lib/x86_64-linux-gnu/libgmodule-2.0.so.0.4002.0
7f67e0533000-7f67e0732000 ---p 00003000 08:04 28712833                   /usr/lib/x86_64-linux-gnu/libgmodule-2.0.so.0.4002.0
7f67e0732000-7f67e0733000 r--p 00002000 08:04 28712833                   /usr/lib/x86_64-linux-gnu/libgmodule-2.0.so.0.4002.0
7f67e0733000-7f67e0734000 rw-p 00003000 08:04 28712833                   /usr/lib/x86_64-linux-gnu/libgmodule-2.0.so.0.4002.0
7f67e0734000-7f67e083a000 r-xp 00000000 08:04 5247218                    /lib/x86_64-linux-gnu/libglib-2.0.so.0.4002.0
7f67e083a000-7f67e0a39000 ---p 00106000 08:04 5247218                    /lib/x86_64-linux-gnu/libglib-2.0.so.0.4002.0
7f67e0a39000-7f67e0a3a000 r--p 00105000 08:04 5247218                    /lib/x86_64-linux-gnu/libglib-2.0.so.0.4002.0
7f67e0a3a000-7f67e0a3b000 rw-p 00106000 08:04 5247218                    /lib/x86_64-linux-gnu/libglib-2.0.so.0.4002.0
7f67e0a3b000-7f67e0a3c000 rw-p 00000000 00:00 0 
7f67e0a3c000-7f67e0a8b000 r-xp 00000000 08:04 28712857                   /usr/lib/x86_64-linux-gnu/libgobject-2.0.so.0.4002.0
7f67e0a8b000-7f67e0c8b000 ---p 0004f000 08:04 28712857                   /usr/lib/x86_64-linux-gnu/libgobject-2.0.so.0.4002.0
7f67e0c8b000-7f67e0c8c000 r--p 0004f000 08:04 28712857                   /usr/lib/x86_64-linux-gnu/libgobject-2.0.so.0.4002.0
7f67e0c8c000-7f67e0c8d000 rw-p 00050000 08:04 28712857                   /usr/lib/x86_64-linux-gnu/libgobject-2.0.so.0.4002.0
7f67e0c8d000-7f67e0df9000 r-xp 00000000 08:04 28712819                   /usr/lib/x86_64-linux-gnu/libgio-2.0.so.0.4002.0
7f67e0df9000-7f67e0ff8000 ---p 0016c000 08:04 28712819                   /usr/lib/x86_64-linux-gnu/libgio-2.0.so.0.4002.0
7f67e0ff8000-7f67e0ffc000 r--p 0016b000 08:04 28712819                   /usr/lib/x86_64-linux-gnu/libgio-2.0.so.0.4002.0
7f67e0ffc000-7f67e0ffe000 rw-p 0016f000 08:04 28712819                   /usr/lib/x86_64-linux-gnu/libgio-2.0.so.0.4002.0
7f67e0ffe000-7f67e1000000 rw-p 00000000 00:00 0 
7f67e1000000-7f67e1440000 rwxp 00000000 00:00 0 
7f67e1440000-7f67e422e000 rw-p 00000000 00:00 0 
7f67e422e000-7f67e8000000 ---p 00000000 00:00 0 
7f67e8002000-7f67e8009000 r--s 00000000 08:04 29231493                   /usr/lib/x86_64-linux-gnu/gconv/gconv-modules.cache
7f67e8009000-7f67e802b000 r--p 00000000 08:04 30685233                   /usr/share/locale-langpack/pt_BR/LC_MESSAGES/libc.mo
7f67e802b000-7f67e8042000 r-xp 00000000 08:04 28843097                   /usr/lib/jvm/java-7-openjdk-amd64/jre/lib/amd64/libnet.so
7f67e8042000-7f67e8241000 ---p 00017000 08:04 28843097                   /usr/lib/jvm/java-7-openjdk-amd64/jre/lib/amd64/libnet.so
7f67e8241000-7f67e8242000 r--p 00016000 08:04 28843097                   /usr/lib/jvm/java-7-openjdk-amd64/jre/lib/amd64/libnet.so
7f67e8242000-7f67e8243000 rw-p 00017000 08:04 28843097                   /usr/lib/jvm/java-7-openjdk-amd64/jre/lib/amd64/libnet.so
7f67e8243000-7f67e8253000 r-xp 00000000 08:04 28843118                   /usr/lib/jvm/java-7-openjdk-amd64/jre/lib/amd64/libnio.so
7f67e8253000-7f67e8453000 ---p 00010000 08:04 28843118                   /usr/lib/jvm/java-7-openjdk-amd64/jre/lib/amd64/libnio.so
7f67e8453000-7f67e8454000 r--p 00010000 08:04 28843118                   /usr/lib/jvm/java-7-openjdk-amd64/jre/lib/amd64/libnio.so
7f67e8454000-7f67e8455000 rw-p 00011000 08:04 28843118                   /usr/lib/jvm/java-7-openjdk-amd64/jre/lib/amd64/libnio.so
7f67e8455000-7f67e84ab000 r--s 00303000 08:04 35525277                   /home/luan/AndroidStudioProjects/BioB/app/build/intermediates/exploded-aar/com.google.android.gms/play-services/6.5.87/jars/classes.jar
7f67e84ab000-7f67e84ba000 r--s 000df000 08:04 32507487                   /home/luan/Android/Sdk/build-tools/23.0.3/lib/dx.jar
7f67e84ba000-7f67e84bb000 ---p 00000000 00:00 0 
7f67e84bb000-7f67e85bb000 rw-p 00000000 00:00 0                          [stack:17684]
7f67e85bb000-7f67e85be000 ---p 00000000 00:00 0 
7f67e85be000-7f67e86bc000 rw-p 00000000 00:00 0                          [stack:17683]
7f67e86bc000-7f67e86bf000 ---p 00000000 00:00 0 
7f67e86bf000-7f67e87bd000 rw-p 00000000 00:00 0                          [stack:17682]
7f67e87bd000-7f67e87c0000 ---p 00000000 00:00 0 
7f67e87c0000-7f67e88be000 rw-p 00000000 00:00 0                          [stack:17681]
7f67e88be000-7f67e88c1000 ---p 00000000 00:00 0 
7f67e88c1000-7f67e89bf000 rw-p 00000000 00:00 0                          [stack:17680]
7f67e89bf000-7f67e8c8a000 r--p 00000000 08:04 28711040                   /usr/lib/locale/locale-archive
7f67e8c8a000-7f67e8c8d000 ---p 00000000 00:00 0 
7f67e8c8d000-7f67e8d8b000 rw-p 00000000 00:00 0                          [stack:17679]
7f67e8d8b000-7f67e8d8e000 ---p 00000000 00:00 0 
7f67e8d8e000-7f67e8e8c000 rw-p 00000000 00:00 0                          [stack:17678]
7f67e8e8c000-7f67e8e8d000 ---p 00000000 00:00 0 
7f67e8e8d000-7f67e9f8a000 rw-p 00000000 00:00 0                          [stack:17677]
7f67e9f8a000-7f67ea13c000 r--s 01d32000 08:04 28843131                   /usr/lib/jvm/java-7-openjdk-amd64/jre/lib/rt.jar
7f67ea13c000-7f67ea488000 rw-p 00000000 00:00 0 
7f67ea488000-7f67ea489000 ---p 00000000 00:00 0 
7f67ea489000-7f67ea589000 rw-p 00000000 00:00 0                          [stack:17676]
7f67ea589000-7f67ea58a000 ---p 00000000 00:00 0 
7f67ea58a000-7f67ea68a000 rw-p 00000000 00:00 0                          [stack:17675]
7f67ea68a000-7f67ea68b000 ---p 00000000 00:00 0 
7f67ea68b000-7f67ea78b000 rw-p 00000000 00:00 0                          [stack:17674]
7f67ea78b000-7f67ea78c000 ---p 00000000 00:00 0 
7f67ea78c000-7f67ea897000 rw-p 00000000 00:00 0                          [stack:17673]
7f67ea897000-7f67ea8df000 rw-p 00000000 00:00 0 
7f67ea8df000-7f67ea9af000 rw-p 00000000 00:00 0 
7f67ea9af000-7f67eaa35000 rw-p 00000000 00:00 0 
7f67eaa35000-7f67eaa40000 rw-p 00000000 00:00 0 
7f67eaa40000-7f67eaa88000 rw-p 00000000 00:00 0 
7f67eaa88000-7f67eab58000 rw-p 00000000 00:00 0 
7f67eab58000-7f67eabdd000 rw-p 00000000 00:00 0 
7f67eabdd000-7f67eac87000 rw-p 00000000 00:00 0 
7f67eac87000-7f67eac88000 ---p 00000000 00:00 0 
7f67eac88000-7f67eac89000 rw-p 00000000 00:00 0 
7f67eac89000-7f67eac91000 r-xp 00000000 08:04 28843102                   /usr/lib/jvm/java-7-openjdk-amd64/jre/lib/amd64/libzip.so
7f67eac91000-7f67eae90000 ---p 00008000 08:04 28843102                   /usr/lib/jvm/java-7-openjdk-amd64/jre/lib/amd64/libzip.so
7f67eae90000-7f67eae91000 r--p 00007000 08:04 28843102                   /usr/lib/jvm/java-7-openjdk-amd64/jre/lib/amd64/libzip.so
7f67eae91000-7f67eae92000 rw-p 00008000 08:04 28843102                   /usr/lib/jvm/java-7-openjdk-amd64/jre/lib/amd64/libzip.so
7f67eae92000-7f67eae9d000 r-xp 00000000 08:04 5247263                    /lib/x86_64-linux-gnu/libnss_files-2.19.so
7f67eae9d000-7f67eb09c000 ---p 0000b000 08:04 5247263                    /lib/x86_64-linux-gnu/libnss_files-2.19.so
7f67eb09c000-7f67eb09d000 r--p 0000a000 08:04 5247263                    /lib/x86_64-linux-gnu/libnss_files-2.19.so
7f67eb09d000-7f67eb09e000 rw-p 0000b000 08:04 5247263                    /lib/x86_64-linux-gnu/libnss_files-2.19.so
7f67eb09e000-7f67eb0a9000 r-xp 00000000 08:04 5247273                    /lib/x86_64-linux-gnu/libnss_nis-2.19.so
7f67eb0a9000-7f67eb2a8000 ---p 0000b000 08:04 5247273                    /lib/x86_64-linux-gnu/libnss_nis-2.19.so
7f67eb2a8000-7f67eb2a9000 r--p 0000a000 08:04 5247273                    /lib/x86_64-linux-gnu/libnss_nis-2.19.so
7f67eb2a9000-7f67eb2aa000 rw-p 0000b000 08:04 5247273                    /lib/x86_64-linux-gnu/libnss_nis-2.19.so
7f67eb2aa000-7f67eb2c1000 r-xp 00000000 08:04 5247257                    /lib/x86_64-linux-gnu/libnsl-2.19.so
7f67eb2c1000-7f67eb4c0000 ---p 00017000 08:04 5247257                    /lib/x86_64-linux-gnu/libnsl-2.19.so
7f67eb4c0000-7f67eb4c1000 r--p 00016000 08:04 5247257                    /lib/x86_64-linux-gnu/libnsl-2.19.so
7f67eb4c1000-7f67eb4c2000 rw-p 00017000 08:04 5247257                    /lib/x86_64-linux-gnu/libnsl-2.19.so
7f67eb4c2000-7f67eb4c4000 rw-p 00000000 00:00 0 
7f67eb4c4000-7f67eb4cd000 r-xp 00000000 08:04 5247259                    /lib/x86_64-linux-gnu/libnss_compat-2.19.so
7f67eb4cd000-7f67eb6cc000 ---p 00009000 08:04 5247259                    /lib/x86_64-linux-gnu/libnss_compat-2.19.so
7f67eb6cc000-7f67eb6cd000 r--p 00008000 08:04 5247259                    /lib/x86_64-linux-gnu/libnss_compat-2.19.so
7f67eb6cd000-7f67eb6ce000 rw-p 00009000 08:04 5247259                    /lib/x86_64-linux-gnu/libnss_compat-2.19.so
7f67eb6ce000-7f67eb6f9000 r-xp 00000000 08:04 28843088                   /usr/lib/jvm/java-7-openjdk-amd64/jre/lib/amd64/libjava.so
7f67eb6f9000-7f67eb8f9000 ---p 0002b000 08:04 28843088                   /usr/lib/jvm/java-7-openjdk-amd64/jre/lib/amd64/libjava.so
7f67eb8f9000-7f67eb8fa000 r--p 0002b000 08:04 28843088                   /usr/lib/jvm/java-7-openjdk-amd64/jre/lib/amd64/libjava.so
7f67eb8fa000-7f67eb8fc000 rw-p 0002c000 08:04 28843088                   /usr/lib/jvm/java-7-openjdk-amd64/jre/lib/amd64/libjava.so
7f67eb8fc000-7f67eb90c000 r-xp 00000000 08:04 28843089                   /usr/lib/jvm/java-7-openjdk-amd64/jre/lib/amd64/libverify.so
7f67eb90c000-7f67ebb0b000 ---p 00010000 08:04 28843089                   /usr/lib/jvm/java-7-openjdk-amd64/jre/lib/amd64/libverify.so
7f67ebb0b000-7f67ebb0d000 r--p 0000f000 08:04 28843089                   /usr/lib/jvm/java-7-openjdk-amd64/jre/lib/amd64/libverify.so
7f67ebb0d000-7f67ebb0e000 rw-p 00011000 08:04 28843089                   /usr/lib/jvm/java-7-openjdk-amd64/jre/lib/amd64/libverify.so
7f67ebb0e000-7f67ebb15000 r-xp 00000000 08:04 5247316                    /lib/x86_64-linux-gnu/librt-2.19.so
7f67ebb15000-7f67ebd14000 ---p 00007000 08:04 5247316                    /lib/x86_64-linux-gnu/librt-2.19.so
7f67ebd14000-7f67ebd15000 r--p 00006000 08:04 5247316                    /lib/x86_64-linux-gnu/librt-2.19.so
7f67ebd15000-7f67ebd16000 rw-p 00007000 08:04 5247316                    /lib/x86_64-linux-gnu/librt-2.19.so
7f67ebd16000-7f67ebd2c000 r-xp 00000000 08:04 5247214                    /lib/x86_64-linux-gnu/libgcc_s.so.1
7f67ebd2c000-7f67ebf2b000 ---p 00016000 08:04 5247214                    /lib/x86_64-linux-gnu/libgcc_s.so.1
7f67ebf2b000-7f67ebf2c000 rw-p 00015000 08:04 5247214                    /lib/x86_64-linux-gnu/libgcc_s.so.1
7f67ebf2c000-7f67ec031000 r-xp 00000000 08:04 5247238                    /lib/x86_64-linux-gnu/libm-2.19.so
7f67ec031000-7f67ec230000 ---p 00105000 08:04 5247238                    /lib/x86_64-linux-gnu/libm-2.19.so
7f67ec230000-7f67ec231000 r--p 00104000 08:04 5247238                    /lib/x86_64-linux-gnu/libm-2.19.so
7f67ec231000-7f67ec232000 rw-p 00105000 08:04 5247238                    /lib/x86_64-linux-gnu/libm-2.19.so
7f67ec232000-7f67ec318000 r-xp 00000000 08:04 28713424                   /usr/lib/x86_64-linux-gnu/libstdc++.so.6.0.19
7f67ec318000-7f67ec517000 ---p 000e6000 08:04 28713424                   /usr/lib/x86_64-linux-gnu/libstdc++.so.6.0.19
7f67ec517000-7f67ec51f000 r--p 000e5000 08:04 28713424                   /usr/lib/x86_64-linux-gnu/libstdc++.so.6.0.19
7f67ec51f000-7f67ec521000 rw-p 000ed000 08:04 28713424                   /usr/lib/x86_64-linux-gnu/libstdc++.so.6.0.19
7f67ec521000-7f67ec536000 rw-p 00000000 00:00 0 
7f67ec536000-7f67ed05b000 r-xp 00000000 08:04 28843100                   /usr/lib/jvm/java-7-openjdk-amd64/jre/lib/amd64/server/libjvm.so
7f67ed05b000-7f67ed25b000 ---p 00b25000 08:04 28843100                   /usr/lib/jvm/java-7-openjdk-amd64/jre/lib/amd64/server/libjvm.so
7f67ed25b000-7f67ed2f5000 r--p 00b25000 08:04 28843100                   /usr/lib/jvm/java-7-openjdk-amd64/jre/lib/amd64/server/libjvm.so
7f67ed2f5000-7f67ed318000 rw-p 00bbf000 08:04 28843100                   /usr/lib/jvm/java-7-openjdk-amd64/jre/lib/amd64/server/libjvm.so
7f67ed318000-7f67ed347000 rw-p 00000000 00:00 0 
7f67ed347000-7f67ed35f000 r-xp 00000000 08:04 5247351                    /lib/x86_64-linux-gnu/libz.so.1.2.8
7f67ed35f000-7f67ed55e000 ---p 00018000 08:04 5247351                    /lib/x86_64-linux-gnu/libz.so.1.2.8
7f67ed55e000-7f67ed55f000 r--p 00017000 08:04 5247351                    /lib/x86_64-linux-gnu/libz.so.1.2.8
7f67ed55f000-7f67ed560000 rw-p 00018000 08:04 5247351                    /lib/x86_64-linux-gnu/libz.so.1.2.8
7f67ed560000-7f67ed579000 r-xp 00000000 08:04 5247308                    /lib/x86_64-linux-gnu/libpthread-2.19.so
7f67ed579000-7f67ed778000 ---p 00019000 08:04 5247308                    /lib/x86_64-linux-gnu/libpthread-2.19.so
7f67ed778000-7f67ed779000 r--p 00018000 08:04 5247308                    /lib/x86_64-linux-gnu/libpthread-2.19.so
7f67ed779000-7f67ed77a000 rw-p 00019000 08:04 5247308                    /lib/x86_64-linux-gnu/libpthread-2.19.so
7f67ed77a000-7f67ed77e000 rw-p 00000000 00:00 0 
7f67ed77e000-7f67ed781000 r-xp 00000000 08:04 5247204                    /lib/x86_64-linux-gnu/libdl-2.19.so
7f67ed781000-7f67ed980000 ---p 00003000 08:04 5247204                    /lib/x86_64-linux-gnu/libdl-2.19.so
7f67ed980000-7f67ed981000 r--p 00002000 08:04 5247204                    /lib/x86_64-linux-gnu/libdl-2.19.so
7f67ed981000-7f67ed982000 rw-p 00003000 08:04 5247204                    /lib/x86_64-linux-gnu/libdl-2.19.so
7f67ed982000-7f67edb3d000 r-xp 00000000 08:04 5247187                    /lib/x86_64-linux-gnu/libc-2.19.so
7f67edb3d000-7f67edd3c000 ---p 001bb000 08:04 5247187                    /lib/x86_64-linux-gnu/libc-2.19.so
7f67edd3c000-7f67edd40000 r--p 001ba000 08:04 5247187                    /lib/x86_64-linux-gnu/libc-2.19.so
7f67edd40000-7f67edd42000 rw-p 001be000 08:04 5247187                    /lib/x86_64-linux-gnu/libc-2.19.so
7f67edd42000-7f67edd47000 rw-p 00000000 00:00 0 
7f67edd47000-7f67edd54000 r-xp 00000000 08:04 28843115                   /usr/lib/jvm/java-7-openjdk-amd64/jre/lib/amd64/jli/libjli.so
7f67edd54000-7f67edf53000 ---p 0000d000 08:04 28843115                   /usr/lib/jvm/java-7-openjdk-amd64/jre/lib/amd64/jli/libjli.so
7f67edf53000-7f67edf54000 r--p 0000c000 08:04 28843115                   /usr/lib/jvm/java-7-openjdk-amd64/jre/lib/amd64/jli/libjli.so
7f67edf54000-7f67edf55000 rw-p 0000d000 08:04 28843115                   /usr/lib/jvm/java-7-openjdk-amd64/jre/lib/amd64/jli/libjli.so
7f67edf55000-7f67edf78000 r-xp 00000000 08:04 5247161                    /lib/x86_64-linux-gnu/ld-2.19.so
7f67edf78000-7f67edfa1000 rw-p 00000000 00:00 0 
7f67edfa1000-7f67ee050000 rw-p 00000000 00:00 0 
7f67ee050000-7f67ee053000 ---p 00000000 00:00 0 
7f67ee053000-7f67ee157000 rw-p 00000000 00:00 0                          [stack:17669]
7f67ee157000-7f67ee15b000 r--s 00085000 08:04 28843145                   /usr/lib/jvm/java-7-openjdk-amd64/jre/lib/ext/localedata.jar
7f67ee15b000-7f67ee15d000 r--s 00006000 08:04 29364344                   /usr/share/java/java-atk-wrapper.jar
7f67ee15d000-7f67ee161000 r--s 0003c000 08:04 28843146                   /usr/lib/jvm/java-7-openjdk-amd64/jre/lib/ext/sunpkcs11.jar
7f67ee161000-7f67ee164000 r--s 0000f000 08:04 28843144                   /usr/lib/jvm/java-7-openjdk-amd64/jre/lib/ext/icedtea-sound.jar
7f67ee164000-7f67ee165000 r--s 00002000 08:04 28843141                   /usr/lib/jvm/java-7-openjdk-amd64/jre/lib/ext/dnsns.jar
7f67ee165000-7f67ee167000 r--s 00012000 08:04 28843142                   /usr/lib/jvm/java-7-openjdk-amd64/jre/lib/ext/zipfs.jar
7f67ee167000-7f67ee16b000 r--s 00034000 08:04 28843143                   /usr/lib/jvm/java-7-openjdk-amd64/jre/lib/ext/sunjce_provider.jar
7f67ee16b000-7f67ee173000 rw-s 00000000 08:04 23069344                   /tmp/hsperfdata_luan/17668
7f67ee173000-7f67ee174000 rw-p 00000000 00:00 0 
7f67ee174000-7f67ee175000 ---p 00000000 00:00 0 
7f67ee175000-7f67ee177000 rw-p 00000000 00:00 0 
7f67ee177000-7f67ee178000 r--p 00022000 08:04 5247161                    /lib/x86_64-linux-gnu/ld-2.19.so
7f67ee178000-7f67ee179000 rw-p 00023000 08:04 5247161                    /lib/x86_64-linux-gnu/ld-2.19.so
7f67ee179000-7f67ee17a000 rw-p 00000000 00:00 0 
7ffdb599d000-7ffdb59be000 rw-p 00000000 00:00 0                          [stack]
7ffdb59e8000-7ffdb59ea000 r--p 00000000 00:00 0                          [vvar]
7ffdb59ea000-7ffdb59ec000 r-xp 00000000 00:00 0                          [vdso]
ffffffffff600000-ffffffffff601000 r-xp 00000000 00:00 0                  [vsyscall]

VM Arguments:
jvm_args: -Djava.awt.headless=true -Xmx1024M -Dfile.encoding=UTF-8 -Duser.country=BR -Duser.language=pt -Duser.variant 
java_command: com.android.dx.command.Main --dex --force-jumbo --num-threads=4 --multi-dex --output /home/luan/AndroidStudioProjects/BioB/app/build/intermediates/transforms/dex/debug/folders/1000/10/com.google.android.gms-play-services-6.5.87_5692326a7f23a9f2db3aeac2de0b87a5a68bd01c /home/luan/AndroidStudioProjects/BioB/app/build/intermediates/exploded-aar/com.google.android.gms/play-services/6.5.87/jars/classes.jar
Launcher Type: SUN_STANDARD

Environment Variables:
PATH=/usr/local/sbin:/usr/local/bin:/usr/sbin:/usr/bin:/sbin:/bin:/usr/games:/usr/local/games
USERNAME=luan
LD_LIBRARY_PATH=/opt/android-studio/bin:
SHELL=/bin/bash
DISPLAY=:0

Signal Handlers:
SIGSEGV: [libjvm.so+0x9561e0], sa_mask[0]=0x7ffbfeff, sa_flags=0x10000004
SIGBUS: [libjvm.so+0x9561e0], sa_mask[0]=0x7ffbfeff, sa_flags=0x10000004
SIGFPE: [libjvm.so+0x7cc4d0], sa_mask[0]=0x7ffbfeff, sa_flags=0x10000004
SIGPIPE: [libjvm.so+0x7cc4d0], sa_mask[0]=0x7ffbfeff, sa_flags=0x10000004
SIGXFSZ: [libjvm.so+0x7cc4d0], sa_mask[0]=0x7ffbfeff, sa_flags=0x10000004
SIGILL: [libjvm.so+0x7cc4d0], sa_mask[0]=0x7ffbfeff, sa_flags=0x10000004
SIGUSR1: SIG_DFL, sa_mask[0]=0x00000000, sa_flags=0x00000000
SIGUSR2: [libjvm.so+0x7cc370], sa_mask[0]=0x00000004, sa_flags=0x10000004
SIGHUP: [libjvm.so+0x7cc550], sa_mask[0]=0x7ffbfeff, sa_flags=0x10000004
SIGINT: [libjvm.so+0x7cc550], sa_mask[0]=0x7ffbfeff, sa_flags=0x10000004
SIGTERM: [libjvm.so+0x7cc550], sa_mask[0]=0x7ffbfeff, sa_flags=0x10000004
SIGQUIT: [libjvm.so+0x7cc550], sa_mask[0]=0x7ffbfeff, sa_flags=0x10000004
SIGTRAP: SIG_DFL, sa_mask[0]=0x00000000, sa_flags=0x00000000


---------------  S Y S T E M  ---------------

OS:LinuxMint 17.3 (rosa)
uname:Linux 3.19.0-32-generic #37~14.04.1-Ubuntu SMP Thu Oct 22 09:41:40 UTC 2015 x86_64
libc:glibc 2.19 NPTL 2.19 
rlimit: STACK 8192k, CORE 0k, NPROC 15302, NOFILE 4096, AS infinity
load average:9,66 5,15 2,61

/proc/meminfo:
MemTotal:        3949536 kB
MemFree:          128728 kB
MemAvailable:     103744 kB
Buffers:            2912 kB
Cached:           351408 kB
SwapCached:            0 kB
Active:          3389400 kB
Inactive:         293416 kB
Active(anon):    3341012 kB
Inactive(anon):   257332 kB
Active(file):      48388 kB
Inactive(file):    36084 kB
Unevictable:          40 kB
Mlocked:              40 kB
SwapTotal:             0 kB
SwapFree:              0 kB
Dirty:              1564 kB
Writeback:             0 kB
AnonPages:       3328524 kB
Mapped:           142148 kB
Shmem:            270032 kB
Slab:              64116 kB
SReclaimable:      34500 kB
SUnreclaim:        29616 kB
KernelStack:        9600 kB
PageTables:        31640 kB
NFS_Unstable:          0 kB
Bounce:                0 kB
WritebackTmp:          0 kB
CommitLimit:     1974768 kB
Committed_AS:    6471856 kB
VmallocTotal:   34359738367 kB
VmallocUsed:      347860 kB
VmallocChunk:   34359361884 kB
HardwareCorrupted:     0 kB
AnonHugePages:   2320384 kB
CmaTotal:              0 kB
CmaFree:               0 kB
HugePages_Total:       0
HugePages_Free:        0
HugePages_Rsvd:        0
HugePages_Surp:        0
Hugepagesize:       2048 kB
DirectMap4k:      125512 kB
DirectMap2M:     2922496 kB
DirectMap1G:     1048576 kB


CPU:total 4 (2 cores per cpu, 2 threads per core) family 6 model 69 stepping 1, cmov, cx8, fxsr, mmx, sse, sse2, sse3, ssse3, sse4.1, sse4.2, popcnt, avx, avx2, aes, erms, ht, tsc, tscinvbit

/proc/cpuinfo:
processor	: 0
vendor_id	: GenuineIntel
cpu family	: 6
model		: 69
model name	: Intel(R) Core(TM) i5-4210U CPU @ 1.70GHz
stepping	: 1
microcode	: 0x1c
cpu MHz		: 1645.613
cache size	: 3072 KB
physical id	: 0
siblings	: 4
core id		: 0
cpu cores	: 2
apicid		: 0
initial apicid	: 0
fpu		: yes
fpu_exception	: yes
cpuid level	: 13
wp		: yes
flags		: fpu vme de pse tsc msr pae mce cx8 apic sep mtrr pge mca cmov pat pse36 clflush dts acpi mmx fxsr sse sse2 ss ht tm pbe syscall nx pdpe1gb rdtscp lm constant_tsc arch_perfmon pebs bts rep_good nopl xtopology nonstop_tsc aperfmperf eagerfpu pni pclmulqdq dtes64 monitor ds_cpl vmx est tm2 ssse3 fma cx16 xtpr pdcm pcid sse4_1 sse4_2 movbe popcnt tsc_deadline_timer aes xsave avx f16c rdrand lahf_lm abm ida arat epb pln pts dtherm tpr_shadow vnmi flexpriority ept vpid fsgsbase tsc_adjust bmi1 avx2 smep bmi2 erms invpcid xsaveopt
bugs		:
bogomips	: 3392.45
clflush size	: 64
cache_alignment	: 64
address sizes	: 39 bits physical, 48 bits virtual
power management:

processor	: 1
vendor_id	: GenuineIntel
cpu family	: 6
model		: 69
model name	: Intel(R) Core(TM) i5-4210U CPU @ 1.70GHz
stepping	: 1
microcode	: 0x1c
cpu MHz		: 1737.386
cache size	: 3072 KB
physical id	: 0
siblings	: 4
core id		: 1
cpu cores	: 2
apicid		: 2
initial apicid	: 2
fpu		: yes
fpu_exception	: yes
cpuid level	: 13
wp		: yes
flags		: fpu vme de pse tsc msr pae mce cx8 apic sep mtrr pge mca cmov pat pse36 clflush dts acpi mmx fxsr sse sse2 ss ht tm pbe syscall nx pdpe1gb rdtscp lm constant_tsc arch_perfmon pebs bts rep_good nopl xtopology nonstop_tsc aperfmperf eagerfpu pni pclmulqdq dtes64 monitor ds_cpl vmx est tm2 ssse3 fma cx16 xtpr pdcm pcid sse4_1 sse4_2 movbe popcnt tsc_deadline_timer aes xsave avx f16c rdrand lahf_lm abm ida arat epb pln pts dtherm tpr_shadow vnmi flexpriority ept vpid fsgsbase tsc_adjust bmi1 avx2 smep bmi2 erms invpcid xsaveopt
bugs		:
bogomips	: 3392.45
clflush size	: 64
cache_alignment	: 64
address sizes	: 39 bits physical, 48 bits virtual
power management:

processor	: 2
vendor_id	: GenuineIntel
cpu family	: 6
model		: 69
model name	: Intel(R) Core(TM) i5-4210U CPU @ 1.70GHz
stepping	: 1
microcode	: 0x1c
cpu MHz		: 1714.011
cache size	: 3072 KB
physical id	: 0
siblings	: 4
core id		: 0
cpu cores	: 2
apicid		: 1
initial apicid	: 1
fpu		: yes
fpu_exception	: yes
cpuid level	: 13
wp		: yes
flags		: fpu vme de pse tsc msr pae mce cx8 apic sep mtrr pge mca cmov pat pse36 clflush dts acpi mmx fxsr sse sse2 ss ht tm pbe syscall nx pdpe1gb rdtscp lm constant_tsc arch_perfmon pebs bts rep_good nopl xtopology nonstop_tsc aperfmperf eagerfpu pni pclmulqdq dtes64 monitor ds_cpl vmx est tm2 ssse3 fma cx16 xtpr pdcm pcid sse4_1 sse4_2 movbe popcnt tsc_deadline_timer aes xsave avx f16c rdrand lahf_lm abm ida arat epb pln pts dtherm tpr_shadow vnmi flexpriority ept vpid fsgsbase tsc_adjust bmi1 avx2 smep bmi2 erms invpcid xsaveopt
bugs		:
bogomips	: 3392.45
clflush size	: 64
cache_alignment	: 64
address sizes	: 39 bits physical, 48 bits virtual
power management:

processor	: 3
vendor_id	: GenuineIntel
cpu family	: 6
model		: 69
model name	: Intel(R) Core(TM) i5-4210U CPU @ 1.70GHz
stepping	: 1
microcode	: 0x1c
cpu MHz		: 1811.761
cache size	: 3072 KB
physical id	: 0
siblings	: 4
core id		: 1
cpu cores	: 2
apicid		: 3
initial apicid	: 3
fpu		: yes
fpu_exception	: yes
cpuid level	: 13
wp		: yes
flags		: fpu vme de pse tsc msr pae mce cx8 apic sep mtrr pge mca cmov pat pse36 clflush dts acpi mmx fxsr sse sse2 ss ht tm pbe syscall nx pdpe1gb rdtscp lm constant_tsc arch_perfmon pebs bts rep_good nopl xtopology nonstop_tsc aperfmperf eagerfpu pni pclmulqdq dtes64 monitor ds_cpl vmx est tm2 ssse3 fma cx16 xtpr pdcm pcid sse4_1 sse4_2 movbe popcnt tsc_deadline_timer aes xsave avx f16c rdrand lahf_lm abm ida arat epb pln pts dtherm tpr_shadow vnmi flexpriority ept vpid fsgsbase tsc_adjust bmi1 avx2 smep bmi2 erms invpcid xsaveopt
bugs		:
bogomips	: 3392.45
clflush size	: 64
cache_alignment	: 64
address sizes	: 39 bits physical, 48 bits virtual
power management:



Memory: 4k page, physical 3949536k(128728k free), swap 0k(0k free)

vm_info: OpenJDK 64-Bit Server VM (24.95-b01) for linux-amd64 JRE (1.7.0_101-b00), built on Apr 24 2016 20:39:29 by "buildd" with gcc 4.8.2

time: Sun Oct 23 19:42:30 2016
elapsed time: 20 seconds

