#
# There is insufficient memory for the Java Runtime Environment to continue.
# Native memory allocation (malloc) failed to allocate 72351744 bytes for committing reserved memory.
# Possible reasons:
#   The system is out of physical RAM or swap space
#   In 32 bit mode, the process size limit was hit
# Possible solutions:
#   Reduce memory load on the system
#   Increase physical memory or swap space
#   Check if swap backing store is full
#   Use 64 bit Java on a 64 bit OS
#   Decrease Java heap size (-Xmx/-Xms)
#   Decrease number of Java threads
#   Decrease Java thread stack sizes (-Xss)
#   Set larger code cache with -XX:ReservedCodeCacheSize=
# This output file may be truncated or incomplete.
#
#  Out of Memory Error (os_linux.cpp:2827), pid=7179, tid=139648124139264
#
# JRE version: OpenJDK Runtime Environment (7.0_101) (build 1.7.0_101-b00)
# Java VM: OpenJDK 64-Bit Server VM (24.95-b01 mixed mode linux-amd64 compressed oops)
# Derivative: IcedTea 2.6.6
# Distribution: Ubuntu 14.04 LTS, package 7u101-2.6.6-0ubuntu0.14.04.1
# Failed to write core dump. Core dumps have been disabled. To enable core dumping, try "ulimit -c unlimited" before starting Java again
#

---------------  T H R E A D  ---------------

Current thread (0x00007f0258076000):  VMThread [stack: 0x00007f025cc53000,0x00007f025cd54000] [id=7188]

Stack: [0x00007f025cc53000,0x00007f025cd54000],  sp=0x00007f025cd52490,  free space=1021k
Native frames: (J=compiled Java code, j=interpreted, Vv=VM code, C=native code)
V  [libjvm.so+0x955705]
V  [libjvm.so+0x490c44]
V  [libjvm.so+0x7d0c9b]
V  [libjvm.so+0x7cb75f]
V  [libjvm.so+0x83ee5b]
V  [libjvm.so+0x83fcc0]
V  [libjvm.so+0x8403ab]
V  [libjvm.so+0x83c5e8]
V  [libjvm.so+0x83ce58]
V  [libjvm.so+0x7f34a3]
V  [libjvm.so+0x957104]
V  [libjvm.so+0x95b207]
V  [libjvm.so+0x959cc8]
V  [libjvm.so+0x95a129]
V  [libjvm.so+0x95a572]
V  [libjvm.so+0x7cdb62]

VM_Operation (0x00007f02514611b0): ParallelGCFailedAllocation, mode: safepoint, requested by thread 0x00007f0258194800


---------------  P R O C E S S  ---------------

Java Threads: ( => current thread )
  0x00007f0258194800 JavaThread "pool-1-thread-1" [_thread_blocked, id=7206, stack(0x00007f0251362000,0x00007f0251463000)]
  0x00007f02580b0000 JavaThread "Service Thread" daemon [_thread_blocked, id=7195, stack(0x00007f025c382000,0x00007f025c483000)]
  0x00007f02580ae000 JavaThread "C2 CompilerThread1" daemon [_thread_blocked, id=7194, stack(0x00007f025c483000,0x00007f025c584000)]
  0x00007f02580ab000 JavaThread "C2 CompilerThread0" daemon [_thread_blocked, id=7193, stack(0x00007f025c584000,0x00007f025c685000)]
  0x00007f02580a9000 JavaThread "Signal Dispatcher" daemon [_thread_blocked, id=7192, stack(0x00007f025c685000,0x00007f025c786000)]
  0x00007f025807c000 JavaThread "Finalizer" daemon [_thread_blocked, id=7190, stack(0x00007f025ca51000,0x00007f025cb52000)]
  0x00007f025807a000 JavaThread "Reference Handler" daemon [_thread_blocked, id=7189, stack(0x00007f025cb52000,0x00007f025cc53000)]
  0x00007f025800a800 JavaThread "main" [_thread_blocked, id=7183, stack(0x00007f0261e17000,0x00007f0261f18000)]

Other Threads:
=>0x00007f0258076000 VMThread [stack: 0x00007f025cc53000,0x00007f025cd54000] [id=7188]
  0x00007f02580bb000 WatcherThread [stack: 0x00007f025c281000,0x00007f025c382000] [id=7196]

VM state:at safepoint (normal execution)

VM Mutex/Monitor currently owned by a thread:  ([mutex/lock_event])
[0x00007f0258006a00] Threads_lock - owner thread: 0x00007f0258076000
[0x00007f0258006f00] Heap_lock - owner thread: 0x00007f0258194800

Heap
 PSYoungGen      total 72192K, used 9700K [0x00000000eaa80000, 0x00000000efb80000, 0x0000000100000000)
  eden space 62464K, 0% used [0x00000000eaa80000,0x00000000eaa80000,0x00000000ee780000)
  from space 9728K, 99% used [0x00000000ee780000,0x00000000ef0f9270,0x00000000ef100000)
  to   space 8704K, 0% used [0x00000000ef100000,0x00000000ef100000,0x00000000ef980000)
 ParOldGen       total 40960K, used 22122K [0x00000000c0000000, 0x00000000c2800000, 0x00000000eaa80000)
  object space 40960K, 54% used [0x00000000c0000000,0x00000000c159aa30,0x00000000c2800000)
 PSPermGen       total 21504K, used 6520K [0x00000000b5a00000, 0x00000000b6f00000, 0x00000000c0000000)
  object space 21504K, 30% used [0x00000000b5a00000,0x00000000b605e028,0x00000000b6f00000)

Card table byte_map: [0x00007f025e7fc000,0x00007f025ea50000] byte_map_base: 0x00007f025e24f000

Polling page: 0x00007f0261f3b000

Code Cache  [0x00007f0255000000, 0x00007f0255270000, 0x00007f0258000000)
 total_blobs=751 nmethods=520 adapters=184 free_code_cache=46886Kb largest_free_block=47973696

Compilation events (10 events):
Event: 21,732 Thread 0x00007f02580ab000 nmethod 527 0x00007f02552311d0 code [0x00007f0255231320, 0x00007f0255231418]
Event: 21,732 Thread 0x00007f02580ab000  528             com.android.dx.rop.code.BasicBlockList$RegCountVisitor::visitThrowingCstInsn (6 bytes)
Event: 21,750 Thread 0x00007f02580ab000 nmethod 528 0x00007f0255232fd0 code [0x00007f0255233140, 0x00007f0255233418]
Event: 21,750 Thread 0x00007f02580ab000  529             com.android.dx.rop.code.Insn$BaseVisitor::visitPlainInsn (1 bytes)
Event: 21,750 Thread 0x00007f02580ab000 nmethod 529 0x00007f0255230fd0 code [0x00007f0255231100, 0x00007f0255231158]
Event: 21,750 Thread 0x00007f02580ab000  530             com.android.dx.dex.code.RopTranslator$LocalVariableAwareTranslationVisitor::visitPlainInsn (11 bytes)
Event: 21,857 Thread 0x00007f02580ab000 nmethod 530 0x00007f0255238810 code [0x00007f0255238b20, 0x00007f025523a1c0]
Event: 21,857 Thread 0x00007f02580ab000  531             com.android.dx.dex.code.RopTranslator$TranslationVisitor::visitPlainInsn (161 bytes)
Event: 21,935 Thread 0x00007f02580ab000 nmethod 531 0x00007f025523c5d0 code [0x00007f025523c880, 0x00007f025523ddb8]
Event: 21,935 Thread 0x00007f02580ab000  532             com.android.dx.ssa.InterferenceRegisterMapper::addInterfence (62 bytes)

GC Heap History (10 events):
Event: 3,774 GC heap after
Heap after GC invocations=2 (full 0):
 PSYoungGen      total 18432K, used 2553K [0x00000000eaa80000, 0x00000000ece80000, 0x0000000100000000)
  eden space 15872K, 0% used [0x00000000eaa80000,0x00000000eaa80000,0x00000000eba00000)
  from space 2560K, 99% used [0x00000000ebc80000,0x00000000ebefe580,0x00000000ebf00000)
  to   space 2560K, 0% used [0x00000000eba00000,0x00000000eba00000,0x00000000ebc80000)
 ParOldGen       total 40960K, used 3743K [0x00000000c0000000, 0x00000000c2800000, 0x00000000eaa80000)
  object space 40960K, 9% used [0x00000000c0000000,0x00000000c03a7e98,0x00000000c2800000)
 PSPermGen       total 21504K, used 6129K [0x00000000b5a00000, 0x00000000b6f00000, 0x00000000c0000000)
  object space 21504K, 28% used [0x00000000b5a00000,0x00000000b5ffc450,0x00000000b6f00000)
}
Event: 5,240 GC heap before
{Heap before GC invocations=3 (full 0):
 PSYoungGen      total 18432K, used 18425K [0x00000000eaa80000, 0x00000000ece80000, 0x0000000100000000)
  eden space 15872K, 100% used [0x00000000eaa80000,0x00000000eba00000,0x00000000eba00000)
  from space 2560K, 99% used [0x00000000ebc80000,0x00000000ebefe580,0x00000000ebf00000)
  to   space 2560K, 0% used [0x00000000eba00000,0x00000000eba00000,0x00000000ebc80000)
 ParOldGen       total 40960K, used 3743K [0x00000000c0000000, 0x00000000c2800000, 0x00000000eaa80000)
  object space 40960K, 9% used [0x00000000c0000000,0x00000000c03a7e98,0x00000000c2800000)
 PSPermGen       total 21504K, used 6201K [0x00000000b5a00000, 0x00000000b6f00000, 0x00000000c0000000)
  object space 21504K, 28% used [0x00000000b5a00000,0x00000000b600e7b8,0x00000000b6f00000)
Event: 5,273 GC heap after
Heap after GC invocations=3 (full 0):
 PSYoungGen      total 18432K, used 2529K [0x00000000eaa80000, 0x00000000ece80000, 0x0000000100000000)
  eden space 15872K, 0% used [0x00000000eaa80000,0x00000000eaa80000,0x00000000eba00000)
  from space 2560K, 98% used [0x00000000eba00000,0x00000000ebc78428,0x00000000ebc80000)
  to   space 2560K, 0% used [0x00000000ecc00000,0x00000000ecc00000,0x00000000ece80000)
 ParOldGen       total 40960K, used 6074K [0x00000000c0000000, 0x00000000c2800000, 0x00000000eaa80000)
  object space 40960K, 14% used [0x00000000c0000000,0x00000000c05eeba0,0x00000000c2800000)
 PSPermGen       total 21504K, used 6201K [0x00000000b5a00000, 0x00000000b6f00000, 0x00000000c0000000)
  object space 21504K, 28% used [0x00000000b5a00000,0x00000000b600e7b8,0x00000000b6f00000)
}
Event: 6,215 GC heap before
{Heap before GC invocations=4 (full 0):
 PSYoungGen      total 18432K, used 18401K [0x00000000eaa80000, 0x00000000ece80000, 0x0000000100000000)
  eden space 15872K, 100% used [0x00000000eaa80000,0x00000000eba00000,0x00000000eba00000)
  from space 2560K, 98% used [0x00000000eba00000,0x00000000ebc78428,0x00000000ebc80000)
  to   space 2560K, 0% used [0x00000000ecc00000,0x00000000ecc00000,0x00000000ece80000)
 ParOldGen       total 40960K, used 6074K [0x00000000c0000000, 0x00000000c2800000, 0x00000000eaa80000)
  object space 40960K, 14% used [0x00000000c0000000,0x00000000c05eeba0,0x00000000c2800000)
 PSPermGen       total 21504K, used 6238K [0x00000000b5a00000, 0x00000000b6f00000, 0x00000000c0000000)
  object space 21504K, 29% used [0x00000000b5a00000,0x00000000b6017b10,0x00000000b6f00000)
Event: 6,263 GC heap after
Heap after GC invocations=4 (full 0):
 PSYoungGen      total 34304K, used 2548K [0x00000000eaa80000, 0x00000000ece80000, 0x0000000100000000)
  eden space 31744K, 0% used [0x00000000eaa80000,0x00000000eaa80000,0x00000000ec980000)
  from space 2560K, 99% used [0x00000000ecc00000,0x00000000ece7d130,0x00000000ece80000)
  to   space 2560K, 0% used [0x00000000ec980000,0x00000000ec980000,0x00000000ecc00000)
 ParOldGen       total 40960K, used 9486K [0x00000000c0000000, 0x00000000c2800000, 0x00000000eaa80000)
  object space 40960K, 23% used [0x00000000c0000000,0x00000000c0943bc0,0x00000000c2800000)
 PSPermGen       total 21504K, used 6238K [0x00000000b5a00000, 0x00000000b6f00000, 0x00000000c0000000)
  object space 21504K, 29% used [0x00000000b5a00000,0x00000000b6017b10,0x00000000b6f00000)
}
Event: 8,184 GC heap before
{Heap before GC invocations=5 (full 0):
 PSYoungGen      total 34304K, used 34292K [0x00000000eaa80000, 0x00000000ece80000, 0x0000000100000000)
  eden space 31744K, 100% used [0x00000000eaa80000,0x00000000ec980000,0x00000000ec980000)
  from space 2560K, 99% used [0x00000000ecc00000,0x00000000ece7d130,0x00000000ece80000)
  to   space 2560K, 0% used [0x00000000ec980000,0x00000000ec980000,0x00000000ecc00000)
 ParOldGen       total 40960K, used 9486K [0x00000000c0000000, 0x00000000c2800000, 0x00000000eaa80000)
  object space 40960K, 23% used [0x00000000c0000000,0x00000000c0943bc0,0x00000000c2800000)
 PSPermGen       total 21504K, used 6261K [0x00000000b5a00000, 0x00000000b6f00000, 0x00000000c0000000)
  object space 21504K, 29% used [0x00000000b5a00000,0x00000000b601d688,0x00000000b6f00000)
Event: 8,269 GC heap after
Heap after GC invocations=5 (full 0):
 PSYoungGen      total 34304K, used 2554K [0x00000000eaa80000, 0x00000000ef980000, 0x0000000100000000)
  eden space 31744K, 0% used [0x00000000eaa80000,0x00000000eaa80000,0x00000000ec980000)
  from space 2560K, 99% used [0x00000000ec980000,0x00000000ecbfebb8,0x00000000ecc00000)
  to   space 8704K, 0% used [0x00000000ef100000,0x00000000ef100000,0x00000000ef980000)
 ParOldGen       total 40960K, used 15593K [0x00000000c0000000, 0x00000000c2800000, 0x00000000eaa80000)
  object space 40960K, 38% used [0x00000000c0000000,0x00000000c0f3a4e8,0x00000000c2800000)
 PSPermGen       total 21504K, used 6261K [0x00000000b5a00000, 0x00000000b6f00000, 0x00000000c0000000)
  object space 21504K, 29% used [0x00000000b5a00000,0x00000000b601d688,0x00000000b6f00000)
}
Event: 10,577 GC heap before
{Heap before GC invocations=6 (full 0):
 PSYoungGen      total 34304K, used 34298K [0x00000000eaa80000, 0x00000000ef980000, 0x0000000100000000)
  eden space 31744K, 100% used [0x00000000eaa80000,0x00000000ec980000,0x00000000ec980000)
  from space 2560K, 99% used [0x00000000ec980000,0x00000000ecbfebb8,0x00000000ecc00000)
  to   space 8704K, 0% used [0x00000000ef100000,0x00000000ef100000,0x00000000ef980000)
 ParOldGen       total 40960K, used 15593K [0x00000000c0000000, 0x00000000c2800000, 0x00000000eaa80000)
  object space 40960K, 38% used [0x00000000c0000000,0x00000000c0f3a4e8,0x00000000c2800000)
 PSPermGen       total 21504K, used 6290K [0x00000000b5a00000, 0x00000000b6f00000, 0x00000000c0000000)
  object space 21504K, 29% used [0x00000000b5a00000,0x00000000b6024a80,0x00000000b6f00000)
Event: 10,662 GC heap after
Heap after GC invocations=6 (full 0):
 PSYoungGen      total 71168K, used 8189K [0x00000000eaa80000, 0x00000000efb80000, 0x0000000100000000)
  eden space 62464K, 0% used [0x00000000eaa80000,0x00000000eaa80000,0x00000000ee780000)
  from space 8704K, 94% used [0x00000000ef100000,0x00000000ef8ff500,0x00000000ef980000)
  to   space 9728K, 0% used [0x00000000ee780000,0x00000000ee780000,0x00000000ef100000)
 ParOldGen       total 40960K, used 15593K [0x00000000c0000000, 0x00000000c2800000, 0x00000000eaa80000)
  object space 40960K, 38% used [0x00000000c0000000,0x00000000c0f3a4e8,0x00000000c2800000)
 PSPermGen       total 21504K, used 6290K [0x00000000b5a00000, 0x00000000b6f00000, 0x00000000c0000000)
  object space 21504K, 29% used [0x00000000b5a00000,0x00000000b6024a80,0x00000000b6f00000)
}
Event: 21,968 GC heap before
{Heap before GC invocations=7 (full 0):
 PSYoungGen      total 71168K, used 70653K [0x00000000eaa80000, 0x00000000efb80000, 0x0000000100000000)
  eden space 62464K, 100% used [0x00000000eaa80000,0x00000000ee780000,0x00000000ee780000)
  from space 8704K, 94% used [0x00000000ef100000,0x00000000ef8ff500,0x00000000ef980000)
  to   space 9728K, 0% used [0x00000000ee780000,0x00000000ee780000,0x00000000ef100000)
 ParOldGen       total 40960K, used 15593K [0x00000000c0000000, 0x00000000c2800000, 0x00000000eaa80000)
  object space 40960K, 38% used [0x00000000c0000000,0x00000000c0f3a4e8,0x00000000c2800000)
 PSPermGen       total 21504K, used 6520K [0x00000000b5a00000, 0x00000000b6f00000, 0x00000000c0000000)
  object space 21504K, 30% used [0x00000000b5a00000,0x00000000b605e028,0x00000000b6f00000)

Deoptimization events (10 events):
Event: 5,056 Thread 0x00007f0258194800 Uncommon trap: reason=unstable_if action=reinterpret pc=0x00007f02550be0f4 method=com.android.dx.ssa.LocalVariableExtractor.processBlock(I)V @ 251
Event: 5,590 Thread 0x00007f025819a800 Uncommon trap: reason=unstable_if action=reinterpret pc=0x00007f025509318c method=com.android.dx.rop.code.RegisterSpec.equals(ILcom/android/dx/rop/type/TypeBearer;Lcom/android/dx/rop/code/LocalItem;)Z @ 42
Event: 5,988 Thread 0x00007f0258194800 Uncommon trap: reason=null_check action=make_not_entrant pc=0x00007f02550944d8 method=com.android.dx.rop.type.Type.equals(Ljava/lang/Object;)Z @ 8
Event: 6,690 Thread 0x00007f0258197800 Uncommon trap: reason=unstable_if action=reinterpret pc=0x00007f0255077204 method=com.android.dx.rop.cst.Constant.compareTo(Lcom/android/dx/rop/cst/Constant;)I @ 12
Event: 11,380 Thread 0x00007f0258194800 Uncommon trap: reason=unstable_if action=reinterpret pc=0x00007f02550e9cf4 method=com.android.dx.ssa.SCCP.simulateBranch(Lcom/android/dx/ssa/SsaInsn;)V @ 64
Event: 11,985 Thread 0x00007f0258194800 Uncommon trap: reason=class_check action=maybe_recompile pc=0x00007f02550d6548 method=java.util.HashMap.put(Ljava/lang/Object;Ljava/lang/Object;)Ljava/lang/Object; @ 83
Event: 12,367 Thread 0x00007f025819a800 Uncommon trap: reason=class_check action=maybe_recompile pc=0x00007f02550d6548 method=java.util.HashMap.put(Ljava/lang/Object;Ljava/lang/Object;)Ljava/lang/Object; @ 83
Event: 12,367 Thread 0x00007f025819a800 Uncommon trap: reason=class_check action=maybe_recompile pc=0x00007f02550d6548 method=java.util.HashMap.put(Ljava/lang/Object;Ljava/lang/Object;)Ljava/lang/Object; @ 83
Event: 15,713 Thread 0x00007f0258194800 Uncommon trap: reason=class_check action=maybe_recompile pc=0x00007f02550d6548 method=java.util.HashMap.put(Ljava/lang/Object;Ljava/lang/Object;)Ljava/lang/Object; @ 83
Event: 21,051 Thread 0x00007f0258194800 Uncommon trap: reason=unstable_if action=reinterpret pc=0x00007f0255142738 method=java.util.TreeMap.put(Ljava/lang/Object;Ljava/lang/Object;)Ljava/lang/Object; @ 163

Internal exceptions (10 events):
Event: 20,645 Thread 0x00007f0258194800 Threw 0x00000000ee500f08 at /build/openjdk-7-9duhBW/openjdk-7-7u101-2.6.6/build/openjdk/hotspot/src/share/vm/prims/jvm.cpp:1322
Event: 20,646 Thread 0x00007f0258194800 Threw 0x00000000ee5067b8 at /build/openjdk-7-9duhBW/openjdk-7-7u101-2.6.6/build/openjdk/hotspot/src/share/vm/prims/jvm.cpp:1322
Event: 20,647 Thread 0x00007f0258194800 Threw 0x00000000ee50d448 at /build/openjdk-7-9duhBW/openjdk-7-7u101-2.6.6/build/openjdk/hotspot/src/share/vm/prims/jvm.cpp:1322
Event: 20,648 Thread 0x00007f0258194800 Threw 0x00000000ee510990 at /build/openjdk-7-9duhBW/openjdk-7-7u101-2.6.6/build/openjdk/hotspot/src/share/vm/prims/jvm.cpp:1322
Event: 20,649 Thread 0x00007f0258194800 Threw 0x00000000ee515dd0 at /build/openjdk-7-9duhBW/openjdk-7-7u101-2.6.6/build/openjdk/hotspot/src/share/vm/prims/jvm.cpp:1322
Event: 20,650 Thread 0x00007f0258194800 Threw 0x00000000ee51a958 at /build/openjdk-7-9duhBW/openjdk-7-7u101-2.6.6/build/openjdk/hotspot/src/share/vm/prims/jvm.cpp:1322
Event: 20,653 Thread 0x00007f0258194800 Threw 0x00000000ee520720 at /build/openjdk-7-9duhBW/openjdk-7-7u101-2.6.6/build/openjdk/hotspot/src/share/vm/prims/jvm.cpp:1322
Event: 20,653 Thread 0x00007f0258194800 Threw 0x00000000ee523d68 at /build/openjdk-7-9duhBW/openjdk-7-7u101-2.6.6/build/openjdk/hotspot/src/share/vm/prims/jvm.cpp:1322
Event: 20,981 Thread 0x00007f0258194800 Threw 0x00000000ee527c58 at /build/openjdk-7-9duhBW/openjdk-7-7u101-2.6.6/build/openjdk/hotspot/src/share/vm/prims/jvm.cpp:1322
Event: 21,149 Thread 0x00007f0258194800 Threw 0x00000000ee588780 at /build/openjdk-7-9duhBW/openjdk-7-7u101-2.6.6/build/openjdk/hotspot/src/share/vm/prims/jvm.cpp:1322

Events (10 events):
Event: 20,745 Thread 0x00007f02580ae000 flushing nmethod 0x00007f02550e6e50
Event: 20,981 loading class 0x00007f025812ea60
Event: 20,981 loading class 0x00007f025812ea60 done
Event: 21,051 Thread 0x00007f0258194800 Uncommon trap: trap_request=0xffffff75 fr.pc=0x00007f0255142738
Event: 21,051 Thread 0x00007f0258194800 DEOPT PACKING pc=0x00007f0255142738 sp=0x00007f0251461360
Event: 21,051 Thread 0x00007f0258194800 DEOPT UNPACKING pc=0x00007f0255039445 sp=0x00007f0251461320 mode 2
Event: 21,149 loading class 0x00007f0214016430
Event: 21,149 loading class 0x00007f0214016430 done
Event: 21,642 Thread 0x00007f02580ab000 flushing nmethod 0x00007f02550d5c50
Event: 21,968 Executing VM operation: ParallelGCFailedAllocation


Dynamic libraries:
00400000-00401000 r-xp 00000000 08:03 28837979                           /usr/lib/jvm/java-7-openjdk-amd64/jre/bin/java
00600000-00601000 r--p 00000000 08:03 28837979                           /usr/lib/jvm/java-7-openjdk-amd64/jre/bin/java
00601000-00602000 rw-p 00001000 08:03 28837979                           /usr/lib/jvm/java-7-openjdk-amd64/jre/bin/java
02401000-02422000 rw-p 00000000 00:00 0                                  [heap]
b5a00000-b6f00000 rw-p 00000000 00:00 0 
b6f00000-c0000000 rw-p 00000000 00:00 0 
c0000000-c2800000 rw-p 00000000 00:00 0 
c2800000-eaa80000 rw-p 00000000 00:00 0 
eaa80000-efb80000 rw-p 00000000 00:00 0 
f4080000-100000000 rw-p 00000000 00:00 0 
7f0204000000-7f0204021000 rw-p 00000000 00:00 0 
7f0204021000-7f0208000000 ---p 00000000 00:00 0 
7f020c000000-7f020c028000 rw-p 00000000 00:00 0 
7f020c028000-7f0210000000 ---p 00000000 00:00 0 
7f0210000000-7f0210021000 rw-p 00000000 00:00 0 
7f0210021000-7f0214000000 ---p 00000000 00:00 0 
7f0214000000-7f021403b000 rw-p 00000000 00:00 0 
7f021403b000-7f0218000000 ---p 00000000 00:00 0 
7f0218000000-7f0218021000 rw-p 00000000 00:00 0 
7f0218021000-7f021c000000 ---p 00000000 00:00 0 
7f021c000000-7f021c021000 rw-p 00000000 00:00 0 
7f021c021000-7f0220000000 ---p 00000000 00:00 0 
7f0220000000-7f0220021000 rw-p 00000000 00:00 0 
7f0220021000-7f0224000000 ---p 00000000 00:00 0 
7f0224000000-7f0225796000 rw-p 00000000 00:00 0 
7f0225796000-7f0228000000 ---p 00000000 00:00 0 
7f0228000000-7f022978e000 rw-p 00000000 00:00 0 
7f022978e000-7f022c000000 ---p 00000000 00:00 0 
7f022c000000-7f022c021000 rw-p 00000000 00:00 0 
7f022c021000-7f0230000000 ---p 00000000 00:00 0 
7f0230000000-7f0230021000 rw-p 00000000 00:00 0 
7f0230021000-7f0234000000 ---p 00000000 00:00 0 
7f0234000000-7f0234021000 rw-p 00000000 00:00 0 
7f0234021000-7f0238000000 ---p 00000000 00:00 0 
7f0238000000-7f0238021000 rw-p 00000000 00:00 0 
7f0238021000-7f023c000000 ---p 00000000 00:00 0 
7f023c000000-7f023c021000 rw-p 00000000 00:00 0 
7f023c021000-7f0240000000 ---p 00000000 00:00 0 
7f0240000000-7f0240021000 rw-p 00000000 00:00 0 
7f0240021000-7f0244000000 ---p 00000000 00:00 0 
7f0244000000-7f0244021000 rw-p 00000000 00:00 0 
7f0244021000-7f0248000000 ---p 00000000 00:00 0 
7f024c000000-7f024c021000 rw-p 00000000 00:00 0 
7f024c021000-7f0250000000 ---p 00000000 00:00 0 
7f025103d000-7f025105f000 r--p 00000000 08:03 30685233                   /usr/share/locale-langpack/pt_BR/LC_MESSAGES/libc.mo
7f025105f000-7f0251062000 ---p 00000000 00:00 0 
7f0251062000-7f0251160000 rw-p 00000000 00:00 0 
7f0251160000-7f0251163000 ---p 00000000 00:00 0 
7f0251163000-7f0251261000 rw-p 00000000 00:00 0 
7f0251261000-7f0251264000 ---p 00000000 00:00 0 
7f0251264000-7f0251362000 rw-p 00000000 00:00 0 
7f0251362000-7f0251365000 ---p 00000000 00:00 0 
7f0251365000-7f0251463000 rw-p 00000000 00:00 0                          [stack:7206]
7f0251463000-7f0251466000 ---p 00000000 00:00 0 
7f0251466000-7f0251564000 rw-p 00000000 00:00 0 
7f0251564000-7f02515a1000 r-xp 00000000 08:03 5247291                    /lib/x86_64-linux-gnu/libpcre.so.3.13.1
7f02515a1000-7f02517a0000 ---p 0003d000 08:03 5247291                    /lib/x86_64-linux-gnu/libpcre.so.3.13.1
7f02517a0000-7f02517a1000 r--p 0003c000 08:03 5247291                    /lib/x86_64-linux-gnu/libpcre.so.3.13.1
7f02517a1000-7f02517a2000 rw-p 0003d000 08:03 5247291                    /lib/x86_64-linux-gnu/libpcre.so.3.13.1
7f02517a2000-7f02517a9000 r-xp 00000000 08:03 28712694                   /usr/lib/x86_64-linux-gnu/libffi.so.6.0.1
7f02517a9000-7f02519a8000 ---p 00007000 08:03 28712694                   /usr/lib/x86_64-linux-gnu/libffi.so.6.0.1
7f02519a8000-7f02519a9000 r--p 00006000 08:03 28712694                   /usr/lib/x86_64-linux-gnu/libffi.so.6.0.1
7f02519a9000-7f02519aa000 rw-p 00007000 08:03 28712694                   /usr/lib/x86_64-linux-gnu/libffi.so.6.0.1
7f02519aa000-7f02519c1000 r-xp 00000000 08:03 5247314                    /lib/x86_64-linux-gnu/libresolv-2.19.so
7f02519c1000-7f0251bc1000 ---p 00017000 08:03 5247314                    /lib/x86_64-linux-gnu/libresolv-2.19.so
7f0251bc1000-7f0251bc2000 r--p 00017000 08:03 5247314                    /lib/x86_64-linux-gnu/libresolv-2.19.so
7f0251bc2000-7f0251bc3000 rw-p 00018000 08:03 5247314                    /lib/x86_64-linux-gnu/libresolv-2.19.so
7f0251bc3000-7f0251bc5000 rw-p 00000000 00:00 0 
7f0251bc5000-7f0251be5000 r-xp 00000000 08:03 5247318                    /lib/x86_64-linux-gnu/libselinux.so.1
7f0251be5000-7f0251de4000 ---p 00020000 08:03 5247318                    /lib/x86_64-linux-gnu/libselinux.so.1
7f0251de4000-7f0251de5000 r--p 0001f000 08:03 5247318                    /lib/x86_64-linux-gnu/libselinux.so.1
7f0251de5000-7f0251de6000 rw-p 00020000 08:03 5247318                    /lib/x86_64-linux-gnu/libselinux.so.1
7f0251de6000-7f0251de8000 rw-p 00000000 00:00 0 
7f0251de8000-7f0251deb000 r-xp 00000000 08:03 28712833                   /usr/lib/x86_64-linux-gnu/libgmodule-2.0.so.0.4002.0
7f0251deb000-7f0251fea000 ---p 00003000 08:03 28712833                   /usr/lib/x86_64-linux-gnu/libgmodule-2.0.so.0.4002.0
7f0251fea000-7f0251feb000 r--p 00002000 08:03 28712833                   /usr/lib/x86_64-linux-gnu/libgmodule-2.0.so.0.4002.0
7f0251feb000-7f0251fec000 rw-p 00003000 08:03 28712833                   /usr/lib/x86_64-linux-gnu/libgmodule-2.0.so.0.4002.0
7f0251fec000-7f02520f2000 r-xp 00000000 08:03 5247218                    /lib/x86_64-linux-gnu/libglib-2.0.so.0.4002.0
7f02520f2000-7f02522f1000 ---p 00106000 08:03 5247218                    /lib/x86_64-linux-gnu/libglib-2.0.so.0.4002.0
7f02522f1000-7f02522f2000 r--p 00105000 08:03 5247218                    /lib/x86_64-linux-gnu/libglib-2.0.so.0.4002.0
7f02522f2000-7f02522f3000 rw-p 00106000 08:03 5247218                    /lib/x86_64-linux-gnu/libglib-2.0.so.0.4002.0
7f02522f3000-7f02522f4000 rw-p 00000000 00:00 0 
7f02522f4000-7f0252343000 r-xp 00000000 08:03 28712857                   /usr/lib/x86_64-linux-gnu/libgobject-2.0.so.0.4002.0
7f0252343000-7f0252543000 ---p 0004f000 08:03 28712857                   /usr/lib/x86_64-linux-gnu/libgobject-2.0.so.0.4002.0
7f0252543000-7f0252544000 r--p 0004f000 08:03 28712857                   /usr/lib/x86_64-linux-gnu/libgobject-2.0.so.0.4002.0
7f0252544000-7f0252545000 rw-p 00050000 08:03 28712857                   /usr/lib/x86_64-linux-gnu/libgobject-2.0.so.0.4002.0
7f0252545000-7f02526b1000 r-xp 00000000 08:03 28712819                   /usr/lib/x86_64-linux-gnu/libgio-2.0.so.0.4002.0
7f02526b1000-7f02528b0000 ---p 0016c000 08:03 28712819                   /usr/lib/x86_64-linux-gnu/libgio-2.0.so.0.4002.0
7f02528b0000-7f02528b4000 r--p 0016b000 08:03 28712819                   /usr/lib/x86_64-linux-gnu/libgio-2.0.so.0.4002.0
7f02528b4000-7f02528b6000 rw-p 0016f000 08:03 28712819                   /usr/lib/x86_64-linux-gnu/libgio-2.0.so.0.4002.0
7f02528b6000-7f02528b8000 rw-p 00000000 00:00 0 
7f02528b8000-7f02528cf000 r-xp 00000000 08:03 28843097                   /usr/lib/jvm/java-7-openjdk-amd64/jre/lib/amd64/libnet.so
7f02528cf000-7f0252ace000 ---p 00017000 08:03 28843097                   /usr/lib/jvm/java-7-openjdk-amd64/jre/lib/amd64/libnet.so
7f0252ace000-7f0252acf000 r--p 00016000 08:03 28843097                   /usr/lib/jvm/java-7-openjdk-amd64/jre/lib/amd64/libnet.so
7f0252acf000-7f0252ad0000 rw-p 00017000 08:03 28843097                   /usr/lib/jvm/java-7-openjdk-amd64/jre/lib/amd64/libnet.so
7f0252ad0000-7f0255000000 rw-p 00000000 00:00 0 
7f0255000000-7f0255270000 rwxp 00000000 00:00 0 
7f0255270000-7f02581bf000 rw-p 00000000 00:00 0 
7f02581bf000-7f025c000000 ---p 00000000 00:00 0 
7f025c00a000-7f025c03b000 rw-p 00000000 00:00 0 
7f025c053000-7f025c05a000 r--s 00000000 08:03 29231493                   /usr/lib/x86_64-linux-gnu/gconv/gconv-modules.cache
7f025c05a000-7f025c06a000 r-xp 00000000 08:03 28843118                   /usr/lib/jvm/java-7-openjdk-amd64/jre/lib/amd64/libnio.so
7f025c06a000-7f025c26a000 ---p 00010000 08:03 28843118                   /usr/lib/jvm/java-7-openjdk-amd64/jre/lib/amd64/libnio.so
7f025c26a000-7f025c26b000 r--p 00010000 08:03 28843118                   /usr/lib/jvm/java-7-openjdk-amd64/jre/lib/amd64/libnio.so
7f025c26b000-7f025c26c000 rw-p 00011000 08:03 28843118                   /usr/lib/jvm/java-7-openjdk-amd64/jre/lib/amd64/libnio.so
7f025c272000-7f025c281000 r--s 000df000 08:03 32507487                   /home/luan/Android/Sdk/build-tools/23.0.3/lib/dx.jar
7f025c281000-7f025c282000 ---p 00000000 00:00 0 
7f025c282000-7f025c382000 rw-p 00000000 00:00 0                          [stack:7196]
7f025c382000-7f025c385000 ---p 00000000 00:00 0 
7f025c385000-7f025c483000 rw-p 00000000 00:00 0                          [stack:7195]
7f025c483000-7f025c486000 ---p 00000000 00:00 0 
7f025c486000-7f025c584000 rw-p 00000000 00:00 0                          [stack:7194]
7f025c584000-7f025c587000 ---p 00000000 00:00 0 
7f025c587000-7f025c685000 rw-p 00000000 00:00 0                          [stack:7193]
7f025c685000-7f025c688000 ---p 00000000 00:00 0 
7f025c688000-7f025c786000 rw-p 00000000 00:00 0                          [stack:7192]
7f025c786000-7f025ca51000 r--p 00000000 08:03 28711040                   /usr/lib/locale/locale-archive
7f025ca51000-7f025ca54000 ---p 00000000 00:00 0 
7f025ca54000-7f025cb52000 rw-p 00000000 00:00 0                          [stack:7190]
7f025cb52000-7f025cb55000 ---p 00000000 00:00 0 
7f025cb55000-7f025cc53000 rw-p 00000000 00:00 0                          [stack:7189]
7f025cc53000-7f025cc54000 ---p 00000000 00:00 0 
7f025cc54000-7f025dd51000 rw-p 00000000 00:00 0                          [stack:7188]
7f025dd51000-7f025df03000 r--s 01d32000 08:03 28843131                   /usr/lib/jvm/java-7-openjdk-amd64/jre/lib/rt.jar
7f025df03000-7f025e24f000 rw-p 00000000 00:00 0 
7f025e24f000-7f025e250000 ---p 00000000 00:00 0 
7f025e250000-7f025e350000 rw-p 00000000 00:00 0                          [stack:7187]
7f025e350000-7f025e351000 ---p 00000000 00:00 0 
7f025e351000-7f025e451000 rw-p 00000000 00:00 0                          [stack:7186]
7f025e451000-7f025e452000 ---p 00000000 00:00 0 
7f025e452000-7f025e552000 rw-p 00000000 00:00 0                          [stack:7185]
7f025e552000-7f025e553000 ---p 00000000 00:00 0 
7f025e553000-7f025e65e000 rw-p 00000000 00:00 0                          [stack:7184]
7f025e65e000-7f025e6a6000 rw-p 00000000 00:00 0 
7f025e6a6000-7f025e6ba000 rw-p 00000000 00:00 0 
7f025e6ba000-7f025e7fc000 rw-p 00000000 00:00 0 
7f025e7fc000-7f025e807000 rw-p 00000000 00:00 0 
7f025e807000-7f025e84f000 rw-p 00000000 00:00 0 
7f025e84f000-7f025e863000 rw-p 00000000 00:00 0 
7f025e863000-7f025e9a4000 rw-p 00000000 00:00 0 
7f025e9a4000-7f025e9cd000 rw-p 00000000 00:00 0 
7f025e9cd000-7f025ea4f000 rw-p 00000000 00:00 0 
7f025ea4f000-7f025ea50000 rw-p 00000000 00:00 0 
7f025ea50000-7f025ea58000 r-xp 00000000 08:03 28843102                   /usr/lib/jvm/java-7-openjdk-amd64/jre/lib/amd64/libzip.so
7f025ea58000-7f025ec57000 ---p 00008000 08:03 28843102                   /usr/lib/jvm/java-7-openjdk-amd64/jre/lib/amd64/libzip.so
7f025ec57000-7f025ec58000 r--p 00007000 08:03 28843102                   /usr/lib/jvm/java-7-openjdk-amd64/jre/lib/amd64/libzip.so
7f025ec58000-7f025ec59000 rw-p 00008000 08:03 28843102                   /usr/lib/jvm/java-7-openjdk-amd64/jre/lib/amd64/libzip.so
7f025ec59000-7f025ec64000 r-xp 00000000 08:03 5247263                    /lib/x86_64-linux-gnu/libnss_files-2.19.so
7f025ec64000-7f025ee63000 ---p 0000b000 08:03 5247263                    /lib/x86_64-linux-gnu/libnss_files-2.19.so
7f025ee63000-7f025ee64000 r--p 0000a000 08:03 5247263                    /lib/x86_64-linux-gnu/libnss_files-2.19.so
7f025ee64000-7f025ee65000 rw-p 0000b000 08:03 5247263                    /lib/x86_64-linux-gnu/libnss_files-2.19.so
7f025ee65000-7f025ee70000 r-xp 00000000 08:03 5247273                    /lib/x86_64-linux-gnu/libnss_nis-2.19.so
7f025ee70000-7f025f06f000 ---p 0000b000 08:03 5247273                    /lib/x86_64-linux-gnu/libnss_nis-2.19.so
7f025f06f000-7f025f070000 r--p 0000a000 08:03 5247273                    /lib/x86_64-linux-gnu/libnss_nis-2.19.so
7f025f070000-7f025f071000 rw-p 0000b000 08:03 5247273                    /lib/x86_64-linux-gnu/libnss_nis-2.19.so
7f025f071000-7f025f088000 r-xp 00000000 08:03 5247257                    /lib/x86_64-linux-gnu/libnsl-2.19.so
7f025f088000-7f025f287000 ---p 00017000 08:03 5247257                    /lib/x86_64-linux-gnu/libnsl-2.19.so
7f025f287000-7f025f288000 r--p 00016000 08:03 5247257                    /lib/x86_64-linux-gnu/libnsl-2.19.so
7f025f288000-7f025f289000 rw-p 00017000 08:03 5247257                    /lib/x86_64-linux-gnu/libnsl-2.19.so
7f025f289000-7f025f28b000 rw-p 00000000 00:00 0 
7f025f28b000-7f025f294000 r-xp 00000000 08:03 5247259                    /lib/x86_64-linux-gnu/libnss_compat-2.19.so
7f025f294000-7f025f493000 ---p 00009000 08:03 5247259                    /lib/x86_64-linux-gnu/libnss_compat-2.19.so
7f025f493000-7f025f494000 r--p 00008000 08:03 5247259                    /lib/x86_64-linux-gnu/libnss_compat-2.19.so
7f025f494000-7f025f495000 rw-p 00009000 08:03 5247259                    /lib/x86_64-linux-gnu/libnss_compat-2.19.so
7f025f495000-7f025f4c0000 r-xp 00000000 08:03 28843088                   /usr/lib/jvm/java-7-openjdk-amd64/jre/lib/amd64/libjava.so
7f025f4c0000-7f025f6c0000 ---p 0002b000 08:03 28843088                   /usr/lib/jvm/java-7-openjdk-amd64/jre/lib/amd64/libjava.so
7f025f6c0000-7f025f6c1000 r--p 0002b000 08:03 28843088                   /usr/lib/jvm/java-7-openjdk-amd64/jre/lib/amd64/libjava.so
7f025f6c1000-7f025f6c3000 rw-p 0002c000 08:03 28843088                   /usr/lib/jvm/java-7-openjdk-amd64/jre/lib/amd64/libjava.so
7f025f6c3000-7f025f6d3000 r-xp 00000000 08:03 28843089                   /usr/lib/jvm/java-7-openjdk-amd64/jre/lib/amd64/libverify.so
7f025f6d3000-7f025f8d2000 ---p 00010000 08:03 28843089                   /usr/lib/jvm/java-7-openjdk-amd64/jre/lib/amd64/libverify.so
7f025f8d2000-7f025f8d4000 r--p 0000f000 08:03 28843089                   /usr/lib/jvm/java-7-openjdk-amd64/jre/lib/amd64/libverify.so
7f025f8d4000-7f025f8d5000 rw-p 00011000 08:03 28843089                   /usr/lib/jvm/java-7-openjdk-amd64/jre/lib/amd64/libverify.so
7f025f8d5000-7f025f8dc000 r-xp 00000000 08:03 5247316                    /lib/x86_64-linux-gnu/librt-2.19.so
7f025f8dc000-7f025fadb000 ---p 00007000 08:03 5247316                    /lib/x86_64-linux-gnu/librt-2.19.so
7f025fadb000-7f025fadc000 r--p 00006000 08:03 5247316                    /lib/x86_64-linux-gnu/librt-2.19.so
7f025fadc000-7f025fadd000 rw-p 00007000 08:03 5247316                    /lib/x86_64-linux-gnu/librt-2.19.so
7f025fadd000-7f025faf3000 r-xp 00000000 08:03 5247214                    /lib/x86_64-linux-gnu/libgcc_s.so.1
7f025faf3000-7f025fcf2000 ---p 00016000 08:03 5247214                    /lib/x86_64-linux-gnu/libgcc_s.so.1
7f025fcf2000-7f025fcf3000 rw-p 00015000 08:03 5247214                    /lib/x86_64-linux-gnu/libgcc_s.so.1
7f025fcf3000-7f025fdf8000 r-xp 00000000 08:03 5247238                    /lib/x86_64-linux-gnu/libm-2.19.so
7f025fdf8000-7f025fff7000 ---p 00105000 08:03 5247238                    /lib/x86_64-linux-gnu/libm-2.19.so
7f025fff7000-7f025fff8000 r--p 00104000 08:03 5247238                    /lib/x86_64-linux-gnu/libm-2.19.so
7f025fff8000-7f025fff9000 rw-p 00105000 08:03 5247238                    /lib/x86_64-linux-gnu/libm-2.19.so
7f025fff9000-7f02600df000 r-xp 00000000 08:03 28713424                   /usr/lib/x86_64-linux-gnu/libstdc++.so.6.0.19
7f02600df000-7f02602de000 ---p 000e6000 08:03 28713424                   /usr/lib/x86_64-linux-gnu/libstdc++.so.6.0.19
7f02602de000-7f02602e6000 r--p 000e5000 08:03 28713424                   /usr/lib/x86_64-linux-gnu/libstdc++.so.6.0.19
7f02602e6000-7f02602e8000 rw-p 000ed000 08:03 28713424                   /usr/lib/x86_64-linux-gnu/libstdc++.so.6.0.19
7f02602e8000-7f02602fd000 rw-p 00000000 00:00 0 
7f02602fd000-7f0260e22000 r-xp 00000000 08:03 28843100                   /usr/lib/jvm/java-7-openjdk-amd64/jre/lib/amd64/server/libjvm.so
7f0260e22000-7f0261022000 ---p 00b25000 08:03 28843100                   /usr/lib/jvm/java-7-openjdk-amd64/jre/lib/amd64/server/libjvm.so
7f0261022000-7f02610bc000 r--p 00b25000 08:03 28843100                   /usr/lib/jvm/java-7-openjdk-amd64/jre/lib/amd64/server/libjvm.so
7f02610bc000-7f02610df000 rw-p 00bbf000 08:03 28843100                   /usr/lib/jvm/java-7-openjdk-amd64/jre/lib/amd64/server/libjvm.so
7f02610df000-7f026110e000 rw-p 00000000 00:00 0 
7f026110e000-7f0261126000 r-xp 00000000 08:03 5247351                    /lib/x86_64-linux-gnu/libz.so.1.2.8
7f0261126000-7f0261325000 ---p 00018000 08:03 5247351                    /lib/x86_64-linux-gnu/libz.so.1.2.8
7f0261325000-7f0261326000 r--p 00017000 08:03 5247351                    /lib/x86_64-linux-gnu/libz.so.1.2.8
7f0261326000-7f0261327000 rw-p 00018000 08:03 5247351                    /lib/x86_64-linux-gnu/libz.so.1.2.8
7f0261327000-7f0261340000 r-xp 00000000 08:03 5247308                    /lib/x86_64-linux-gnu/libpthread-2.19.so
7f0261340000-7f026153f000 ---p 00019000 08:03 5247308                    /lib/x86_64-linux-gnu/libpthread-2.19.so
7f026153f000-7f0261540000 r--p 00018000 08:03 5247308                    /lib/x86_64-linux-gnu/libpthread-2.19.so
7f0261540000-7f0261541000 rw-p 00019000 08:03 5247308                    /lib/x86_64-linux-gnu/libpthread-2.19.so
7f0261541000-7f0261545000 rw-p 00000000 00:00 0 
7f0261545000-7f0261548000 r-xp 00000000 08:03 5247204                    /lib/x86_64-linux-gnu/libdl-2.19.so
7f0261548000-7f0261747000 ---p 00003000 08:03 5247204                    /lib/x86_64-linux-gnu/libdl-2.19.so
7f0261747000-7f0261748000 r--p 00002000 08:03 5247204                    /lib/x86_64-linux-gnu/libdl-2.19.so
7f0261748000-7f0261749000 rw-p 00003000 08:03 5247204                    /lib/x86_64-linux-gnu/libdl-2.19.so
7f0261749000-7f0261904000 r-xp 00000000 08:03 5247187                    /lib/x86_64-linux-gnu/libc-2.19.so
7f0261904000-7f0261b03000 ---p 001bb000 08:03 5247187                    /lib/x86_64-linux-gnu/libc-2.19.so
7f0261b03000-7f0261b07000 r--p 001ba000 08:03 5247187                    /lib/x86_64-linux-gnu/libc-2.19.so
7f0261b07000-7f0261b09000 rw-p 001be000 08:03 5247187                    /lib/x86_64-linux-gnu/libc-2.19.so
7f0261b09000-7f0261b0e000 rw-p 00000000 00:00 0 
7f0261b0e000-7f0261b1b000 r-xp 00000000 08:03 28843115                   /usr/lib/jvm/java-7-openjdk-amd64/jre/lib/amd64/jli/libjli.so
7f0261b1b000-7f0261d1a000 ---p 0000d000 08:03 28843115                   /usr/lib/jvm/java-7-openjdk-amd64/jre/lib/amd64/jli/libjli.so
7f0261d1a000-7f0261d1b000 r--p 0000c000 08:03 28843115                   /usr/lib/jvm/java-7-openjdk-amd64/jre/lib/amd64/jli/libjli.so
7f0261d1b000-7f0261d1c000 rw-p 0000d000 08:03 28843115                   /usr/lib/jvm/java-7-openjdk-amd64/jre/lib/amd64/jli/libjli.so
7f0261d1c000-7f0261d3f000 r-xp 00000000 08:03 5247161                    /lib/x86_64-linux-gnu/ld-2.19.so
7f0261d3f000-7f0261d61000 rw-p 00000000 00:00 0 
7f0261d61000-7f0261e17000 rw-p 00000000 00:00 0 
7f0261e17000-7f0261e1a000 ---p 00000000 00:00 0 
7f0261e1a000-7f0261f1e000 rw-p 00000000 00:00 0                          [stack:7183]
7f0261f1e000-7f0261f22000 r--s 00085000 08:03 28843145                   /usr/lib/jvm/java-7-openjdk-amd64/jre/lib/ext/localedata.jar
7f0261f22000-7f0261f24000 r--s 00006000 08:03 29364344                   /usr/share/java/java-atk-wrapper.jar
7f0261f24000-7f0261f28000 r--s 0003c000 08:03 28843146                   /usr/lib/jvm/java-7-openjdk-amd64/jre/lib/ext/sunpkcs11.jar
7f0261f28000-7f0261f2b000 r--s 0000f000 08:03 28843144                   /usr/lib/jvm/java-7-openjdk-amd64/jre/lib/ext/icedtea-sound.jar
7f0261f2b000-7f0261f2c000 r--s 00002000 08:03 28843141                   /usr/lib/jvm/java-7-openjdk-amd64/jre/lib/ext/dnsns.jar
7f0261f2c000-7f0261f2e000 r--s 00012000 08:03 28843142                   /usr/lib/jvm/java-7-openjdk-amd64/jre/lib/ext/zipfs.jar
7f0261f2e000-7f0261f32000 r--s 00034000 08:03 28843143                   /usr/lib/jvm/java-7-openjdk-amd64/jre/lib/ext/sunjce_provider.jar
7f0261f32000-7f0261f3a000 rw-s 00000000 08:03 23069090                   /tmp/hsperfdata_luan/7179
7f0261f3a000-7f0261f3b000 rw-p 00000000 00:00 0 
7f0261f3b000-7f0261f3c000 ---p 00000000 00:00 0 
7f0261f3c000-7f0261f3e000 rw-p 00000000 00:00 0 
7f0261f3e000-7f0261f3f000 r--p 00022000 08:03 5247161                    /lib/x86_64-linux-gnu/ld-2.19.so
7f0261f3f000-7f0261f40000 rw-p 00023000 08:03 5247161                    /lib/x86_64-linux-gnu/ld-2.19.so
7f0261f40000-7f0261f41000 rw-p 00000000 00:00 0 
7ffefc361000-7ffefc382000 rw-p 00000000 00:00 0                          [stack]
7ffefc392000-7ffefc394000 r--p 00000000 00:00 0                          [vvar]
7ffefc394000-7ffefc396000 r-xp 00000000 00:00 0                          [vdso]
ffffffffff600000-ffffffffff601000 r-xp 00000000 00:00 0                  [vsyscall]

VM Arguments:
jvm_args: -Djava.awt.headless=true -Xmx1024M -Dfile.encoding=UTF-8 -Duser.country=BR -Duser.language=pt -Duser.variant 
java_command: com.android.dx.command.Main --dex --force-jumbo --num-threads=4 --multi-dex --output /home/luan/AndroidStudioProjects/BioB/app/build/intermediates/transforms/dex/debug/folders/1000/2/ormlite-core-5.0_4113bc5b6fff83ab55ef91a303f031726206996a /home/luan/AndroidStudioProjects/BioB/app/libs/ormlite-core-5.0.jar
Launcher Type: SUN_STANDARD

Environment Variables:
PATH=/usr/local/sbin:/usr/local/bin:/usr/sbin:/usr/bin:/sbin:/bin:/usr/games:/usr/local/games
USERNAME=luan
LD_LIBRARY_PATH=/opt/android-studio/bin:
SHELL=/bin/bash
DISPLAY=:0

Signal Handlers:
SIGSEGV: [libjvm.so+0x9561e0], sa_mask[0]=0x7ffbfeff, sa_flags=0x10000004
SIGBUS: [libjvm.so+0x9561e0], sa_mask[0]=0x7ffbfeff, sa_flags=0x10000004
SIGFPE: [libjvm.so+0x7cc4d0], sa_mask[0]=0x7ffbfeff, sa_flags=0x10000004
SIGPIPE: [libjvm.so+0x7cc4d0], sa_mask[0]=0x7ffbfeff, sa_flags=0x10000004
SIGXFSZ: [libjvm.so+0x7cc4d0], sa_mask[0]=0x7ffbfeff, sa_flags=0x10000004
SIGILL: [libjvm.so+0x7cc4d0], sa_mask[0]=0x7ffbfeff, sa_flags=0x10000004
SIGUSR1: SIG_DFL, sa_mask[0]=0x00000000, sa_flags=0x00000000
SIGUSR2: [libjvm.so+0x7cc370], sa_mask[0]=0x00000004, sa_flags=0x10000004
SIGHUP: [libjvm.so+0x7cc550], sa_mask[0]=0x7ffbfeff, sa_flags=0x10000004
SIGINT: [libjvm.so+0x7cc550], sa_mask[0]=0x7ffbfeff, sa_flags=0x10000004
SIGTERM: [libjvm.so+0x7cc550], sa_mask[0]=0x7ffbfeff, sa_flags=0x10000004
SIGQUIT: [libjvm.so+0x7cc550], sa_mask[0]=0x7ffbfeff, sa_flags=0x10000004
SIGTRAP: SIG_DFL, sa_mask[0]=0x00000000, sa_flags=0x00000000


---------------  S Y S T E M  ---------------

OS:LinuxMint 17.3 (rosa)
uname:Linux 3.19.0-32-generic #37~14.04.1-Ubuntu SMP Thu Oct 22 09:41:40 UTC 2015 x86_64
libc:glibc 2.19 NPTL 2.19 
rlimit: STACK 8192k, CORE 0k, NPROC 15302, NOFILE 4096, AS infinity
load average:11,37 3,54 1,62

/proc/meminfo:
MemTotal:        3949536 kB
MemFree:          122552 kB
MemAvailable:      65756 kB
Buffers:             636 kB
Cached:           253800 kB
SwapCached:            0 kB
Active:          3465516 kB
Inactive:         219060 kB
Active(anon):    3459420 kB
Inactive(anon):   203620 kB
Active(file):       6096 kB
Inactive(file):    15440 kB
Unevictable:          40 kB
Mlocked:              40 kB
SwapTotal:             0 kB
SwapFree:              0 kB
Dirty:               708 kB
Writeback:             0 kB
AnonPages:       3431196 kB
Mapped:           124812 kB
Shmem:            231884 kB
Slab:              64292 kB
SReclaimable:      33812 kB
SUnreclaim:        30480 kB
KernelStack:       11136 kB
PageTables:        33736 kB
NFS_Unstable:          0 kB
Bounce:                0 kB
WritebackTmp:          0 kB
CommitLimit:     1974768 kB
Committed_AS:    7344652 kB
VmallocTotal:   34359738367 kB
VmallocUsed:      347860 kB
VmallocChunk:   34359383004 kB
HardwareCorrupted:     0 kB
AnonHugePages:   1802240 kB
CmaTotal:              0 kB
CmaFree:               0 kB
HugePages_Total:       0
HugePages_Free:        0
HugePages_Rsvd:        0
HugePages_Surp:        0
Hugepagesize:       2048 kB
DirectMap4k:      109128 kB
DirectMap2M:     2938880 kB
DirectMap1G:     1048576 kB


CPU:total 4 (2 cores per cpu, 2 threads per core) family 6 model 69 stepping 1, cmov, cx8, fxsr, mmx, sse, sse2, sse3, ssse3, sse4.1, sse4.2, popcnt, avx, avx2, aes, erms, ht, tsc, tscinvbit

/proc/cpuinfo:
processor	: 0
vendor_id	: GenuineIntel
cpu family	: 6
model		: 69
model name	: Intel(R) Core(TM) i5-4210U CPU @ 1.70GHz
stepping	: 1
microcode	: 0x1c
cpu MHz		: 799.996
cache size	: 3072 KB
physical id	: 0
siblings	: 4
core id		: 0
cpu cores	: 2
apicid		: 0
initial apicid	: 0
fpu		: yes
fpu_exception	: yes
cpuid level	: 13
wp		: yes
flags		: fpu vme de pse tsc msr pae mce cx8 apic sep mtrr pge mca cmov pat pse36 clflush dts acpi mmx fxsr sse sse2 ss ht tm pbe syscall nx pdpe1gb rdtscp lm constant_tsc arch_perfmon pebs bts rep_good nopl xtopology nonstop_tsc aperfmperf eagerfpu pni pclmulqdq dtes64 monitor ds_cpl vmx est tm2 ssse3 fma cx16 xtpr pdcm pcid sse4_1 sse4_2 movbe popcnt tsc_deadline_timer aes xsave avx f16c rdrand lahf_lm abm ida arat epb pln pts dtherm tpr_shadow vnmi flexpriority ept vpid fsgsbase tsc_adjust bmi1 avx2 smep bmi2 erms invpcid xsaveopt
bugs		:
bogomips	: 3392.13
clflush size	: 64
cache_alignment	: 64
address sizes	: 39 bits physical, 48 bits virtual
power management:

processor	: 1
vendor_id	: GenuineIntel
cpu family	: 6
model		: 69
model name	: Intel(R) Core(TM) i5-4210U CPU @ 1.70GHz
stepping	: 1
microcode	: 0x1c
cpu MHz		: 877.691
cache size	: 3072 KB
physical id	: 0
siblings	: 4
core id		: 1
cpu cores	: 2
apicid		: 2
initial apicid	: 2
fpu		: yes
fpu_exception	: yes
cpuid level	: 13
wp		: yes
flags		: fpu vme de pse tsc msr pae mce cx8 apic sep mtrr pge mca cmov pat pse36 clflush dts acpi mmx fxsr sse sse2 ss ht tm pbe syscall nx pdpe1gb rdtscp lm constant_tsc arch_perfmon pebs bts rep_good nopl xtopology nonstop_tsc aperfmperf eagerfpu pni pclmulqdq dtes64 monitor ds_cpl vmx est tm2 ssse3 fma cx16 xtpr pdcm pcid sse4_1 sse4_2 movbe popcnt tsc_deadline_timer aes xsave avx f16c rdrand lahf_lm abm ida arat epb pln pts dtherm tpr_shadow vnmi flexpriority ept vpid fsgsbase tsc_adjust bmi1 avx2 smep bmi2 erms invpcid xsaveopt
bugs		:
bogomips	: 3392.13
clflush size	: 64
cache_alignment	: 64
address sizes	: 39 bits physical, 48 bits virtual
power management:

processor	: 2
vendor_id	: GenuineIntel
cpu family	: 6
model		: 69
model name	: Intel(R) Core(TM) i5-4210U CPU @ 1.70GHz
stepping	: 1
microcode	: 0x1c
cpu MHz		: 800.328
cache size	: 3072 KB
physical id	: 0
siblings	: 4
core id		: 0
cpu cores	: 2
apicid		: 1
initial apicid	: 1
fpu		: yes
fpu_exception	: yes
cpuid level	: 13
wp		: yes
flags		: fpu vme de pse tsc msr pae mce cx8 apic sep mtrr pge mca cmov pat pse36 clflush dts acpi mmx fxsr sse sse2 ss ht tm pbe syscall nx pdpe1gb rdtscp lm constant_tsc arch_perfmon pebs bts rep_good nopl xtopology nonstop_tsc aperfmperf eagerfpu pni pclmulqdq dtes64 monitor ds_cpl vmx est tm2 ssse3 fma cx16 xtpr pdcm pcid sse4_1 sse4_2 movbe popcnt tsc_deadline_timer aes xsave avx f16c rdrand lahf_lm abm ida arat epb pln pts dtherm tpr_shadow vnmi flexpriority ept vpid fsgsbase tsc_adjust bmi1 avx2 smep bmi2 erms invpcid xsaveopt
bugs		:
bogomips	: 3392.13
clflush size	: 64
cache_alignment	: 64
address sizes	: 39 bits physical, 48 bits virtual
power management:

processor	: 3
vendor_id	: GenuineIntel
cpu family	: 6
model		: 69
model name	: Intel(R) Core(TM) i5-4210U CPU @ 1.70GHz
stepping	: 1
microcode	: 0x1c
cpu MHz		: 799.996
cache size	: 3072 KB
physical id	: 0
siblings	: 4
core id		: 1
cpu cores	: 2
apicid		: 3
initial apicid	: 3
fpu		: yes
fpu_exception	: yes
cpuid level	: 13
wp		: yes
flags		: fpu vme de pse tsc msr pae mce cx8 apic sep mtrr pge mca cmov pat pse36 clflush dts acpi mmx fxsr sse sse2 ss ht tm pbe syscall nx pdpe1gb rdtscp lm constant_tsc arch_perfmon pebs bts rep_good nopl xtopology nonstop_tsc aperfmperf eagerfpu pni pclmulqdq dtes64 monitor ds_cpl vmx est tm2 ssse3 fma cx16 xtpr pdcm pcid sse4_1 sse4_2 movbe popcnt tsc_deadline_timer aes xsave avx f16c rdrand lahf_lm abm ida arat epb pln pts dtherm tpr_shadow vnmi flexpriority ept vpid fsgsbase tsc_adjust bmi1 avx2 smep bmi2 erms invpcid xsaveopt
bugs		:
bogomips	: 3392.13
clflush size	: 64
cache_alignment	: 64
address sizes	: 39 bits physical, 48 bits virtual
power management:



Memory: 4k page, physical 3949536k(122552k free), swap 0k(0k free)

vm_info: OpenJDK 64-Bit Server VM (24.95-b01) for linux-amd64 JRE (1.7.0_101-b00), built on Apr 24 2016 20:39:29 by "buildd" with gcc 4.8.2

time: Sat Sep 10 17:03:57 2016
elapsed time: 28 seconds

