#
# There is insufficient memory for the Java Runtime Environment to continue.
# Native memory allocation (malloc) failed to allocate 160956416 bytes for committing reserved memory.
# Possible reasons:
#   The system is out of physical RAM or swap space
#   In 32 bit mode, the process size limit was hit
# Possible solutions:
#   Reduce memory load on the system
#   Increase physical memory or swap space
#   Check if swap backing store is full
#   Use 64 bit Java on a 64 bit OS
#   Decrease Java heap size (-Xmx/-Xms)
#   Decrease number of Java threads
#   Decrease Java thread stack sizes (-Xss)
#   Set larger code cache with -XX:ReservedCodeCacheSize=
# This output file may be truncated or incomplete.
#
#  Out of Memory Error (os_linux.cpp:2827), pid=17881, tid=139710528173824
#
# JRE version: OpenJDK Runtime Environment (7.0_101) (build 1.7.0_101-b00)
# Java VM: OpenJDK 64-Bit Server VM (24.95-b01 mixed mode linux-amd64 compressed oops)
# Derivative: IcedTea 2.6.6
# Distribution: Ubuntu 14.04 LTS, package 7u101-2.6.6-0ubuntu0.14.04.1
# Failed to write core dump. Core dumps have been disabled. To enable core dumping, try "ulimit -c unlimited" before starting Java again
#

---------------  T H R E A D  ---------------

Current thread (0x00007f10e0076000):  VMThread [stack: 0x00007f10e4573000,0x00007f10e4674000] [id=17890]

Stack: [0x00007f10e4573000,0x00007f10e4674000],  sp=0x00007f10e4672490,  free space=1021k
Native frames: (J=compiled Java code, j=interpreted, Vv=VM code, C=native code)
V  [libjvm.so+0x955705]
V  [libjvm.so+0x490c44]
V  [libjvm.so+0x7d0c9b]
V  [libjvm.so+0x7cb75f]
V  [libjvm.so+0x83ee5b]
V  [libjvm.so+0x82f0ab]
V  [libjvm.so+0x82f26b]
V  [libjvm.so+0x830198]
V  [libjvm.so+0x836a44]
V  [libjvm.so+0x83cf9d]
V  [libjvm.so+0x7f34a3]
V  [libjvm.so+0x957104]
V  [libjvm.so+0x95b207]
V  [libjvm.so+0x959cc8]
V  [libjvm.so+0x95a129]
V  [libjvm.so+0x95a572]
V  [libjvm.so+0x7cdb62]

VM_Operation (0x00007f10d4a3b230): ParallelGCFailedAllocation, mode: safepoint, requested by thread 0x00007f10e01f1800


---------------  P R O C E S S  ---------------

Java Threads: ( => current thread )
  0x00007f10e01f3000 JavaThread "pool-2-thread-4" [_thread_blocked, id=17902, stack(0x00007f10d483b000,0x00007f10d493c000)]
  0x00007f10e01f1800 JavaThread "pool-2-thread-3" [_thread_blocked, id=17901, stack(0x00007f10d493c000,0x00007f10d4a3d000)]
  0x00007f10e01f0000 JavaThread "pool-2-thread-2" [_thread_blocked, id=17900, stack(0x00007f10d4a3d000,0x00007f10d4b3e000)]
  0x00007f10e01ef000 JavaThread "pool-3-thread-1" [_thread_blocked, id=17899, stack(0x00007f10d4b3e000,0x00007f10d4c3f000)]
  0x00007f10e01dc800 JavaThread "pool-2-thread-1" [_thread_blocked, id=17898, stack(0x00007f10d4c3f000,0x00007f10d4d40000)]
  0x00007f10e00ae800 JavaThread "Service Thread" daemon [_thread_blocked, id=17896, stack(0x00007f10dcbfc000,0x00007f10dccfd000)]
  0x00007f10e00ac000 JavaThread "C2 CompilerThread1" daemon [_thread_blocked, id=17895, stack(0x00007f10dccfd000,0x00007f10dcdfe000)]
  0x00007f10e00a9800 JavaThread "C2 CompilerThread0" daemon [_thread_blocked, id=17894, stack(0x00007f10dcdfe000,0x00007f10dceff000)]
  0x00007f10e00a7000 JavaThread "Signal Dispatcher" daemon [_thread_blocked, id=17893, stack(0x00007f10dceff000,0x00007f10dd000000)]
  0x00007f10e007c800 JavaThread "Finalizer" daemon [_thread_blocked, id=17892, stack(0x00007f10e4371000,0x00007f10e4472000)]
  0x00007f10e007a800 JavaThread "Reference Handler" daemon [_thread_blocked, id=17891, stack(0x00007f10e4472000,0x00007f10e4573000)]
  0x00007f10e000a800 JavaThread "main" [_thread_blocked, id=17885, stack(0x00007f10e9737000,0x00007f10e9838000)]

Other Threads:
=>0x00007f10e0076000 VMThread [stack: 0x00007f10e4573000,0x00007f10e4674000] [id=17890]
  0x00007f10e00b9800 WatcherThread [stack: 0x00007f10dcafb000,0x00007f10dcbfc000] [id=17897]

VM state:at safepoint (normal execution)

VM Mutex/Monitor currently owned by a thread:  ([mutex/lock_event])
[0x00007f10e0006440] ExpandHeap_lock - owner thread: 0x00007f10e0076000
[0x00007f10e0006ac0] Threads_lock - owner thread: 0x00007f10e0076000
[0x00007f10e0006fc0] Heap_lock - owner thread: 0x00007f10e01f1800

Heap
 PSYoungGen      total 233472K, used 38879K [0x00000000eaa80000, 0x0000000100000000, 0x0000000100000000)
  eden space 117248K, 0% used [0x00000000eaa80000,0x00000000eaa80000,0x00000000f1d00000)
  from space 116224K, 33% used [0x00000000f8e80000,0x00000000fb477dd8,0x0000000100000000)
  to   space 116224K, 0% used [0x00000000f1d00000,0x00000000f1d00000,0x00000000f8e80000)
 ParOldGen       total 381952K, used 381463K [0x00000000c0000000, 0x00000000d7500000, 0x00000000eaa80000)
  object space 381952K, 99% used [0x00000000c0000000,0x00000000d7485f30,0x00000000d7500000)
 PSPermGen       total 21504K, used 6670K [0x00000000b5a00000, 0x00000000b6f00000, 0x00000000c0000000)
  object space 21504K, 31% used [0x00000000b5a00000,0x00000000b6083bb8,0x00000000b6f00000)

Card table byte_map: [0x00007f10e611c000,0x00007f10e6370000] byte_map_base: 0x00007f10e5b6f000

Polling page: 0x00007f10e985b000

Code Cache  [0x00007f10dd000000, 0x00007f10dd460000, 0x00007f10e0000000)
 total_blobs=1457 nmethods=1226 adapters=184 free_code_cache=45033Kb largest_free_block=45803136

Compilation events (10 events):
Event: 16,279 Thread 0x00007f10e00a9800 nmethod 1285 0x00007f10dd30be50 code [0x00007f10dd30c020, 0x00007f10dd30cae8]
Event: 16,279 Thread 0x00007f10e00a9800 1287             com.android.dx.ssa.SsaBasicBlock::addLiveOut (32 bytes)
Event: 16,290 Thread 0x00007f10e00ac000 nmethod 1286 0x00007f10dd30b250 code [0x00007f10dd30b400, 0x00007f10dd30b9a8]
Event: 16,299 Thread 0x00007f10e00a9800 nmethod 1287 0x00007f10dd30a650 code [0x00007f10dd30a800, 0x00007f10dd30ada8]
Event: 16,315 Thread 0x00007f10e00ac000 1288             java.util.Arrays::copyOf (19 bytes)
Event: 16,318 Thread 0x00007f10e00ac000 nmethod 1288 0x00007f10dd1b8c50 code [0x00007f10dd1b8da0, 0x00007f10dd1b8f98]
Event: 16,323 Thread 0x00007f10e00ac000 1289             com.android.dx.ssa.back.InterferenceGraph::add (46 bytes)
Event: 16,341 Thread 0x00007f10e00ac000 nmethod 1289 0x00007f10dd3096d0 code [0x00007f10dd3098a0, 0x00007f10dd309fa8]
Event: 16,457 Thread 0x00007f10e00a9800 1290             com.android.dx.ssa.back.FirstFitLocalCombiningAllocator::isEven (12 bytes)
Event: 16,457 Thread 0x00007f10e00a9800 nmethod 1290 0x00007f10dd121f90 code [0x00007f10dd1220c0, 0x00007f10dd1220f8]

GC Heap History (10 events):
Event: 15,419 GC heap after
Heap after GC invocations=22 (full 4):
 PSYoungGen      total 226304K, used 22859K [0x00000000eaa80000, 0x00000000ff900000, 0x0000000100000000)
  eden space 117248K, 0% used [0x00000000eaa80000,0x00000000eaa80000,0x00000000f1d00000)
  from space 109056K, 20% used [0x00000000f8e80000,0x00000000fa4d2cc8,0x00000000ff900000)
  to   space 112640K, 0% used [0x00000000f1d00000,0x00000000f1d00000,0x00000000f8b00000)
 ParOldGen       total 381952K, used 296540K [0x00000000c0000000, 0x00000000d7500000, 0x00000000eaa80000)
  object space 381952K, 77% used [0x00000000c0000000,0x00000000d2197220,0x00000000d7500000)
 PSPermGen       total 21504K, used 6654K [0x00000000b5a00000, 0x00000000b6f00000, 0x00000000c0000000)
  object space 21504K, 30% used [0x00000000b5a00000,0x00000000b607fb00,0x00000000b6f00000)
}
Event: 15,576 GC heap before
{Heap before GC invocations=23 (full 4):
 PSYoungGen      total 226304K, used 140107K [0x00000000eaa80000, 0x00000000ff900000, 0x0000000100000000)
  eden space 117248K, 100% used [0x00000000eaa80000,0x00000000f1d00000,0x00000000f1d00000)
  from space 109056K, 20% used [0x00000000f8e80000,0x00000000fa4d2cc8,0x00000000ff900000)
  to   space 112640K, 0% used [0x00000000f1d00000,0x00000000f1d00000,0x00000000f8b00000)
 ParOldGen       total 381952K, used 296540K [0x00000000c0000000, 0x00000000d7500000, 0x00000000eaa80000)
  object space 381952K, 77% used [0x00000000c0000000,0x00000000d2197220,0x00000000d7500000)
 PSPermGen       total 21504K, used 6657K [0x00000000b5a00000, 0x00000000b6f00000, 0x00000000c0000000)
  object space 21504K, 30% used [0x00000000b5a00000,0x00000000b60805e0,0x00000000b6f00000)
Event: 15,618 GC heap after
Heap after GC invocations=23 (full 4):
 PSYoungGen      total 229888K, used 39874K [0x00000000eaa80000, 0x00000000ff780000, 0x0000000100000000)
  eden space 117248K, 0% used [0x00000000eaa80000,0x00000000eaa80000,0x00000000f1d00000)
  from space 112640K, 35% used [0x00000000f1d00000,0x00000000f43f0ac8,0x00000000f8b00000)
  to   space 106496K, 0% used [0x00000000f8f80000,0x00000000f8f80000,0x00000000ff780000)
 ParOldGen       total 381952K, used 296540K [0x00000000c0000000, 0x00000000d7500000, 0x00000000eaa80000)
  object space 381952K, 77% used [0x00000000c0000000,0x00000000d2197220,0x00000000d7500000)
 PSPermGen       total 21504K, used 6657K [0x00000000b5a00000, 0x00000000b6f00000, 0x00000000c0000000)
  object space 21504K, 30% used [0x00000000b5a00000,0x00000000b60805e0,0x00000000b6f00000)
}
Event: 15,847 GC heap before
{Heap before GC invocations=24 (full 4):
 PSYoungGen      total 229888K, used 157122K [0x00000000eaa80000, 0x00000000ff780000, 0x0000000100000000)
  eden space 117248K, 100% used [0x00000000eaa80000,0x00000000f1d00000,0x00000000f1d00000)
  from space 112640K, 35% used [0x00000000f1d00000,0x00000000f43f0ac8,0x00000000f8b00000)
  to   space 106496K, 0% used [0x00000000f8f80000,0x00000000f8f80000,0x00000000ff780000)
 ParOldGen       total 381952K, used 296540K [0x00000000c0000000, 0x00000000d7500000, 0x00000000eaa80000)
  object space 381952K, 77% used [0x00000000c0000000,0x00000000d2197220,0x00000000d7500000)
 PSPermGen       total 21504K, used 6660K [0x00000000b5a00000, 0x00000000b6f00000, 0x00000000c0000000)
  object space 21504K, 30% used [0x00000000b5a00000,0x00000000b60810b0,0x00000000b6f00000)
Event: 15,904 GC heap after
Heap after GC invocations=24 (full 4):
 PSYoungGen      total 226304K, used 81742K [0x00000000eaa80000, 0x0000000100000000, 0x0000000100000000)
  eden space 119808K, 0% used [0x00000000eaa80000,0x00000000eaa80000,0x00000000f1f80000)
  from space 106496K, 76% used [0x00000000f8f80000,0x00000000fdf538a0,0x00000000ff780000)
  to   space 114688K, 0% used [0x00000000f1f80000,0x00000000f1f80000,0x00000000f8f80000)
 ParOldGen       total 381952K, used 296540K [0x00000000c0000000, 0x00000000d7500000, 0x00000000eaa80000)
  object space 381952K, 77% used [0x00000000c0000000,0x00000000d2197220,0x00000000d7500000)
 PSPermGen       total 21504K, used 6660K [0x00000000b5a00000, 0x00000000b6f00000, 0x00000000c0000000)
  object space 21504K, 30% used [0x00000000b5a00000,0x00000000b60810b0,0x00000000b6f00000)
}
Event: 16,477 GC heap before
{Heap before GC invocations=25 (full 4):
 PSYoungGen      total 226304K, used 201550K [0x00000000eaa80000, 0x0000000100000000, 0x0000000100000000)
  eden space 119808K, 100% used [0x00000000eaa80000,0x00000000f1f80000,0x00000000f1f80000)
  from space 106496K, 76% used [0x00000000f8f80000,0x00000000fdf538a0,0x00000000ff780000)
  to   space 114688K, 0% used [0x00000000f1f80000,0x00000000f1f80000,0x00000000f8f80000)
 ParOldGen       total 381952K, used 296540K [0x00000000c0000000, 0x00000000d7500000, 0x00000000eaa80000)
  object space 381952K, 77% used [0x00000000c0000000,0x00000000d2197220,0x00000000d7500000)
 PSPermGen       total 21504K, used 6670K [0x00000000b5a00000, 0x00000000b6f00000, 0x00000000c0000000)
  object space 21504K, 31% used [0x00000000b5a00000,0x00000000b6083b40,0x00000000b6f00000)
Event: 16,547 GC heap after
Heap after GC invocations=25 (full 4):
 PSYoungGen      total 195584K, used 75663K [0x00000000eaa80000, 0x0000000100000000, 0x0000000100000000)
  eden space 119808K, 0% used [0x00000000eaa80000,0x00000000eaa80000,0x00000000f1f80000)
  from space 75776K, 99% used [0x00000000f1f80000,0x00000000f6963d10,0x00000000f6980000)
  to   space 116224K, 0% used [0x00000000f8e80000,0x00000000f8e80000,0x0000000100000000)
 ParOldGen       total 381952K, used 296540K [0x00000000c0000000, 0x00000000d7500000, 0x00000000eaa80000)
  object space 381952K, 77% used [0x00000000c0000000,0x00000000d2197220,0x00000000d7500000)
 PSPermGen       total 21504K, used 6670K [0x00000000b5a00000, 0x00000000b6f00000, 0x00000000c0000000)
  object space 21504K, 31% used [0x00000000b5a00000,0x00000000b6083b40,0x00000000b6f00000)
}
Event: 16,752 GC heap before
{Heap before GC invocations=26 (full 4):
 PSYoungGen      total 195584K, used 195471K [0x00000000eaa80000, 0x0000000100000000, 0x0000000100000000)
  eden space 119808K, 100% used [0x00000000eaa80000,0x00000000f1f80000,0x00000000f1f80000)
  from space 75776K, 99% used [0x00000000f1f80000,0x00000000f6963d10,0x00000000f6980000)
  to   space 116224K, 0% used [0x00000000f8e80000,0x00000000f8e80000,0x0000000100000000)
 ParOldGen       total 381952K, used 296540K [0x00000000c0000000, 0x00000000d7500000, 0x00000000eaa80000)
  object space 381952K, 77% used [0x00000000c0000000,0x00000000d2197220,0x00000000d7500000)
 PSPermGen       total 21504K, used 6670K [0x00000000b5a00000, 0x00000000b6f00000, 0x00000000c0000000)
  object space 21504K, 31% used [0x00000000b5a00000,0x00000000b6083bf8,0x00000000b6f00000)
Event: 16,860 GC heap after
Heap after GC invocations=26 (full 4):
 PSYoungGen      total 233472K, used 93716K [0x00000000eaa80000, 0x0000000100000000, 0x0000000100000000)
  eden space 117248K, 0% used [0x00000000eaa80000,0x00000000eaa80000,0x00000000f1d00000)
  from space 116224K, 80% used [0x00000000f8e80000,0x00000000fea053b8,0x0000000100000000)
  to   space 116224K, 0% used [0x00000000f1d00000,0x00000000f1d00000,0x00000000f8e80000)
 ParOldGen       total 381952K, used 332332K [0x00000000c0000000, 0x00000000d7500000, 0x00000000eaa80000)
  object space 381952K, 87% used [0x00000000c0000000,0x00000000d448b078,0x00000000d7500000)
 PSPermGen       total 21504K, used 6670K [0x00000000b5a00000, 0x00000000b6f00000, 0x00000000c0000000)
  object space 21504K, 31% used [0x00000000b5a00000,0x00000000b6083bf8,0x00000000b6f00000)
}
Event: 16,860 GC heap before
{Heap before GC invocations=27 (full 5):
 PSYoungGen      total 233472K, used 93716K [0x00000000eaa80000, 0x0000000100000000, 0x0000000100000000)
  eden space 117248K, 0% used [0x00000000eaa80000,0x00000000eaa80000,0x00000000f1d00000)
  from space 116224K, 80% used [0x00000000f8e80000,0x00000000fea053b8,0x0000000100000000)
  to   space 116224K, 0% used [0x00000000f1d00000,0x00000000f1d00000,0x00000000f8e80000)
 ParOldGen       total 381952K, used 332332K [0x00000000c0000000, 0x00000000d7500000, 0x00000000eaa80000)
  object space 381952K, 87% used [0x00000000c0000000,0x00000000d448b078,0x00000000d7500000)
 PSPermGen       total 21504K, used 6670K [0x00000000b5a00000, 0x00000000b6f00000, 0x00000000c0000000)
  object space 21504K, 31% used [0x00000000b5a00000,0x00000000b6083bf8,0x00000000b6f00000)

Deoptimization events (10 events):
Event: 16,111 Thread 0x00007f10e000a800 Uncommon trap: reason=class_check action=maybe_recompile pc=0x00007f10dd0dea58 method=com.android.dx.util.BitIntSet.merge(Lcom/android/dx/util/IntSet;)V @ 1
Event: 16,116 Thread 0x00007f10e000a800 Uncommon trap: reason=class_check action=maybe_recompile pc=0x00007f10dd25cb10 method=com.android.dx.ssa.back.InterferenceGraph.mergeInterferenceSet(ILcom/android/dx/util/IntSet;)V @ 20
Event: 16,116 Thread 0x00007f10e000a800 Uncommon trap: reason=class_check action=maybe_recompile pc=0x00007f10dd0dea58 method=com.android.dx.util.BitIntSet.merge(Lcom/android/dx/util/IntSet;)V @ 1
Event: 16,116 Thread 0x00007f10e000a800 Uncommon trap: reason=class_check action=maybe_recompile pc=0x00007f10dd0dde54 method=com.android.dx.ssa.back.InterferenceGraph.mergeInterferenceSet(ILcom/android/dx/util/IntSet;)V @ 20
Event: 16,166 Thread 0x00007f10e000a800 Uncommon trap: reason=unstable_if action=reinterpret pc=0x00007f10dd4123e8 method=com.android.dx.ssa.SetFactory.makeLivenessSet(I)Lcom/android/dx/util/IntSet; @ 4
Event: 16,166 Thread 0x00007f10e000a800 Uncommon trap: reason=unstable_if action=reinterpret pc=0x00007f10dd1b9950 method=com.android.dx.ssa.SetFactory.makeLivenessSet(I)Lcom/android/dx/util/IntSet; @ 4
Event: 16,167 Thread 0x00007f10e01f0000 Uncommon trap: reason=unstable_if action=reinterpret pc=0x00007f10dd36df34 method=com.android.dx.ssa.SetFactory.makeLivenessSet(I)Lcom/android/dx/util/IntSet; @ 4
Event: 16,167 Thread 0x00007f10e01f0000 Uncommon trap: reason=unstable_if action=reinterpret pc=0x00007f10dd1b7c5c method=com.android.dx.ssa.SetFactory.makeLivenessSet(I)Lcom/android/dx/util/IntSet; @ 4
Event: 16,167 Thread 0x00007f10e01f0000 Uncommon trap: reason=unstable_if action=reinterpret pc=0x00007f10dd2d4488 method=com.android.dx.ssa.SetFactory.makeLivenessSet(I)Lcom/android/dx/util/IntSet; @ 4
Event: 16,739 Thread 0x00007f10e01f0000 Uncommon trap: reason=class_check action=maybe_recompile pc=0x00007f10dd0d20ec method=com.android.dx.ssa.SsaConverter.placePhiFunctions(Lcom/android/dx/ssa/SsaMethod;Lcom/android/dx/ssa/LocalVariableInfo;I)V @ 257

Internal exceptions (10 events):
Event: 5,074 Thread 0x00007f10e01dc800 Implicit null exception at 0x00007f10dd21937c to 0x00007f10dd21c55d
Event: 5,132 Thread 0x00007f10e01f0000 Implicit null exception at 0x00007f10dd21937c to 0x00007f10dd21c55d
Event: 6,822 Thread 0x00007f10e000a800 Implicit null exception at 0x00007f10dd15076d to 0x00007f10dd1513bd
Event: 8,062 Thread 0x00007f10e000a800 Threw 0x00000000f2092e10 at /build/openjdk-7-9duhBW/openjdk-7-7u101-2.6.6/build/openjdk/hotspot/src/share/vm/prims/jvm.cpp:1322
Event: 8,192 Thread 0x00007f10e01f0000 Implicit null exception at 0x00007f10dd316483 to 0x00007f10dd318af9
Event: 8,899 Thread 0x00007f10e000a800 Implicit null exception at 0x00007f10dd1c9b65 to 0x00007f10dd1cb5bd
Event: 9,457 Thread 0x00007f10e01f1800 Threw 0x00000000f7d6f280 at /build/openjdk-7-9duhBW/openjdk-7-7u101-2.6.6/build/openjdk/hotspot/src/share/vm/prims/jvm.cpp:1322
Event: 10,251 Thread 0x00007f10e01f1800 Implicit null exception at 0x00007f10dd39d39d to 0x00007f10dd39ea2d
Event: 15,920 Thread 0x00007f10e000a800 Threw 0x00000000eafee788 at /build/openjdk-7-9duhBW/openjdk-7-7u101-2.6.6/build/openjdk/hotspot/src/share/vm/prims/jvm.cpp:1322
Event: 15,930 Thread 0x00007f10e000a800 Threw 0x00000000eb0ce290 at /build/openjdk-7-9duhBW/openjdk-7-7u101-2.6.6/build/openjdk/hotspot/src/share/vm/prims/jvm.cpp:1322

Events (10 events):
Event: 16,167 Thread 0x00007f10e01f0000 DEOPT UNPACKING pc=0x00007f10dd039445 sp=0x00007f10d4b3c1d0 mode 2
Event: 16,167 Thread 0x00007f10e01f0000 Uncommon trap: trap_request=0xffffff75 fr.pc=0x00007f10dd2d4488
Event: 16,167 Thread 0x00007f10e01f0000 DEOPT PACKING pc=0x00007f10dd2d4488 sp=0x00007f10d4b3c230
Event: 16,167 Thread 0x00007f10e01f0000 DEOPT UNPACKING pc=0x00007f10dd039445 sp=0x00007f10d4b3c1d0 mode 2
Event: 16,475 Executing VM operation: ParallelGCFailedAllocation
Event: 16,547 Executing VM operation: ParallelGCFailedAllocation done
Event: 16,739 Thread 0x00007f10e01f0000 Uncommon trap: trap_request=0xffffffde fr.pc=0x00007f10dd0d20ec
Event: 16,739 Thread 0x00007f10e01f0000 DEOPT PACKING pc=0x00007f10dd0d20ec sp=0x00007f10d4b3c3a0
Event: 16,739 Thread 0x00007f10e01f0000 DEOPT UNPACKING pc=0x00007f10dd039445 sp=0x00007f10d4b3c348 mode 2
Event: 16,752 Executing VM operation: ParallelGCFailedAllocation


Dynamic libraries:
00400000-00401000 r-xp 00000000 08:04 28837979                           /usr/lib/jvm/java-7-openjdk-amd64/jre/bin/java
00600000-00601000 r--p 00000000 08:04 28837979                           /usr/lib/jvm/java-7-openjdk-amd64/jre/bin/java
00601000-00602000 rw-p 00001000 08:04 28837979                           /usr/lib/jvm/java-7-openjdk-amd64/jre/bin/java
011fd000-0121e000 rw-p 00000000 00:00 0                                  [heap]
b5a00000-b6f00000 rw-p 00000000 00:00 0 
b6f00000-c0000000 rw-p 00000000 00:00 0 
c0000000-d7500000 rw-p 00000000 00:00 0 
e0e80000-eaa80000 rw-p 00000000 00:00 0 
eaa80000-100000000 rw-p 00000000 00:00 0 
7f1090000000-7f109002b000 rw-p 00000000 00:00 0 
7f109002b000-7f1094000000 ---p 00000000 00:00 0 
7f1098000000-7f1098027000 rw-p 00000000 00:00 0 
7f1098027000-7f109c000000 ---p 00000000 00:00 0 
7f109c000000-7f109c034000 rw-p 00000000 00:00 0 
7f109c034000-7f10a0000000 ---p 00000000 00:00 0 
7f10a0000000-7f10a002e000 rw-p 00000000 00:00 0 
7f10a002e000-7f10a4000000 ---p 00000000 00:00 0 
7f10a4000000-7f10a4021000 rw-p 00000000 00:00 0 
7f10a4021000-7f10a8000000 ---p 00000000 00:00 0 
7f10a8000000-7f10a8021000 rw-p 00000000 00:00 0 
7f10a8021000-7f10ac000000 ---p 00000000 00:00 0 
7f10ac000000-7f10ac021000 rw-p 00000000 00:00 0 
7f10ac021000-7f10b0000000 ---p 00000000 00:00 0 
7f10b0000000-7f10b16ee000 rw-p 00000000 00:00 0 
7f10b16ee000-7f10b4000000 ---p 00000000 00:00 0 
7f10b4000000-7f10b5ea1000 rw-p 00000000 00:00 0 
7f10b5ea1000-7f10b8000000 ---p 00000000 00:00 0 
7f10b8000000-7f10b8021000 rw-p 00000000 00:00 0 
7f10b8021000-7f10bc000000 ---p 00000000 00:00 0 
7f10bc000000-7f10bc021000 rw-p 00000000 00:00 0 
7f10bc021000-7f10c0000000 ---p 00000000 00:00 0 
7f10c0000000-7f10c0021000 rw-p 00000000 00:00 0 
7f10c0021000-7f10c4000000 ---p 00000000 00:00 0 
7f10c4000000-7f10c4021000 rw-p 00000000 00:00 0 
7f10c4021000-7f10c8000000 ---p 00000000 00:00 0 
7f10c8000000-7f10c8021000 rw-p 00000000 00:00 0 
7f10c8021000-7f10cc000000 ---p 00000000 00:00 0 
7f10cc000000-7f10cc021000 rw-p 00000000 00:00 0 
7f10cc021000-7f10d0000000 ---p 00000000 00:00 0 
7f10d0000000-7f10d0021000 rw-p 00000000 00:00 0 
7f10d0021000-7f10d4000000 ---p 00000000 00:00 0 
7f10d483b000-7f10d483e000 ---p 00000000 00:00 0 
7f10d483e000-7f10d493c000 rw-p 00000000 00:00 0                          [stack:17902]
7f10d493c000-7f10d493f000 ---p 00000000 00:00 0 
7f10d493f000-7f10d4a3d000 rw-p 00000000 00:00 0                          [stack:17901]
7f10d4a3d000-7f10d4a40000 ---p 00000000 00:00 0 
7f10d4a40000-7f10d4b3e000 rw-p 00000000 00:00 0                          [stack:17900]
7f10d4b3e000-7f10d4b41000 ---p 00000000 00:00 0 
7f10d4b41000-7f10d4c3f000 rw-p 00000000 00:00 0                          [stack:17899]
7f10d4c3f000-7f10d4c42000 ---p 00000000 00:00 0 
7f10d4c42000-7f10d4d40000 rw-p 00000000 00:00 0                          [stack:17898]
7f10d4d40000-7f10d4d7d000 r-xp 00000000 08:04 5247291                    /lib/x86_64-linux-gnu/libpcre.so.3.13.1
7f10d4d7d000-7f10d4f7c000 ---p 0003d000 08:04 5247291                    /lib/x86_64-linux-gnu/libpcre.so.3.13.1
7f10d4f7c000-7f10d4f7d000 r--p 0003c000 08:04 5247291                    /lib/x86_64-linux-gnu/libpcre.so.3.13.1
7f10d4f7d000-7f10d4f7e000 rw-p 0003d000 08:04 5247291                    /lib/x86_64-linux-gnu/libpcre.so.3.13.1
7f10d4f7e000-7f10d4f85000 r-xp 00000000 08:04 28712694                   /usr/lib/x86_64-linux-gnu/libffi.so.6.0.1
7f10d4f85000-7f10d5184000 ---p 00007000 08:04 28712694                   /usr/lib/x86_64-linux-gnu/libffi.so.6.0.1
7f10d5184000-7f10d5185000 r--p 00006000 08:04 28712694                   /usr/lib/x86_64-linux-gnu/libffi.so.6.0.1
7f10d5185000-7f10d5186000 rw-p 00007000 08:04 28712694                   /usr/lib/x86_64-linux-gnu/libffi.so.6.0.1
7f10d5186000-7f10d519d000 r-xp 00000000 08:04 5247314                    /lib/x86_64-linux-gnu/libresolv-2.19.so
7f10d519d000-7f10d539d000 ---p 00017000 08:04 5247314                    /lib/x86_64-linux-gnu/libresolv-2.19.so
7f10d539d000-7f10d539e000 r--p 00017000 08:04 5247314                    /lib/x86_64-linux-gnu/libresolv-2.19.so
7f10d539e000-7f10d539f000 rw-p 00018000 08:04 5247314                    /lib/x86_64-linux-gnu/libresolv-2.19.so
7f10d539f000-7f10d53a1000 rw-p 00000000 00:00 0 
7f10d53a1000-7f10d53c1000 r-xp 00000000 08:04 5247318                    /lib/x86_64-linux-gnu/libselinux.so.1
7f10d53c1000-7f10d55c0000 ---p 00020000 08:04 5247318                    /lib/x86_64-linux-gnu/libselinux.so.1
7f10d55c0000-7f10d55c1000 r--p 0001f000 08:04 5247318                    /lib/x86_64-linux-gnu/libselinux.so.1
7f10d55c1000-7f10d55c2000 rw-p 00020000 08:04 5247318                    /lib/x86_64-linux-gnu/libselinux.so.1
7f10d55c2000-7f10d55c4000 rw-p 00000000 00:00 0 
7f10d55c4000-7f10d55c7000 r-xp 00000000 08:04 28712833                   /usr/lib/x86_64-linux-gnu/libgmodule-2.0.so.0.4002.0
7f10d55c7000-7f10d57c6000 ---p 00003000 08:04 28712833                   /usr/lib/x86_64-linux-gnu/libgmodule-2.0.so.0.4002.0
7f10d57c6000-7f10d57c7000 r--p 00002000 08:04 28712833                   /usr/lib/x86_64-linux-gnu/libgmodule-2.0.so.0.4002.0
7f10d57c7000-7f10d57c8000 rw-p 00003000 08:04 28712833                   /usr/lib/x86_64-linux-gnu/libgmodule-2.0.so.0.4002.0
7f10d57c8000-7f10d58ce000 r-xp 00000000 08:04 5247218                    /lib/x86_64-linux-gnu/libglib-2.0.so.0.4002.0
7f10d58ce000-7f10d5acd000 ---p 00106000 08:04 5247218                    /lib/x86_64-linux-gnu/libglib-2.0.so.0.4002.0
7f10d5acd000-7f10d5ace000 r--p 00105000 08:04 5247218                    /lib/x86_64-linux-gnu/libglib-2.0.so.0.4002.0
7f10d5ace000-7f10d5acf000 rw-p 00106000 08:04 5247218                    /lib/x86_64-linux-gnu/libglib-2.0.so.0.4002.0
7f10d5acf000-7f10d8000000 rw-p 00000000 00:00 0 
7f10d8000000-7f10d8021000 rw-p 00000000 00:00 0 
7f10d8021000-7f10dc000000 ---p 00000000 00:00 0 
7f10dc09b000-7f10dc0bd000 r--p 00000000 08:04 30685233                   /usr/share/locale-langpack/pt_BR/LC_MESSAGES/libc.mo
7f10dc0bd000-7f10dc0ee000 rw-p 00000000 00:00 0 
7f10dc0ee000-7f10dc13d000 r-xp 00000000 08:04 28712857                   /usr/lib/x86_64-linux-gnu/libgobject-2.0.so.0.4002.0
7f10dc13d000-7f10dc33d000 ---p 0004f000 08:04 28712857                   /usr/lib/x86_64-linux-gnu/libgobject-2.0.so.0.4002.0
7f10dc33d000-7f10dc33e000 r--p 0004f000 08:04 28712857                   /usr/lib/x86_64-linux-gnu/libgobject-2.0.so.0.4002.0
7f10dc33e000-7f10dc33f000 rw-p 00050000 08:04 28712857                   /usr/lib/x86_64-linux-gnu/libgobject-2.0.so.0.4002.0
7f10dc33f000-7f10dc4ab000 r-xp 00000000 08:04 28712819                   /usr/lib/x86_64-linux-gnu/libgio-2.0.so.0.4002.0
7f10dc4ab000-7f10dc6aa000 ---p 0016c000 08:04 28712819                   /usr/lib/x86_64-linux-gnu/libgio-2.0.so.0.4002.0
7f10dc6aa000-7f10dc6ae000 r--p 0016b000 08:04 28712819                   /usr/lib/x86_64-linux-gnu/libgio-2.0.so.0.4002.0
7f10dc6ae000-7f10dc6b0000 rw-p 0016f000 08:04 28712819                   /usr/lib/x86_64-linux-gnu/libgio-2.0.so.0.4002.0
7f10dc6b0000-7f10dc6b2000 rw-p 00000000 00:00 0 
7f10dc6d1000-7f10dc6e8000 r-xp 00000000 08:04 28843097                   /usr/lib/jvm/java-7-openjdk-amd64/jre/lib/amd64/libnet.so
7f10dc6e8000-7f10dc8e7000 ---p 00017000 08:04 28843097                   /usr/lib/jvm/java-7-openjdk-amd64/jre/lib/amd64/libnet.so
7f10dc8e7000-7f10dc8e8000 r--p 00016000 08:04 28843097                   /usr/lib/jvm/java-7-openjdk-amd64/jre/lib/amd64/libnet.so
7f10dc8e8000-7f10dc8e9000 rw-p 00017000 08:04 28843097                   /usr/lib/jvm/java-7-openjdk-amd64/jre/lib/amd64/libnet.so
7f10dc8e9000-7f10dc8f9000 r-xp 00000000 08:04 28843118                   /usr/lib/jvm/java-7-openjdk-amd64/jre/lib/amd64/libnio.so
7f10dc8f9000-7f10dcaf9000 ---p 00010000 08:04 28843118                   /usr/lib/jvm/java-7-openjdk-amd64/jre/lib/amd64/libnio.so
7f10dcaf9000-7f10dcafa000 r--p 00010000 08:04 28843118                   /usr/lib/jvm/java-7-openjdk-amd64/jre/lib/amd64/libnio.so
7f10dcafa000-7f10dcafb000 rw-p 00011000 08:04 28843118                   /usr/lib/jvm/java-7-openjdk-amd64/jre/lib/amd64/libnio.so
7f10dcafb000-7f10dcafc000 ---p 00000000 00:00 0 
7f10dcafc000-7f10dcbfc000 rw-p 00000000 00:00 0                          [stack:17897]
7f10dcbfc000-7f10dcbff000 ---p 00000000 00:00 0 
7f10dcbff000-7f10dccfd000 rw-p 00000000 00:00 0                          [stack:17896]
7f10dccfd000-7f10dcd00000 ---p 00000000 00:00 0 
7f10dcd00000-7f10dcdfe000 rw-p 00000000 00:00 0                          [stack:17895]
7f10dcdfe000-7f10dce01000 ---p 00000000 00:00 0 
7f10dce01000-7f10dceff000 rw-p 00000000 00:00 0                          [stack:17894]
7f10dceff000-7f10dcf02000 ---p 00000000 00:00 0 
7f10dcf02000-7f10dd000000 rw-p 00000000 00:00 0                          [stack:17893]
7f10dd000000-7f10dd460000 rwxp 00000000 00:00 0 
7f10dd460000-7f10e02ce000 rw-p 00000000 00:00 0 
7f10e02ce000-7f10e4000000 ---p 00000000 00:00 0 
7f10e4005000-7f10e400c000 r--s 00000000 08:04 29231493                   /usr/lib/x86_64-linux-gnu/gconv/gconv-modules.cache
7f10e400c000-7f10e4097000 r--s 005e9000 08:04 35653275                   /home/luan/AndroidStudioProjects/BioB/app/build/intermediates/transforms/jarMerging/debug/jars/1/1f/combined.jar
7f10e4097000-7f10e40a6000 r--s 000df000 08:04 32507487                   /home/luan/Android/Sdk/build-tools/23.0.3/lib/dx.jar
7f10e40a6000-7f10e4371000 r--p 00000000 08:04 28711040                   /usr/lib/locale/locale-archive
7f10e4371000-7f10e4374000 ---p 00000000 00:00 0 
7f10e4374000-7f10e4472000 rw-p 00000000 00:00 0                          [stack:17892]
7f10e4472000-7f10e4475000 ---p 00000000 00:00 0 
7f10e4475000-7f10e4573000 rw-p 00000000 00:00 0                          [stack:17891]
7f10e4573000-7f10e4574000 ---p 00000000 00:00 0 
7f10e4574000-7f10e5671000 rw-p 00000000 00:00 0                          [stack:17890]
7f10e5671000-7f10e5823000 r--s 01d32000 08:04 28843131                   /usr/lib/jvm/java-7-openjdk-amd64/jre/lib/rt.jar
7f10e5823000-7f10e5b6f000 rw-p 00000000 00:00 0 
7f10e5b6f000-7f10e5b70000 ---p 00000000 00:00 0 
7f10e5b70000-7f10e5c70000 rw-p 00000000 00:00 0                          [stack:17889]
7f10e5c70000-7f10e5c71000 ---p 00000000 00:00 0 
7f10e5c71000-7f10e5d71000 rw-p 00000000 00:00 0                          [stack:17888]
7f10e5d71000-7f10e5d72000 ---p 00000000 00:00 0 
7f10e5d72000-7f10e5e72000 rw-p 00000000 00:00 0                          [stack:17887]
7f10e5e72000-7f10e5e73000 ---p 00000000 00:00 0 
7f10e5e73000-7f10e5f7e000 rw-p 00000000 00:00 0                          [stack:17886]
7f10e5f7e000-7f10e5fc6000 rw-p 00000000 00:00 0 
7f10e5fc6000-7f10e6081000 rw-p 00000000 00:00 0 
7f10e6081000-7f10e611c000 rw-p 00000000 00:00 0 
7f10e611c000-7f10e6127000 rw-p 00000000 00:00 0 
7f10e6127000-7f10e616f000 rw-p 00000000 00:00 0 
7f10e616f000-7f10e622a000 rw-p 00000000 00:00 0 
7f10e622a000-7f10e62c4000 rw-p 00000000 00:00 0 
7f10e62c4000-7f10e636f000 rw-p 00000000 00:00 0 
7f10e636f000-7f10e6370000 rw-p 00000000 00:00 0 
7f10e6370000-7f10e6378000 r-xp 00000000 08:04 28843102                   /usr/lib/jvm/java-7-openjdk-amd64/jre/lib/amd64/libzip.so
7f10e6378000-7f10e6577000 ---p 00008000 08:04 28843102                   /usr/lib/jvm/java-7-openjdk-amd64/jre/lib/amd64/libzip.so
7f10e6577000-7f10e6578000 r--p 00007000 08:04 28843102                   /usr/lib/jvm/java-7-openjdk-amd64/jre/lib/amd64/libzip.so
7f10e6578000-7f10e6579000 rw-p 00008000 08:04 28843102                   /usr/lib/jvm/java-7-openjdk-amd64/jre/lib/amd64/libzip.so
7f10e6579000-7f10e6584000 r-xp 00000000 08:04 5247263                    /lib/x86_64-linux-gnu/libnss_files-2.19.so
7f10e6584000-7f10e6783000 ---p 0000b000 08:04 5247263                    /lib/x86_64-linux-gnu/libnss_files-2.19.so
7f10e6783000-7f10e6784000 r--p 0000a000 08:04 5247263                    /lib/x86_64-linux-gnu/libnss_files-2.19.so
7f10e6784000-7f10e6785000 rw-p 0000b000 08:04 5247263                    /lib/x86_64-linux-gnu/libnss_files-2.19.so
7f10e6785000-7f10e6790000 r-xp 00000000 08:04 5247273                    /lib/x86_64-linux-gnu/libnss_nis-2.19.so
7f10e6790000-7f10e698f000 ---p 0000b000 08:04 5247273                    /lib/x86_64-linux-gnu/libnss_nis-2.19.so
7f10e698f000-7f10e6990000 r--p 0000a000 08:04 5247273                    /lib/x86_64-linux-gnu/libnss_nis-2.19.so
7f10e6990000-7f10e6991000 rw-p 0000b000 08:04 5247273                    /lib/x86_64-linux-gnu/libnss_nis-2.19.so
7f10e6991000-7f10e69a8000 r-xp 00000000 08:04 5247257                    /lib/x86_64-linux-gnu/libnsl-2.19.so
7f10e69a8000-7f10e6ba7000 ---p 00017000 08:04 5247257                    /lib/x86_64-linux-gnu/libnsl-2.19.so
7f10e6ba7000-7f10e6ba8000 r--p 00016000 08:04 5247257                    /lib/x86_64-linux-gnu/libnsl-2.19.so
7f10e6ba8000-7f10e6ba9000 rw-p 00017000 08:04 5247257                    /lib/x86_64-linux-gnu/libnsl-2.19.so
7f10e6ba9000-7f10e6bab000 rw-p 00000000 00:00 0 
7f10e6bab000-7f10e6bb4000 r-xp 00000000 08:04 5247259                    /lib/x86_64-linux-gnu/libnss_compat-2.19.so
7f10e6bb4000-7f10e6db3000 ---p 00009000 08:04 5247259                    /lib/x86_64-linux-gnu/libnss_compat-2.19.so
7f10e6db3000-7f10e6db4000 r--p 00008000 08:04 5247259                    /lib/x86_64-linux-gnu/libnss_compat-2.19.so
7f10e6db4000-7f10e6db5000 rw-p 00009000 08:04 5247259                    /lib/x86_64-linux-gnu/libnss_compat-2.19.so
7f10e6db5000-7f10e6de0000 r-xp 00000000 08:04 28843088                   /usr/lib/jvm/java-7-openjdk-amd64/jre/lib/amd64/libjava.so
7f10e6de0000-7f10e6fe0000 ---p 0002b000 08:04 28843088                   /usr/lib/jvm/java-7-openjdk-amd64/jre/lib/amd64/libjava.so
7f10e6fe0000-7f10e6fe1000 r--p 0002b000 08:04 28843088                   /usr/lib/jvm/java-7-openjdk-amd64/jre/lib/amd64/libjava.so
7f10e6fe1000-7f10e6fe3000 rw-p 0002c000 08:04 28843088                   /usr/lib/jvm/java-7-openjdk-amd64/jre/lib/amd64/libjava.so
7f10e6fe3000-7f10e6ff3000 r-xp 00000000 08:04 28843089                   /usr/lib/jvm/java-7-openjdk-amd64/jre/lib/amd64/libverify.so
7f10e6ff3000-7f10e71f2000 ---p 00010000 08:04 28843089                   /usr/lib/jvm/java-7-openjdk-amd64/jre/lib/amd64/libverify.so
7f10e71f2000-7f10e71f4000 r--p 0000f000 08:04 28843089                   /usr/lib/jvm/java-7-openjdk-amd64/jre/lib/amd64/libverify.so
7f10e71f4000-7f10e71f5000 rw-p 00011000 08:04 28843089                   /usr/lib/jvm/java-7-openjdk-amd64/jre/lib/amd64/libverify.so
7f10e71f5000-7f10e71fc000 r-xp 00000000 08:04 5247316                    /lib/x86_64-linux-gnu/librt-2.19.so
7f10e71fc000-7f10e73fb000 ---p 00007000 08:04 5247316                    /lib/x86_64-linux-gnu/librt-2.19.so
7f10e73fb000-7f10e73fc000 r--p 00006000 08:04 5247316                    /lib/x86_64-linux-gnu/librt-2.19.so
7f10e73fc000-7f10e73fd000 rw-p 00007000 08:04 5247316                    /lib/x86_64-linux-gnu/librt-2.19.so
7f10e73fd000-7f10e7413000 r-xp 00000000 08:04 5247214                    /lib/x86_64-linux-gnu/libgcc_s.so.1
7f10e7413000-7f10e7612000 ---p 00016000 08:04 5247214                    /lib/x86_64-linux-gnu/libgcc_s.so.1
7f10e7612000-7f10e7613000 rw-p 00015000 08:04 5247214                    /lib/x86_64-linux-gnu/libgcc_s.so.1
7f10e7613000-7f10e7718000 r-xp 00000000 08:04 5247238                    /lib/x86_64-linux-gnu/libm-2.19.so
7f10e7718000-7f10e7917000 ---p 00105000 08:04 5247238                    /lib/x86_64-linux-gnu/libm-2.19.so
7f10e7917000-7f10e7918000 r--p 00104000 08:04 5247238                    /lib/x86_64-linux-gnu/libm-2.19.so
7f10e7918000-7f10e7919000 rw-p 00105000 08:04 5247238                    /lib/x86_64-linux-gnu/libm-2.19.so
7f10e7919000-7f10e79ff000 r-xp 00000000 08:04 28713424                   /usr/lib/x86_64-linux-gnu/libstdc++.so.6.0.19
7f10e79ff000-7f10e7bfe000 ---p 000e6000 08:04 28713424                   /usr/lib/x86_64-linux-gnu/libstdc++.so.6.0.19
7f10e7bfe000-7f10e7c06000 r--p 000e5000 08:04 28713424                   /usr/lib/x86_64-linux-gnu/libstdc++.so.6.0.19
7f10e7c06000-7f10e7c08000 rw-p 000ed000 08:04 28713424                   /usr/lib/x86_64-linux-gnu/libstdc++.so.6.0.19
7f10e7c08000-7f10e7c1d000 rw-p 00000000 00:00 0 
7f10e7c1d000-7f10e8742000 r-xp 00000000 08:04 28843100                   /usr/lib/jvm/java-7-openjdk-amd64/jre/lib/amd64/server/libjvm.so
7f10e8742000-7f10e8942000 ---p 00b25000 08:04 28843100                   /usr/lib/jvm/java-7-openjdk-amd64/jre/lib/amd64/server/libjvm.so
7f10e8942000-7f10e89dc000 r--p 00b25000 08:04 28843100                   /usr/lib/jvm/java-7-openjdk-amd64/jre/lib/amd64/server/libjvm.so
7f10e89dc000-7f10e89ff000 rw-p 00bbf000 08:04 28843100                   /usr/lib/jvm/java-7-openjdk-amd64/jre/lib/amd64/server/libjvm.so
7f10e89ff000-7f10e8a2e000 rw-p 00000000 00:00 0 
7f10e8a2e000-7f10e8a46000 r-xp 00000000 08:04 5247351                    /lib/x86_64-linux-gnu/libz.so.1.2.8
7f10e8a46000-7f10e8c45000 ---p 00018000 08:04 5247351                    /lib/x86_64-linux-gnu/libz.so.1.2.8
7f10e8c45000-7f10e8c46000 r--p 00017000 08:04 5247351                    /lib/x86_64-linux-gnu/libz.so.1.2.8
7f10e8c46000-7f10e8c47000 rw-p 00018000 08:04 5247351                    /lib/x86_64-linux-gnu/libz.so.1.2.8
7f10e8c47000-7f10e8c60000 r-xp 00000000 08:04 5247308                    /lib/x86_64-linux-gnu/libpthread-2.19.so
7f10e8c60000-7f10e8e5f000 ---p 00019000 08:04 5247308                    /lib/x86_64-linux-gnu/libpthread-2.19.so
7f10e8e5f000-7f10e8e60000 r--p 00018000 08:04 5247308                    /lib/x86_64-linux-gnu/libpthread-2.19.so
7f10e8e60000-7f10e8e61000 rw-p 00019000 08:04 5247308                    /lib/x86_64-linux-gnu/libpthread-2.19.so
7f10e8e61000-7f10e8e65000 rw-p 00000000 00:00 0 
7f10e8e65000-7f10e8e68000 r-xp 00000000 08:04 5247204                    /lib/x86_64-linux-gnu/libdl-2.19.so
7f10e8e68000-7f10e9067000 ---p 00003000 08:04 5247204                    /lib/x86_64-linux-gnu/libdl-2.19.so
7f10e9067000-7f10e9068000 r--p 00002000 08:04 5247204                    /lib/x86_64-linux-gnu/libdl-2.19.so
7f10e9068000-7f10e9069000 rw-p 00003000 08:04 5247204                    /lib/x86_64-linux-gnu/libdl-2.19.so
7f10e9069000-7f10e9224000 r-xp 00000000 08:04 5247187                    /lib/x86_64-linux-gnu/libc-2.19.so
7f10e9224000-7f10e9423000 ---p 001bb000 08:04 5247187                    /lib/x86_64-linux-gnu/libc-2.19.so
7f10e9423000-7f10e9427000 r--p 001ba000 08:04 5247187                    /lib/x86_64-linux-gnu/libc-2.19.so
7f10e9427000-7f10e9429000 rw-p 001be000 08:04 5247187                    /lib/x86_64-linux-gnu/libc-2.19.so
7f10e9429000-7f10e942e000 rw-p 00000000 00:00 0 
7f10e942e000-7f10e943b000 r-xp 00000000 08:04 28843115                   /usr/lib/jvm/java-7-openjdk-amd64/jre/lib/amd64/jli/libjli.so
7f10e943b000-7f10e963a000 ---p 0000d000 08:04 28843115                   /usr/lib/jvm/java-7-openjdk-amd64/jre/lib/amd64/jli/libjli.so
7f10e963a000-7f10e963b000 r--p 0000c000 08:04 28843115                   /usr/lib/jvm/java-7-openjdk-amd64/jre/lib/amd64/jli/libjli.so
7f10e963b000-7f10e963c000 rw-p 0000d000 08:04 28843115                   /usr/lib/jvm/java-7-openjdk-amd64/jre/lib/amd64/jli/libjli.so
7f10e963c000-7f10e965f000 r-xp 00000000 08:04 5247161                    /lib/x86_64-linux-gnu/ld-2.19.so
7f10e965f000-7f10e9689000 rw-p 00000000 00:00 0 
7f10e9689000-7f10e9737000 rw-p 00000000 00:00 0 
7f10e9737000-7f10e973a000 ---p 00000000 00:00 0 
7f10e973a000-7f10e983e000 rw-p 00000000 00:00 0                          [stack:17885]
7f10e983e000-7f10e9842000 r--s 00085000 08:04 28843145                   /usr/lib/jvm/java-7-openjdk-amd64/jre/lib/ext/localedata.jar
7f10e9842000-7f10e9844000 r--s 00006000 08:04 29364344                   /usr/share/java/java-atk-wrapper.jar
7f10e9844000-7f10e9848000 r--s 0003c000 08:04 28843146                   /usr/lib/jvm/java-7-openjdk-amd64/jre/lib/ext/sunpkcs11.jar
7f10e9848000-7f10e984b000 r--s 0000f000 08:04 28843144                   /usr/lib/jvm/java-7-openjdk-amd64/jre/lib/ext/icedtea-sound.jar
7f10e984b000-7f10e984c000 r--s 00002000 08:04 28843141                   /usr/lib/jvm/java-7-openjdk-amd64/jre/lib/ext/dnsns.jar
7f10e984c000-7f10e984e000 r--s 00012000 08:04 28843142                   /usr/lib/jvm/java-7-openjdk-amd64/jre/lib/ext/zipfs.jar
7f10e984e000-7f10e9852000 r--s 00034000 08:04 28843143                   /usr/lib/jvm/java-7-openjdk-amd64/jre/lib/ext/sunjce_provider.jar
7f10e9852000-7f10e985a000 rw-s 00000000 08:04 23069343                   /tmp/hsperfdata_luan/17881
7f10e985a000-7f10e985b000 rw-p 00000000 00:00 0 
7f10e985b000-7f10e985c000 ---p 00000000 00:00 0 
7f10e985c000-7f10e985e000 rw-p 00000000 00:00 0 
7f10e985e000-7f10e985f000 r--p 00022000 08:04 5247161                    /lib/x86_64-linux-gnu/ld-2.19.so
7f10e985f000-7f10e9860000 rw-p 00023000 08:04 5247161                    /lib/x86_64-linux-gnu/ld-2.19.so
7f10e9860000-7f10e9861000 rw-p 00000000 00:00 0 
7ffc004f2000-7ffc00513000 rw-p 00000000 00:00 0                          [stack]
7ffc005ed000-7ffc005ef000 r--p 00000000 00:00 0                          [vvar]
7ffc005ef000-7ffc005f1000 r-xp 00000000 00:00 0                          [vdso]
ffffffffff600000-ffffffffff601000 r-xp 00000000 00:00 0                  [vsyscall]

VM Arguments:
jvm_args: -Djava.awt.headless=true -Xmx1024M -Dfile.encoding=UTF-8 -Duser.country=BR -Duser.language=pt -Duser.variant 
java_command: com.android.dx.command.Main --dex --num-threads=4 --multi-dex --main-dex-list /home/luan/AndroidStudioProjects/BioB/app/build/intermediates/multi-dex/debug/maindexlist.txt --output /home/luan/AndroidStudioProjects/BioB/app/build/intermediates/transforms/dex/debug/folders/1000/1f/main /home/luan/AndroidStudioProjects/BioB/app/build/intermediates/transforms/jarMerging/debug/jars/1/1f/combined.jar
Launcher Type: SUN_STANDARD

Environment Variables:
PATH=/usr/local/sbin:/usr/local/bin:/usr/sbin:/usr/bin:/sbin:/bin:/usr/games:/usr/local/games
USERNAME=luan
LD_LIBRARY_PATH=/opt/android-studio/bin:
SHELL=/bin/bash
DISPLAY=:0

Signal Handlers:
SIGSEGV: [libjvm.so+0x9561e0], sa_mask[0]=0x7ffbfeff, sa_flags=0x10000004
SIGBUS: [libjvm.so+0x9561e0], sa_mask[0]=0x7ffbfeff, sa_flags=0x10000004
SIGFPE: [libjvm.so+0x7cc4d0], sa_mask[0]=0x7ffbfeff, sa_flags=0x10000004
SIGPIPE: [libjvm.so+0x7cc4d0], sa_mask[0]=0x7ffbfeff, sa_flags=0x10000004
SIGXFSZ: [libjvm.so+0x7cc4d0], sa_mask[0]=0x7ffbfeff, sa_flags=0x10000004
SIGILL: [libjvm.so+0x7cc4d0], sa_mask[0]=0x7ffbfeff, sa_flags=0x10000004
SIGUSR1: SIG_DFL, sa_mask[0]=0x00000000, sa_flags=0x00000000
SIGUSR2: [libjvm.so+0x7cc370], sa_mask[0]=0x00000004, sa_flags=0x10000004
SIGHUP: [libjvm.so+0x7cc550], sa_mask[0]=0x7ffbfeff, sa_flags=0x10000004
SIGINT: [libjvm.so+0x7cc550], sa_mask[0]=0x7ffbfeff, sa_flags=0x10000004
SIGTERM: [libjvm.so+0x7cc550], sa_mask[0]=0x7ffbfeff, sa_flags=0x10000004
SIGQUIT: [libjvm.so+0x7cc550], sa_mask[0]=0x7ffbfeff, sa_flags=0x10000004
SIGTRAP: SIG_DFL, sa_mask[0]=0x00000000, sa_flags=0x00000000


---------------  S Y S T E M  ---------------

OS:LinuxMint 17.3 (rosa)
uname:Linux 3.19.0-32-generic #37~14.04.1-Ubuntu SMP Thu Oct 22 09:41:40 UTC 2015 x86_64
libc:glibc 2.19 NPTL 2.19 
rlimit: STACK 8192k, CORE 0k, NPROC 15302, NOFILE 4096, AS infinity
load average:3,14 4,20 2,62

/proc/meminfo:
MemTotal:        3949536 kB
MemFree:          109696 kB
MemAvailable:      78632 kB
Buffers:            4772 kB
Cached:           335588 kB
SwapCached:            0 kB
Active:          3411512 kB
Inactive:         289848 kB
Active(anon):    3374240 kB
Inactive(anon):   254660 kB
Active(file):      37272 kB
Inactive(file):    35188 kB
Unevictable:          40 kB
Mlocked:              40 kB
SwapTotal:             0 kB
SwapFree:              0 kB
Dirty:                44 kB
Writeback:             0 kB
AnonPages:       3361036 kB
Mapped:           125876 kB
Shmem:            267904 kB
Slab:              64164 kB
SReclaimable:      34348 kB
SUnreclaim:        29816 kB
KernelStack:        9504 kB
PageTables:        31272 kB
NFS_Unstable:          0 kB
Bounce:                0 kB
WritebackTmp:          0 kB
CommitLimit:     1974768 kB
Committed_AS:    6398616 kB
VmallocTotal:   34359738367 kB
VmallocUsed:      347860 kB
VmallocChunk:   34359361884 kB
HardwareCorrupted:     0 kB
AnonHugePages:   2314240 kB
CmaTotal:              0 kB
CmaFree:               0 kB
HugePages_Total:       0
HugePages_Free:        0
HugePages_Rsvd:        0
HugePages_Surp:        0
Hugepagesize:       2048 kB
DirectMap4k:      125512 kB
DirectMap2M:     2922496 kB
DirectMap1G:     1048576 kB


CPU:total 4 (2 cores per cpu, 2 threads per core) family 6 model 69 stepping 1, cmov, cx8, fxsr, mmx, sse, sse2, sse3, ssse3, sse4.1, sse4.2, popcnt, avx, avx2, aes, erms, ht, tsc, tscinvbit

/proc/cpuinfo:
processor	: 0
vendor_id	: GenuineIntel
cpu family	: 6
model		: 69
model name	: Intel(R) Core(TM) i5-4210U CPU @ 1.70GHz
stepping	: 1
microcode	: 0x1c
cpu MHz		: 1093.910
cache size	: 3072 KB
physical id	: 0
siblings	: 4
core id		: 0
cpu cores	: 2
apicid		: 0
initial apicid	: 0
fpu		: yes
fpu_exception	: yes
cpuid level	: 13
wp		: yes
flags		: fpu vme de pse tsc msr pae mce cx8 apic sep mtrr pge mca cmov pat pse36 clflush dts acpi mmx fxsr sse sse2 ss ht tm pbe syscall nx pdpe1gb rdtscp lm constant_tsc arch_perfmon pebs bts rep_good nopl xtopology nonstop_tsc aperfmperf eagerfpu pni pclmulqdq dtes64 monitor ds_cpl vmx est tm2 ssse3 fma cx16 xtpr pdcm pcid sse4_1 sse4_2 movbe popcnt tsc_deadline_timer aes xsave avx f16c rdrand lahf_lm abm ida arat epb pln pts dtherm tpr_shadow vnmi flexpriority ept vpid fsgsbase tsc_adjust bmi1 avx2 smep bmi2 erms invpcid xsaveopt
bugs		:
bogomips	: 3392.45
clflush size	: 64
cache_alignment	: 64
address sizes	: 39 bits physical, 48 bits virtual
power management:

processor	: 1
vendor_id	: GenuineIntel
cpu family	: 6
model		: 69
model name	: Intel(R) Core(TM) i5-4210U CPU @ 1.70GHz
stepping	: 1
microcode	: 0x1c
cpu MHz		: 1099.687
cache size	: 3072 KB
physical id	: 0
siblings	: 4
core id		: 1
cpu cores	: 2
apicid		: 2
initial apicid	: 2
fpu		: yes
fpu_exception	: yes
cpuid level	: 13
wp		: yes
flags		: fpu vme de pse tsc msr pae mce cx8 apic sep mtrr pge mca cmov pat pse36 clflush dts acpi mmx fxsr sse sse2 ss ht tm pbe syscall nx pdpe1gb rdtscp lm constant_tsc arch_perfmon pebs bts rep_good nopl xtopology nonstop_tsc aperfmperf eagerfpu pni pclmulqdq dtes64 monitor ds_cpl vmx est tm2 ssse3 fma cx16 xtpr pdcm pcid sse4_1 sse4_2 movbe popcnt tsc_deadline_timer aes xsave avx f16c rdrand lahf_lm abm ida arat epb pln pts dtherm tpr_shadow vnmi flexpriority ept vpid fsgsbase tsc_adjust bmi1 avx2 smep bmi2 erms invpcid xsaveopt
bugs		:
bogomips	: 3392.45
clflush size	: 64
cache_alignment	: 64
address sizes	: 39 bits physical, 48 bits virtual
power management:

processor	: 2
vendor_id	: GenuineIntel
cpu family	: 6
model		: 69
model name	: Intel(R) Core(TM) i5-4210U CPU @ 1.70GHz
stepping	: 1
microcode	: 0x1c
cpu MHz		: 1390.812
cache size	: 3072 KB
physical id	: 0
siblings	: 4
core id		: 0
cpu cores	: 2
apicid		: 1
initial apicid	: 1
fpu		: yes
fpu_exception	: yes
cpuid level	: 13
wp		: yes
flags		: fpu vme de pse tsc msr pae mce cx8 apic sep mtrr pge mca cmov pat pse36 clflush dts acpi mmx fxsr sse sse2 ss ht tm pbe syscall nx pdpe1gb rdtscp lm constant_tsc arch_perfmon pebs bts rep_good nopl xtopology nonstop_tsc aperfmperf eagerfpu pni pclmulqdq dtes64 monitor ds_cpl vmx est tm2 ssse3 fma cx16 xtpr pdcm pcid sse4_1 sse4_2 movbe popcnt tsc_deadline_timer aes xsave avx f16c rdrand lahf_lm abm ida arat epb pln pts dtherm tpr_shadow vnmi flexpriority ept vpid fsgsbase tsc_adjust bmi1 avx2 smep bmi2 erms invpcid xsaveopt
bugs		:
bogomips	: 3392.45
clflush size	: 64
cache_alignment	: 64
address sizes	: 39 bits physical, 48 bits virtual
power management:

processor	: 3
vendor_id	: GenuineIntel
cpu family	: 6
model		: 69
model name	: Intel(R) Core(TM) i5-4210U CPU @ 1.70GHz
stepping	: 1
microcode	: 0x1c
cpu MHz		: 1259.460
cache size	: 3072 KB
physical id	: 0
siblings	: 4
core id		: 1
cpu cores	: 2
apicid		: 3
initial apicid	: 3
fpu		: yes
fpu_exception	: yes
cpuid level	: 13
wp		: yes
flags		: fpu vme de pse tsc msr pae mce cx8 apic sep mtrr pge mca cmov pat pse36 clflush dts acpi mmx fxsr sse sse2 ss ht tm pbe syscall nx pdpe1gb rdtscp lm constant_tsc arch_perfmon pebs bts rep_good nopl xtopology nonstop_tsc aperfmperf eagerfpu pni pclmulqdq dtes64 monitor ds_cpl vmx est tm2 ssse3 fma cx16 xtpr pdcm pcid sse4_1 sse4_2 movbe popcnt tsc_deadline_timer aes xsave avx f16c rdrand lahf_lm abm ida arat epb pln pts dtherm tpr_shadow vnmi flexpriority ept vpid fsgsbase tsc_adjust bmi1 avx2 smep bmi2 erms invpcid xsaveopt
bugs		:
bogomips	: 3392.45
clflush size	: 64
cache_alignment	: 64
address sizes	: 39 bits physical, 48 bits virtual
power management:



Memory: 4k page, physical 3949536k(109696k free), swap 0k(0k free)

vm_info: OpenJDK 64-Bit Server VM (24.95-b01) for linux-amd64 JRE (1.7.0_101-b00), built on Apr 24 2016 20:39:29 by "buildd" with gcc 4.8.2

time: Sun Oct 23 19:44:48 2016
elapsed time: 19 seconds

